--2024-02-26 18:19:13--  https://curl.se/download/curl-8.5.0.tar.gz
Resolving curl.se (curl.se)... 151.101.129.91, 151.101.193.91, 151.101.1.91, ...
Connecting to curl.se (curl.se)|151.101.129.91|:443... connected.
HTTP request sent, awaiting response... 200 OK
Length: 4372979 (4.2M) [application/x-gzip]
Saving to: 'curl-8.5.0.tar.gz'

     0K .......... .......... .......... .......... ..........  1% 1.24M 3s
    50K .......... .......... .......... .......... ..........  2% 4.93M 2s
   100K .......... .......... .......... .......... ..........  3% 2.16M 2s
   150K .......... .......... .......... .......... ..........  4% 6.94M 2s
   200K .......... .......... .......... .......... ..........  5% 8.48M 1s
   250K .......... .......... .......... .......... ..........  7% 2.85M 1s
   300K .......... .......... .......... .......... ..........  8% 12.7M 1s
   350K .......... .......... .......... .......... ..........  9% 12.4M 1s
   400K .......... .......... .......... .......... .......... 10% 11.5M 1s
   450K .......... .......... .......... .......... .......... 11% 7.53M 1s
   500K .......... .......... .......... .......... .......... 12% 3.23M 1s
   550K .......... .......... .......... .......... .......... 14% 12.5M 1s
   600K .......... .......... .......... .......... .......... 15% 12.5M 1s
   650K .......... .......... .......... .......... .......... 16% 12.5M 1s
   700K .......... .......... .......... .......... .......... 17% 8.26M 1s
   750K .......... .......... .......... .......... .......... 18% 2.91M 1s
   800K .......... .......... .......... .......... .......... 19% 15.3M 1s
   850K .......... .......... .......... .......... .......... 21% 9.97M 1s
   900K .......... .......... .......... .......... .......... 22% 15.2M 1s
   950K .......... .......... .......... .......... .......... 23% 13.7M 1s
  1000K .......... .......... .......... .......... .......... 24% 60.3M 1s
  1050K .......... .......... .......... .......... .......... 25% 58.7M 1s
  1100K .......... .......... .......... .......... .......... 26% 57.3M 1s
  1150K .......... .......... .......... .......... .......... 28% 25.7M 0s
  1200K .......... .......... .......... .......... .......... 29% 4.51M 0s
  1250K .......... .......... .......... .......... .......... 30% 25.4M 0s
  1300K .......... .......... .......... .......... .......... 31% 12.8M 0s
  1350K .......... .......... .......... .......... .......... 32% 28.7M 0s
  1400K .......... .......... .......... .......... .......... 33% 58.4M 0s
  1450K .......... .......... .......... .......... .......... 35% 29.7M 0s
  1500K .......... .......... .......... .......... .......... 36% 35.6M 0s
  1550K .......... .......... .......... .......... .......... 37% 29.9M 0s
  1600K .......... .......... .......... .......... .......... 38% 29.2M 0s
  1650K .......... .......... .......... .......... .......... 39% 44.9M 0s
  1700K .......... .......... .......... .......... .......... 40% 25.4M 0s
  1750K .......... .......... .......... .......... .......... 42% 35.8M 0s
  1800K .......... .......... .......... .......... .......... 43% 21.0M 0s
  1850K .......... .......... .......... .......... .......... 44% 34.3M 0s
  1900K .......... .......... .......... .......... .......... 45% 33.1M 0s
  1950K .......... .......... .......... .......... .......... 46% 35.4M 0s
  2000K .......... .......... .......... .......... .......... 48% 38.3M 0s
  2050K .......... .......... .......... .......... .......... 49% 33.8M 0s
  2100K .......... .......... .......... .......... .......... 50% 29.7M 0s
  2150K .......... .......... .......... .......... .......... 51% 40.6M 0s
  2200K .......... .......... .......... .......... .......... 52% 26.0M 0s
  2250K .......... .......... .......... .......... .......... 53% 31.7M 0s
  2300K .......... .......... .......... .......... .......... 55% 24.4M 0s
  2350K .......... .......... .......... .......... .......... 56%  102M 0s
  2400K .......... .......... .......... .......... .......... 57% 40.9M 0s
  2450K .......... .......... .......... .......... .......... 58% 30.4M 0s
  2500K .......... .......... .......... .......... .......... 59% 22.0M 0s
  2550K .......... .......... .......... .......... .......... 60% 39.9M 0s
  2600K .......... .......... .......... .......... .......... 62% 23.5M 0s
  2650K .......... .......... .......... .......... .......... 63% 47.5M 0s
  2700K .......... .......... .......... .......... .......... 64% 28.2M 0s
  2750K .......... .......... .......... .......... .......... 65% 29.6M 0s
  2800K .......... .......... .......... .......... .......... 66% 27.4M 0s
  2850K .......... .......... .......... .......... .......... 67% 27.4M 0s
  2900K .......... .......... .......... .......... .......... 69% 23.9M 0s
  2950K .......... .......... .......... .......... .......... 70% 36.2M 0s
  3000K .......... .......... .......... .......... .......... 71% 35.0M 0s
  3050K .......... .......... .......... .......... .......... 72% 32.2M 0s
  3100K .......... .......... .......... .......... .......... 73% 32.7M 0s
  3150K .......... .......... .......... .......... .......... 74% 31.7M 0s
  3200K .......... .......... .......... .......... .......... 76% 36.4M 0s
  3250K .......... .......... .......... .......... .......... 77% 38.4M 0s
  3300K .......... .......... .......... .......... .......... 78% 46.5M 0s
  3350K .......... .......... .......... .......... .......... 79% 41.9M 0s
  3400K .......... .......... .......... .......... .......... 80% 41.4M 0s
  3450K .......... .......... .......... .......... .......... 81% 22.2M 0s
  3500K .......... .......... .......... .......... .......... 83% 36.5M 0s
  3550K .......... .......... .......... .......... .......... 84% 35.4M 0s
  3600K .......... .......... .......... .......... .......... 85% 37.7M 0s
  3650K .......... .......... .......... .......... .......... 86% 36.6M 0s
  3700K .......... .......... .......... .......... .......... 87% 36.5M 0s
  3750K .......... .......... .......... .......... .......... 88% 39.9M 0s
  3800K .......... .......... .......... .......... .......... 90% 33.8M 0s
  3850K .......... .......... .......... .......... .......... 91% 32.3M 0s
  3900K .......... .......... .......... .......... .......... 92% 41.1M 0s
  3950K .......... .......... .......... .......... .......... 93% 32.9M 0s
  4000K .......... .......... .......... .......... .......... 94% 27.7M 0s
  4050K .......... .......... .......... .......... .......... 96% 39.8M 0s
  4100K .......... .......... .......... .......... .......... 97% 26.8M 0s
  4150K .......... .......... .......... .......... .......... 98% 19.5M 0s
  4200K .......... .......... .......... .......... .......... 99%  119M 0s
  4250K .......... ..........                                 100%  203M=0.3s

2024-02-26 18:19:13 (14.3 MB/s) - 'curl-8.5.0.tar.gz' saved [4372979/4372979]

