Making install in lib
make[1]: Entering directory '/deps/curl-8.5.0/lib'
make[2]: Entering directory '/deps/curl-8.5.0/lib'
make[2]: Nothing to be done for 'install-data-am'.
 /usr/bin/mkdir -p '/deps/curl/lib'
 /bin/bash ../libtool   --mode=install /usr/bin/install -c   libcurl.la '/deps/curl/lib'
libtool: install: /usr/bin/install -c .libs/libcurl.lai /deps/curl/lib/libcurl.la
libtool: install: /usr/bin/install -c .libs/libcurl.a /deps/curl/lib/libcurl.a
libtool: install: chmod 644 /deps/curl/lib/libcurl.a
libtool: install: ranlib /deps/curl/lib/libcurl.a
libtool: finish: PATH="/usr/local/sbin:/usr/local/bin:/usr/sbin:/usr/bin:/sbin:/bin:/sbin" ldconfig -n /deps/curl/lib
----------------------------------------------------------------------
Libraries have been installed in:
   /deps/curl/lib

If you ever happen to want to link against installed libraries
in a given directory, LIBDIR, you must either use libtool, and
specify the full pathname of the library, or use the '-LLIBDIR'
flag during linking and do at least one of the following:
   - add LIBDIR to the 'LD_LIBRARY_PATH' environment variable
     during execution
   - add LIBDIR to the 'LD_RUN_PATH' environment variable
     during linking
   - use the '-Wl,-rpath -Wl,LIBDIR' linker flag
   - have your system administrator add LIBDIR to '/etc/ld.so.conf'

See any operating system documentation about shared libraries for
more information, such as the ld(1) and ld.so(8) manual pages.
----------------------------------------------------------------------
make[2]: Leaving directory '/deps/curl-8.5.0/lib'
make[1]: Leaving directory '/deps/curl-8.5.0/lib'
Making install in src
make[1]: Entering directory '/deps/curl-8.5.0/src'
Making install in ../docs
make[2]: Entering directory '/deps/curl-8.5.0/docs'
Making install in .
make[3]: Entering directory '/deps/curl-8.5.0/docs'
make[4]: Entering directory '/deps/curl-8.5.0/docs'
make[4]: Nothing to be done for 'install-exec-am'.
 /usr/bin/mkdir -p '/deps/curl/share/man/man1'
 /usr/bin/install -c -m 644 curl-config.1 /deps/curl-8.5.0/docs/curl.1 '/deps/curl/share/man/man1'
make[4]: Leaving directory '/deps/curl-8.5.0/docs'
make[3]: Leaving directory '/deps/curl-8.5.0/docs'
Making install in cmdline-opts
make[3]: Entering directory '/deps/curl-8.5.0/docs/cmdline-opts'
make[4]: Entering directory '/deps/curl-8.5.0/docs/cmdline-opts'
make[4]: Nothing to be done for 'install-exec-am'.
make[4]: Nothing to be done for 'install-data-am'.
make[4]: Leaving directory '/deps/curl-8.5.0/docs/cmdline-opts'
make[3]: Leaving directory '/deps/curl-8.5.0/docs/cmdline-opts'
make[2]: Leaving directory '/deps/curl-8.5.0/docs'
make[2]: Entering directory '/deps/curl-8.5.0/src'
make[3]: Entering directory '/deps/curl-8.5.0/src'
make[3]: Nothing to be done for 'install-data-am'.
 /usr/bin/mkdir -p '/deps/curl/bin'
  /bin/bash ../libtool   --mode=install /usr/bin/install -c curl '/deps/curl/bin'
libtool: install: /usr/bin/install -c curl /deps/curl/bin/curl
make[3]: Leaving directory '/deps/curl-8.5.0/src'
make[2]: Leaving directory '/deps/curl-8.5.0/src'
make[1]: Leaving directory '/deps/curl-8.5.0/src'
make[1]: Entering directory '/deps/curl-8.5.0'
make[2]: Entering directory '/deps/curl-8.5.0'
 /usr/bin/mkdir -p '/deps/curl/bin'
 /usr/bin/mkdir -p '/deps/curl/lib/pkgconfig'
 /usr/bin/install -c curl-config '/deps/curl/bin'
 /usr/bin/install -c -m 644 libcurl.pc '/deps/curl/lib/pkgconfig'
make  install-data-hook
make[3]: Entering directory '/deps/curl-8.5.0'
(cd include && make install)
make[4]: Entering directory '/deps/curl-8.5.0/include'
Making install in curl
make[5]: Entering directory '/deps/curl-8.5.0/include/curl'
make[6]: Entering directory '/deps/curl-8.5.0/include/curl'
make[6]: Nothing to be done for 'install-exec-am'.
 /usr/bin/mkdir -p '/deps/curl/include/curl'
 /usr/bin/install -c -m 644 curl.h curlver.h easy.h mprintf.h stdcheaders.h multi.h typecheck-gcc.h system.h urlapi.h options.h header.h websockets.h '/deps/curl/include/curl'
make[6]: Leaving directory '/deps/curl-8.5.0/include/curl'
make[5]: Leaving directory '/deps/curl-8.5.0/include/curl'
make[5]: Entering directory '/deps/curl-8.5.0/include'
make[6]: Entering directory '/deps/curl-8.5.0/include'
make[6]: Nothing to be done for 'install-exec-am'.
make[6]: Nothing to be done for 'install-data-am'.
make[6]: Leaving directory '/deps/curl-8.5.0/include'
make[5]: Leaving directory '/deps/curl-8.5.0/include'
make[4]: Leaving directory '/deps/curl-8.5.0/include'
(cd docs && make install)
make[4]: Entering directory '/deps/curl-8.5.0/docs'
Making install in .
make[5]: Entering directory '/deps/curl-8.5.0/docs'
make[6]: Entering directory '/deps/curl-8.5.0/docs'
make[6]: Nothing to be done for 'install-exec-am'.
 /usr/bin/mkdir -p '/deps/curl/share/man/man1'
 /usr/bin/install -c -m 644 curl-config.1 /deps/curl-8.5.0/docs/curl.1 '/deps/curl/share/man/man1'
make[6]: Leaving directory '/deps/curl-8.5.0/docs'
make[5]: Leaving directory '/deps/curl-8.5.0/docs'
Making install in cmdline-opts
make[5]: Entering directory '/deps/curl-8.5.0/docs/cmdline-opts'
make[6]: Entering directory '/deps/curl-8.5.0/docs/cmdline-opts'
make[6]: Nothing to be done for 'install-exec-am'.
make[6]: Nothing to be done for 'install-data-am'.
make[6]: Leaving directory '/deps/curl-8.5.0/docs/cmdline-opts'
make[5]: Leaving directory '/deps/curl-8.5.0/docs/cmdline-opts'
make[4]: Leaving directory '/deps/curl-8.5.0/docs'
(cd docs/libcurl && make install)
make[4]: Entering directory '/deps/curl-8.5.0/docs/libcurl'
Making install in opts
make[5]: Entering directory '/deps/curl-8.5.0/docs/libcurl/opts'
make[6]: Entering directory '/deps/curl-8.5.0/docs/libcurl/opts'
make[6]: Nothing to be done for 'install-exec-am'.
 /usr/bin/mkdir -p '/deps/curl/share/man/man3'
 /usr/bin/install -c -m 644 CURLINFO_ACTIVESOCKET.3 CURLINFO_APPCONNECT_TIME.3 CURLINFO_APPCONNECT_TIME_T.3 CURLINFO_CAINFO.3 CURLINFO_CAPATH.3 CURLINFO_CERTINFO.3 CURLINFO_CONDITION_UNMET.3 CURLINFO_CONNECT_TIME.3 CURLINFO_CONNECT_TIME_T.3 CURLINFO_CONN_ID.3 CURLINFO_CONTENT_LENGTH_DOWNLOAD.3 CURLINFO_CONTENT_LENGTH_DOWNLOAD_T.3 CURLINFO_CONTENT_LENGTH_UPLOAD.3 CURLINFO_CONTENT_LENGTH_UPLOAD_T.3 CURLINFO_CONTENT_TYPE.3 CURLINFO_COOKIELIST.3 CURLINFO_EFFECTIVE_METHOD.3 CURLINFO_EFFECTIVE_URL.3 CURLINFO_FILETIME.3 CURLINFO_FILETIME_T.3 CURLINFO_FTP_ENTRY_PATH.3 CURLINFO_HEADER_SIZE.3 CURLINFO_HTTP_CONNECTCODE.3 CURLINFO_HTTP_VERSION.3 CURLINFO_HTTPAUTH_AVAIL.3 CURLINFO_LASTSOCKET.3 CURLINFO_LOCAL_IP.3 CURLINFO_LOCAL_PORT.3 CURLINFO_NAMELOOKUP_TIME.3 CURLINFO_NAMELOOKUP_TIME_T.3 CURLINFO_NUM_CONNECTS.3 CURLINFO_OS_ERRNO.3 CURLINFO_PRETRANSFER_TIME.3 CURLINFO_PRETRANSFER_TIME_T.3 CURLINFO_PRIMARY_IP.3 CURLINFO_PRIMARY_PORT.3 CURLINFO_PRIVATE.3 CURLINFO_PROTOCOL.3 CURLINFO_PROXY_ERROR.3 CURLINFO_PROXY_SSL_VERIFYRESULT.3 '/deps/curl/share/man/man3'
 /usr/bin/install -c -m 644 CURLINFO_PROXYAUTH_AVAIL.3 CURLINFO_REDIRECT_COUNT.3 CURLINFO_REDIRECT_TIME.3 CURLINFO_REDIRECT_TIME_T.3 CURLINFO_REDIRECT_URL.3 CURLINFO_REFERER.3 CURLINFO_REQUEST_SIZE.3 CURLINFO_RESPONSE_CODE.3 CURLINFO_RETRY_AFTER.3 CURLINFO_RTSP_CLIENT_CSEQ.3 CURLINFO_RTSP_CSEQ_RECV.3 CURLINFO_RTSP_SERVER_CSEQ.3 CURLINFO_RTSP_SESSION_ID.3 CURLINFO_SCHEME.3 CURLINFO_SIZE_DOWNLOAD.3 CURLINFO_SIZE_DOWNLOAD_T.3 CURLINFO_SIZE_UPLOAD.3 CURLINFO_SIZE_UPLOAD_T.3 CURLINFO_SPEED_DOWNLOAD.3 CURLINFO_SPEED_DOWNLOAD_T.3 CURLINFO_SPEED_UPLOAD.3 CURLINFO_SPEED_UPLOAD_T.3 CURLINFO_SSL_ENGINES.3 CURLINFO_SSL_VERIFYRESULT.3 CURLINFO_STARTTRANSFER_TIME.3 CURLINFO_STARTTRANSFER_TIME_T.3 CURLINFO_TLS_SESSION.3 CURLINFO_TLS_SSL_PTR.3 CURLINFO_TOTAL_TIME.3 CURLINFO_TOTAL_TIME_T.3 CURLINFO_XFER_ID.3 CURLMOPT_CHUNK_LENGTH_PENALTY_SIZE.3 CURLMOPT_CONTENT_LENGTH_PENALTY_SIZE.3 CURLMOPT_MAX_CONCURRENT_STREAMS.3 CURLMOPT_MAX_HOST_CONNECTIONS.3 CURLMOPT_MAX_PIPELINE_LENGTH.3 CURLMOPT_MAX_TOTAL_CONNECTIONS.3 CURLMOPT_MAXCONNECTS.3 CURLMOPT_PIPELINING.3 CURLMOPT_PIPELINING_SERVER_BL.3 '/deps/curl/share/man/man3'
 /usr/bin/install -c -m 644 CURLMOPT_PIPELINING_SITE_BL.3 CURLMOPT_PUSHDATA.3 CURLMOPT_PUSHFUNCTION.3 CURLMOPT_SOCKETDATA.3 CURLMOPT_SOCKETFUNCTION.3 CURLMOPT_TIMERDATA.3 CURLMOPT_TIMERFUNCTION.3 CURLOPT_ABSTRACT_UNIX_SOCKET.3 CURLOPT_ACCEPT_ENCODING.3 CURLOPT_ACCEPTTIMEOUT_MS.3 CURLOPT_ADDRESS_SCOPE.3 CURLOPT_ALTSVC.3 CURLOPT_ALTSVC_CTRL.3 CURLOPT_APPEND.3 CURLOPT_AUTOREFERER.3 CURLOPT_AWS_SIGV4.3 CURLOPT_BUFFERSIZE.3 CURLOPT_CAINFO.3 CURLOPT_CAINFO_BLOB.3 CURLOPT_CAPATH.3 CURLOPT_CA_CACHE_TIMEOUT.3 CURLOPT_CERTINFO.3 CURLOPT_CHUNK_BGN_FUNCTION.3 CURLOPT_CHUNK_DATA.3 CURLOPT_CHUNK_END_FUNCTION.3 CURLOPT_CLOSESOCKETDATA.3 CURLOPT_CLOSESOCKETFUNCTION.3 CURLOPT_CONNECT_ONLY.3 CURLOPT_CONNECT_TO.3 CURLOPT_CONNECTTIMEOUT.3 CURLOPT_CONNECTTIMEOUT_MS.3 CURLOPT_CONV_FROM_NETWORK_FUNCTION.3 CURLOPT_CONV_FROM_UTF8_FUNCTION.3 CURLOPT_CONV_TO_NETWORK_FUNCTION.3 CURLOPT_COOKIE.3 CURLOPT_COOKIEFILE.3 CURLOPT_COOKIEJAR.3 CURLOPT_COOKIELIST.3 CURLOPT_COOKIESESSION.3 CURLOPT_COPYPOSTFIELDS.3 '/deps/curl/share/man/man3'
 /usr/bin/install -c -m 644 CURLOPT_CRLF.3 CURLOPT_CRLFILE.3 CURLOPT_CURLU.3 CURLOPT_CUSTOMREQUEST.3 CURLOPT_DEBUGDATA.3 CURLOPT_DEBUGFUNCTION.3 CURLOPT_DEFAULT_PROTOCOL.3 CURLOPT_DIRLISTONLY.3 CURLOPT_DISALLOW_USERNAME_IN_URL.3 CURLOPT_DNS_CACHE_TIMEOUT.3 CURLOPT_DNS_INTERFACE.3 CURLOPT_DNS_LOCAL_IP4.3 CURLOPT_DNS_LOCAL_IP6.3 CURLOPT_DNS_SERVERS.3 CURLOPT_DNS_SHUFFLE_ADDRESSES.3 CURLOPT_DNS_USE_GLOBAL_CACHE.3 CURLOPT_DOH_SSL_VERIFYHOST.3 CURLOPT_DOH_SSL_VERIFYPEER.3 CURLOPT_DOH_SSL_VERIFYSTATUS.3 CURLOPT_DOH_URL.3 CURLOPT_EGDSOCKET.3 CURLOPT_ERRORBUFFER.3 CURLOPT_EXPECT_100_TIMEOUT_MS.3 CURLOPT_FAILONERROR.3 CURLOPT_FILETIME.3 CURLOPT_FNMATCH_DATA.3 CURLOPT_FNMATCH_FUNCTION.3 CURLOPT_FOLLOWLOCATION.3 CURLOPT_FORBID_REUSE.3 CURLOPT_FRESH_CONNECT.3 CURLOPT_FTP_ACCOUNT.3 CURLOPT_FTP_ALTERNATIVE_TO_USER.3 CURLOPT_FTP_CREATE_MISSING_DIRS.3 CURLOPT_FTP_FILEMETHOD.3 CURLOPT_FTP_SKIP_PASV_IP.3 CURLOPT_FTP_SSL_CCC.3 CURLOPT_FTP_USE_EPRT.3 CURLOPT_FTP_USE_EPSV.3 CURLOPT_FTP_USE_PRET.3 CURLOPT_FTPPORT.3 '/deps/curl/share/man/man3'
 /usr/bin/install -c -m 644 CURLOPT_FTPSSLAUTH.3 CURLOPT_GSSAPI_DELEGATION.3 CURLOPT_HAPPY_EYEBALLS_TIMEOUT_MS.3 CURLOPT_HAPROXYPROTOCOL.3 CURLOPT_HAPROXY_CLIENT_IP.3 CURLOPT_HEADER.3 CURLOPT_HEADERDATA.3 CURLOPT_HEADERFUNCTION.3 CURLOPT_HEADEROPT.3 CURLOPT_HSTS.3 CURLOPT_HSTS_CTRL.3 CURLOPT_HSTSREADDATA.3 CURLOPT_HSTSREADFUNCTION.3 CURLOPT_HSTSWRITEDATA.3 CURLOPT_HSTSWRITEFUNCTION.3 CURLOPT_HTTP09_ALLOWED.3 CURLOPT_HTTP200ALIASES.3 CURLOPT_HTTP_CONTENT_DECODING.3 CURLOPT_HTTP_TRANSFER_DECODING.3 CURLOPT_HTTP_VERSION.3 CURLOPT_HTTPAUTH.3 CURLOPT_HTTPGET.3 CURLOPT_HTTPHEADER.3 CURLOPT_HTTPPOST.3 CURLOPT_HTTPPROXYTUNNEL.3 CURLOPT_IGNORE_CONTENT_LENGTH.3 CURLOPT_INFILESIZE.3 CURLOPT_INFILESIZE_LARGE.3 CURLOPT_INTERFACE.3 CURLOPT_INTERLEAVEDATA.3 CURLOPT_INTERLEAVEFUNCTION.3 CURLOPT_IOCTLDATA.3 CURLOPT_IOCTLFUNCTION.3 CURLOPT_IPRESOLVE.3 CURLOPT_ISSUERCERT.3 CURLOPT_ISSUERCERT_BLOB.3 CURLOPT_KEEP_SENDING_ON_ERROR.3 CURLOPT_KEYPASSWD.3 CURLOPT_KRBLEVEL.3 CURLOPT_LOCALPORT.3 '/deps/curl/share/man/man3'
 /usr/bin/install -c -m 644 CURLOPT_LOCALPORTRANGE.3 CURLOPT_LOGIN_OPTIONS.3 CURLOPT_LOW_SPEED_LIMIT.3 CURLOPT_LOW_SPEED_TIME.3 CURLOPT_MAIL_AUTH.3 CURLOPT_MAIL_FROM.3 CURLOPT_MAIL_RCPT.3 CURLOPT_MAIL_RCPT_ALLOWFAILS.3 CURLOPT_MAX_RECV_SPEED_LARGE.3 CURLOPT_MAX_SEND_SPEED_LARGE.3 CURLOPT_MAXAGE_CONN.3 CURLOPT_MAXCONNECTS.3 CURLOPT_MAXFILESIZE.3 CURLOPT_MAXFILESIZE_LARGE.3 CURLOPT_MAXLIFETIME_CONN.3 CURLOPT_MAXREDIRS.3 CURLOPT_MIME_OPTIONS.3 CURLOPT_MIMEPOST.3 CURLOPT_NETRC.3 CURLOPT_NETRC_FILE.3 CURLOPT_NEW_DIRECTORY_PERMS.3 CURLOPT_NEW_FILE_PERMS.3 CURLOPT_NOBODY.3 CURLOPT_NOPROGRESS.3 CURLOPT_NOPROXY.3 CURLOPT_NOSIGNAL.3 CURLOPT_OPENSOCKETDATA.3 CURLOPT_OPENSOCKETFUNCTION.3 CURLOPT_PASSWORD.3 CURLOPT_PATH_AS_IS.3 CURLOPT_PINNEDPUBLICKEY.3 CURLOPT_PIPEWAIT.3 CURLOPT_PORT.3 CURLOPT_POST.3 CURLOPT_POSTFIELDS.3 CURLOPT_POSTFIELDSIZE.3 CURLOPT_POSTFIELDSIZE_LARGE.3 CURLOPT_POSTQUOTE.3 CURLOPT_POSTREDIR.3 CURLOPT_PRE_PROXY.3 '/deps/curl/share/man/man3'
 /usr/bin/install -c -m 644 CURLOPT_PREQUOTE.3 CURLOPT_PREREQDATA.3 CURLOPT_PREREQFUNCTION.3 CURLOPT_PRIVATE.3 CURLOPT_PROGRESSDATA.3 CURLOPT_PROGRESSFUNCTION.3 CURLOPT_PROTOCOLS.3 CURLOPT_PROTOCOLS_STR.3 CURLOPT_PROXY.3 CURLOPT_PROXY_CAINFO.3 CURLOPT_PROXY_CAINFO_BLOB.3 CURLOPT_PROXY_CAPATH.3 CURLOPT_PROXY_CRLFILE.3 CURLOPT_PROXY_ISSUERCERT.3 CURLOPT_PROXY_ISSUERCERT_BLOB.3 CURLOPT_PROXY_KEYPASSWD.3 CURLOPT_PROXY_PINNEDPUBLICKEY.3 CURLOPT_PROXY_SERVICE_NAME.3 CURLOPT_PROXY_SSL_CIPHER_LIST.3 CURLOPT_PROXY_SSL_OPTIONS.3 CURLOPT_PROXY_SSL_VERIFYHOST.3 CURLOPT_PROXY_SSL_VERIFYPEER.3 CURLOPT_PROXY_SSLCERT.3 CURLOPT_PROXY_SSLCERT_BLOB.3 CURLOPT_PROXY_SSLCERTTYPE.3 CURLOPT_PROXY_SSLKEY.3 CURLOPT_PROXY_SSLKEY_BLOB.3 CURLOPT_PROXY_SSLKEYTYPE.3 CURLOPT_PROXY_SSLVERSION.3 CURLOPT_PROXY_TLS13_CIPHERS.3 CURLOPT_PROXY_TLSAUTH_PASSWORD.3 CURLOPT_PROXY_TLSAUTH_TYPE.3 CURLOPT_PROXY_TLSAUTH_USERNAME.3 CURLOPT_PROXY_TRANSFER_MODE.3 CURLOPT_PROXYAUTH.3 CURLOPT_PROXYHEADER.3 CURLOPT_PROXYPASSWORD.3 CURLOPT_PROXYPORT.3 CURLOPT_PROXYTYPE.3 CURLOPT_PROXYUSERNAME.3 '/deps/curl/share/man/man3'
 /usr/bin/install -c -m 644 CURLOPT_PROXYUSERPWD.3 CURLOPT_PUT.3 CURLOPT_QUICK_EXIT.3 CURLOPT_QUOTE.3 CURLOPT_RANDOM_FILE.3 CURLOPT_RANGE.3 CURLOPT_READDATA.3 CURLOPT_READFUNCTION.3 CURLOPT_REDIR_PROTOCOLS.3 CURLOPT_REDIR_PROTOCOLS_STR.3 CURLOPT_REFERER.3 CURLOPT_REQUEST_TARGET.3 CURLOPT_RESOLVE.3 CURLOPT_RESOLVER_START_DATA.3 CURLOPT_RESOLVER_START_FUNCTION.3 CURLOPT_RESUME_FROM.3 CURLOPT_RESUME_FROM_LARGE.3 CURLOPT_RTSP_CLIENT_CSEQ.3 CURLOPT_RTSP_REQUEST.3 CURLOPT_RTSP_SERVER_CSEQ.3 CURLOPT_RTSP_SESSION_ID.3 CURLOPT_RTSP_STREAM_URI.3 CURLOPT_RTSP_TRANSPORT.3 CURLOPT_SASL_AUTHZID.3 CURLOPT_SASL_IR.3 CURLOPT_SEEKDATA.3 CURLOPT_SEEKFUNCTION.3 CURLOPT_SERVER_RESPONSE_TIMEOUT.3 CURLOPT_SERVICE_NAME.3 CURLOPT_SHARE.3 CURLOPT_SOCKOPTDATA.3 CURLOPT_SOCKOPTFUNCTION.3 CURLOPT_SOCKS5_AUTH.3 CURLOPT_SOCKS5_GSSAPI_NEC.3 CURLOPT_SOCKS5_GSSAPI_SERVICE.3 CURLOPT_SSH_AUTH_TYPES.3 CURLOPT_SSH_COMPRESSION.3 CURLOPT_SSH_HOSTKEYDATA.3 CURLOPT_SSH_HOSTKEYFUNCTION.3 CURLOPT_SSH_HOST_PUBLIC_KEY_MD5.3 '/deps/curl/share/man/man3'
 /usr/bin/install -c -m 644 CURLOPT_SSH_HOST_PUBLIC_KEY_SHA256.3 CURLOPT_SSH_KEYDATA.3 CURLOPT_SSH_KEYFUNCTION.3 CURLOPT_SSH_KNOWNHOSTS.3 CURLOPT_SSH_PRIVATE_KEYFILE.3 CURLOPT_SSH_PUBLIC_KEYFILE.3 CURLOPT_SSL_CIPHER_LIST.3 CURLOPT_SSL_CTX_DATA.3 CURLOPT_SSL_CTX_FUNCTION.3 CURLOPT_SSL_EC_CURVES.3 CURLOPT_SSL_ENABLE_ALPN.3 CURLOPT_SSL_ENABLE_NPN.3 CURLOPT_SSL_FALSESTART.3 CURLOPT_SSL_OPTIONS.3 CURLOPT_SSL_SESSIONID_CACHE.3 CURLOPT_SSL_VERIFYHOST.3 CURLOPT_SSL_VERIFYPEER.3 CURLOPT_SSL_VERIFYSTATUS.3 CURLOPT_SSLCERT.3 CURLOPT_SSLCERT_BLOB.3 CURLOPT_SSLCERTTYPE.3 CURLOPT_SSLENGINE.3 CURLOPT_SSLENGINE_DEFAULT.3 CURLOPT_SSLKEY.3 CURLOPT_SSLKEY_BLOB.3 CURLOPT_SSLKEYTYPE.3 CURLOPT_SSLVERSION.3 CURLOPT_STDERR.3 CURLOPT_STREAM_DEPENDS.3 CURLOPT_STREAM_DEPENDS_E.3 CURLOPT_STREAM_WEIGHT.3 CURLOPT_SUPPRESS_CONNECT_HEADERS.3 CURLOPT_TCP_FASTOPEN.3 CURLOPT_TCP_KEEPALIVE.3 CURLOPT_TCP_KEEPIDLE.3 CURLOPT_TCP_KEEPINTVL.3 CURLOPT_TCP_NODELAY.3 CURLOPT_TELNETOPTIONS.3 CURLOPT_TFTP_BLKSIZE.3 CURLOPT_TFTP_NO_OPTIONS.3 '/deps/curl/share/man/man3'
 /usr/bin/install -c -m 644 CURLOPT_TIMECONDITION.3 CURLOPT_TIMEOUT.3 CURLOPT_TIMEOUT_MS.3 CURLOPT_TIMEVALUE.3 CURLOPT_TIMEVALUE_LARGE.3 CURLOPT_TLS13_CIPHERS.3 CURLOPT_TLSAUTH_PASSWORD.3 CURLOPT_TLSAUTH_TYPE.3 CURLOPT_TLSAUTH_USERNAME.3 CURLOPT_TRAILERDATA.3 CURLOPT_TRAILERFUNCTION.3 CURLOPT_TRANSFER_ENCODING.3 CURLOPT_TRANSFERTEXT.3 CURLOPT_UNIX_SOCKET_PATH.3 CURLOPT_UNRESTRICTED_AUTH.3 CURLOPT_UPKEEP_INTERVAL_MS.3 CURLOPT_UPLOAD.3 CURLOPT_UPLOAD_BUFFERSIZE.3 CURLOPT_URL.3 CURLOPT_USE_SSL.3 CURLOPT_USERAGENT.3 CURLOPT_USERNAME.3 CURLOPT_USERPWD.3 CURLOPT_VERBOSE.3 CURLOPT_WILDCARDMATCH.3 CURLOPT_WRITEDATA.3 CURLOPT_WRITEFUNCTION.3 CURLOPT_WS_OPTIONS.3 CURLOPT_XFERINFODATA.3 CURLOPT_XFERINFOFUNCTION.3 CURLOPT_XOAUTH2_BEARER.3 CURLSHOPT_LOCKFUNC.3 CURLSHOPT_SHARE.3 CURLSHOPT_UNLOCKFUNC.3 CURLSHOPT_UNSHARE.3 CURLSHOPT_USERDATA.3 '/deps/curl/share/man/man3'
make[6]: Leaving directory '/deps/curl-8.5.0/docs/libcurl/opts'
make[5]: Leaving directory '/deps/curl-8.5.0/docs/libcurl/opts'
make[5]: Entering directory '/deps/curl-8.5.0/docs/libcurl'
make[6]: Entering directory '/deps/curl-8.5.0/docs/libcurl'
make[6]: Nothing to be done for 'install-exec-am'.
 /usr/bin/mkdir -p '/deps/curl/share/aclocal'
 /usr/bin/mkdir -p '/deps/curl/share/man/man3'
 /usr/bin/install -c -m 644 libcurl.m4 '/deps/curl/share/aclocal'
 /usr/bin/install -c -m 644 curl_easy_cleanup.3 curl_easy_duphandle.3 curl_easy_escape.3 curl_easy_getinfo.3 curl_easy_header.3 curl_easy_init.3 curl_easy_nextheader.3 curl_easy_option_by_id.3 curl_easy_option_by_name.3 curl_easy_option_next.3 curl_easy_pause.3 curl_easy_perform.3 curl_easy_recv.3 curl_easy_reset.3 curl_easy_send.3 curl_easy_setopt.3 curl_easy_strerror.3 curl_easy_unescape.3 curl_easy_upkeep.3 curl_escape.3 curl_formadd.3 curl_formfree.3 curl_formget.3 curl_free.3 curl_getdate.3 curl_getenv.3 curl_global_cleanup.3 curl_global_init.3 curl_global_init_mem.3 curl_global_trace.3 curl_global_sslset.3 curl_mime_addpart.3 curl_mime_data.3 curl_mime_data_cb.3 curl_mime_encoder.3 curl_mime_filedata.3 curl_mime_filename.3 curl_mime_free.3 curl_mime_headers.3 curl_mime_init.3 '/deps/curl/share/man/man3'
 /usr/bin/install -c -m 644 curl_mime_name.3 curl_mime_subparts.3 curl_mime_type.3 curl_mprintf.3 curl_multi_add_handle.3 curl_multi_assign.3 curl_multi_cleanup.3 curl_multi_fdset.3 curl_multi_get_handles.3 curl_multi_info_read.3 curl_multi_init.3 curl_multi_perform.3 curl_multi_poll.3 curl_multi_remove_handle.3 curl_multi_setopt.3 curl_multi_socket.3 curl_multi_socket_action.3 curl_multi_socket_all.3 curl_multi_strerror.3 curl_multi_timeout.3 curl_multi_wakeup.3 curl_multi_wait.3 curl_pushheader_bynum.3 curl_pushheader_byname.3 curl_share_cleanup.3 curl_share_init.3 curl_share_setopt.3 curl_share_strerror.3 curl_slist_append.3 curl_slist_free_all.3 curl_strequal.3 curl_strnequal.3 curl_unescape.3 curl_url.3 curl_url_cleanup.3 curl_url_dup.3 curl_url_get.3 curl_url_set.3 curl_url_strerror.3 curl_version.3 '/deps/curl/share/man/man3'
 /usr/bin/install -c -m 644 curl_version_info.3 curl_ws_meta.3 curl_ws_recv.3 curl_ws_send.3 libcurl-easy.3 libcurl-env.3 libcurl-env-dbg.3 libcurl-errors.3 libcurl-multi.3 libcurl-security.3 libcurl-share.3 libcurl-symbols.3 libcurl-thread.3 libcurl-tutorial.3 libcurl-url.3 libcurl-ws.3 libcurl.3 '/deps/curl/share/man/man3'
make[6]: Leaving directory '/deps/curl-8.5.0/docs/libcurl'
make[5]: Leaving directory '/deps/curl-8.5.0/docs/libcurl'
make[4]: Leaving directory '/deps/curl-8.5.0/docs/libcurl'
make[3]: Leaving directory '/deps/curl-8.5.0'
make[2]: Leaving directory '/deps/curl-8.5.0'
make[1]: Leaving directory '/deps/curl-8.5.0'
