--2024-03-07 09:16:39--  https://github.com/libgit2/libgit2/archive/refs/tags/v1.7.2.zip
Resolving github.com (github.com)... 20.27.177.113
Connecting to github.com (github.com)|20.27.177.113|:443... connected.
HTTP request sent, awaiting response... 302 Found
Location: https://codeload.github.com/libgit2/libgit2/zip/refs/tags/v1.7.2 [following]
--2024-03-07 09:16:39--  https://codeload.github.com/libgit2/libgit2/zip/refs/tags/v1.7.2
Resolving codeload.github.com (codeload.github.com)... 20.27.177.114
Connecting to codeload.github.com (codeload.github.com)|20.27.177.114|:443... connected.
HTTP request sent, awaiting response... 200 OK
Length: unspecified [application/zip]
Saving to: 'v1.7.2.zip'

     0K .......... .......... .......... .......... ..........  900K
    50K .......... .......... .......... .......... ..........  850K
   100K .......... .......... .......... .......... .......... 1.45M
   150K .......... .......... .......... .......... ..........  857K
   200K .......... .......... .......... .......... ..........  823K
   250K .......... .......... .......... .......... .......... 2.96M
   300K .......... .......... .......... .......... .......... 2.26M
   350K .......... .......... .......... .......... .......... 2.52M
   400K .......... .......... .......... .......... .......... 1.20M
   450K .......... .......... .......... .......... .......... 2.73M
   500K .......... .......... .......... .......... .......... 1.71M
   550K .......... .......... .......... .......... .......... 2.70M
   600K .......... .......... .......... .......... .......... 1.31M
   650K .......... .......... .......... .......... .......... 1.99M
   700K .......... .......... .......... .......... .......... 2.11M
   750K .......... .......... .......... .......... .......... 1.04M
   800K .......... .......... .......... .......... .......... 2.59M
   850K .......... .......... .......... .......... .......... 2.68M
   900K .......... .......... .......... .......... ..........  843K
   950K .......... .......... .......... .......... .......... 1.78M
  1000K .......... .......... .......... .......... .......... 2.16M
  1050K .......... .......... .......... .......... .......... 1.54M
  1100K .......... .......... .......... .......... .......... 2.31M
  1150K .......... .......... .......... .......... .......... 2.86M
  1200K .......... .......... .......... .......... .......... 5.51M
  1250K .......... .......... .......... .......... .......... 5.51M
  1300K .......... .......... .......... .......... .......... 5.28M
  1350K .......... .......... .......... .......... .......... 4.93M
  1400K .......... .......... .......... .......... .......... 5.19M
  1450K .......... .......... .......... .......... .......... 3.68M
  1500K .......... .......... .......... .......... .......... 4.71M
  1550K .......... .......... .......... .......... .......... 3.95M
  1600K .......... .......... .......... .......... .......... 3.30M
  1650K .......... .......... .......... .......... .......... 3.33M
  1700K .......... .......... .......... .......... .......... 2.98M
  1750K .......... .......... .......... .......... .......... 3.85M
  1800K .......... .......... .......... .......... .......... 2.33M
  1850K .......... .......... .......... .......... ..........  909K
  1900K .......... .......... .......... .......... .......... 2.62M
  1950K .......... .......... .......... .......... .......... 1.90M
  2000K .......... .......... .......... .......... .......... 1.32M
  2050K .......... .......... .......... .......... .......... 2.71M
  2100K .......... .......... .......... .......... .......... 2.03M
  2150K .......... .......... .......... .......... .......... 2.69M
  2200K .......... .......... .......... .......... .......... 2.57M
  2250K .......... .......... .......... .......... .......... 1.36M
  2300K .......... .......... .......... .......... .......... 2.03M
  2350K .......... .......... .......... .......... .......... 1.95M
  2400K .......... .......... .......... .......... .......... 2.72M
  2450K .......... .......... .......... .......... .......... 1.19M
  2500K .......... .......... .......... .......... .......... 2.12M
  2550K .......... .......... .......... .......... .......... 2.31M
  2600K .......... .......... .......... .......... .......... 2.89M
  2650K .......... .......... .......... .......... .......... 1.63M
  2700K .......... .......... .......... .......... .......... 2.65M
  2750K .......... .......... .......... .......... .......... 2.63M
  2800K .......... .......... .......... .......... .......... 2.60M
  2850K .......... .......... .......... .......... .......... 2.86M
  2900K .......... .......... .......... .......... .......... 1.29M
  2950K .......... .......... .......... .......... .......... 2.74M
  3000K .......... .......... .......... .......... .......... 2.21M
  3050K .......... .......... .......... .......... .......... 2.69M
  3100K .......... .......... .......... .......... ..........  667K
  3150K .......... .......... .......... .......... .......... 2.65M
  3200K .......... .......... .......... .......... .......... 2.71M
  3250K .......... .......... .......... .......... .......... 1.02M
  3300K .......... .......... .......... .......... .......... 2.48M
  3350K .......... .......... .......... .......... .......... 2.15M
  3400K .......... .......... .......... .......... .......... 1.04M
  3450K .......... .......... .......... .......... .......... 1.52M
  3500K .......... .......... .......... .......... .......... 2.29M
  3550K .......... .......... .......... .......... .......... 1.93M
  3600K .......... .......... .......... .......... .......... 2.09M
  3650K .......... .......... .......... .......... .......... 5.04M
  3700K .......... .......... .......... .......... .......... 4.22M
  3750K .......... .......... .......... .......... .......... 5.34M
  3800K .......... .......... .......... .......... .......... 5.13M
  3850K .......... .......... .......... .......... .......... 4.81M
  3900K .......... .......... .......... .......... .......... 4.97M
  3950K .......... .......... .......... .......... .......... 36.4M
  4000K .......... .......... .......... .......... .......... 7.23M
  4050K .......... .......... .......... .......... .......... 2.35M
  4100K .......... .......... .......... .......... .......... 4.39M
  4150K .......... .......... .......... .......... .......... 41.5M
  4200K .......... .......... .......... .......... .......... 12.4M
  4250K .......... .......... .......... .......... .......... 6.00M
  4300K .......... .......... .......... .......... .......... 7.40M
  4350K .......... .......... .......... .......... .......... 10.2M
  4400K .......... .......... .......... .......... .......... 2.15M
  4450K .......... .......... .......... .......... .......... 6.53M
  4500K .......... .......... .......... .......... .......... 11.3M
  4550K .......... .......... .......... .......... .......... 8.55M
  4600K .......... .......... .......... .......... .......... 7.63M
  4650K .......... .......... .......... .......... .......... 2.20M
  4700K .......... .......... .......... .......... .......... 13.4M
  4750K .......... .......... .......... .......... .......... 11.3M
  4800K .......... .......... .......... .......... .......... 1.38M
  4850K .......... .......... .......... .......... .......... 11.6M
  4900K .......... .......... .......... .......... .......... 5.19M
  4950K .......... .......... .......... .......... .......... 4.70M
  5000K .......... .......... .......... .......... .......... 1.50M
  5050K .......... .......... .......... .......... .......... 5.53M
  5100K .......... .......... .......... .......... .......... 5.36M
  5150K .......... .......... .......... .......... .......... 5.26M
  5200K .......... .......... .......... .......... .......... 5.32M
  5250K .......... .......... .......... .......... .......... 4.83M
  5300K .......... .......... .......... .......... .......... 3.60M
  5350K .......... .......... .......... .......... .......... 5.25M
  5400K .......... .......... .......... .......... .......... 5.25M
  5450K .......... .......... .......... .......... ..........  508K
  5500K .......... .......... .......... .......... .......... 1.23M
  5550K .......... .......... .......... .......... ..........  714K
  5600K .......... .......... .......... .......... ..........  391K
  5650K .......... .......... .......... .......... .......... 2.08M
  5700K .......... .......... .......... .......... .......... 2.72M
  5750K .......... .......... .......... .......... .......... 1.92M
  5800K .......... .......... .......... .......... ..........  784K
  5850K .......... .......... .......... .......... .......... 1.55M
  5900K .......... .......... .......... .......... .......... 1.19M
  5950K .......... .......... .......... .......... .......... 2.51M
  6000K .......... .......... .......... .......... ..........  845K
  6050K .......... .......... .......... .......... .......... 1.17M
  6100K .......... .......... .......... .......... .......... 1.27M
  6150K .......... .......... .......... .......... ..........  980K
  6200K .......... .......... .......... .......... .......... 2.18M
  6250K .......... .......... .......... .......... .......... 1.83M
  6300K .......... .......... .......... .......... .......... 2.91M
  6350K .......... .......... .......... .......... .......... 1.18M
  6400K .......... .......... .......... .......... .......... 2.32M
  6450K .......... .......... .......... .......... .......... 2.94M
  6500K .......... .......... .......... .......... .......... 1.74M
  6550K .......... .......... .......... .......... .......... 1.22M
  6600K .......... .......... .......... .......... ..........  618K
  6650K .......... .......... .......... .......... .......... 2.73M
  6700K .......... .......... .......... .......... .......... 1.48M
  6750K .......... .......... .......... .......... .......... 2.23M
  6800K .......... .......... .......... .......... ..........  697K
  6850K .......... .......... .......... .......... .......... 1.30M
  6900K .......... .......... .......... .......... .......... 1.52M
  6950K .......... .......... .......... .......... .......... 1.72M
  7000K .......... .......... .......... .......... .......... 1.31M
  7050K .......... .......... .......... .......... ..........  990K
  7100K .......... .......... .......... .......... .......... 1.76M
  7150K .......... .......... .......... .......... .......... 1.99M
  7200K .......... .......... .......... .......... .......... 1.87M
  7250K .......... .......... .......... .......... .......... 2.34M
  7300K .......... .......... .......... .......... .......... 2.20M
  7350K .......... .......... .......... .......... .......... 2.27M
  7400K .......... .......... .......... .......... .......... 2.05M
  7450K .......... .......... .......... .......... .......... 1.56M
  7500K .......... .......... .......... .......... ..........  740K
  7550K .......... .......... .......... .......... .......... 1.98M
  7600K .......... .......... .......... .......... .......... 1.81M
  7650K .......... .......... .......... .......... .......... 1.98M
  7700K .......... .......... .......... .......... ..........  760K
  7750K .......... .......... .......... .......... .......... 2.69M
  7800K .......... .......... .......... .......... .......... 1.86M
  7850K .......... .......... .......... .......... .......... 1.35M
  7900K .......... .......... .......... .......... ..........  627K
  7950K .......... .......... .......... .......... .......... 2.40M
  8000K .......... .......... .......... .......... .......... 1.58M
  8050K .......... .......... .......... .......... .......... 1.73M
  8100K .......... .......... .......... .......... .......... 1.08M
  8150K .......... .......... .......... .......... ..........  461K
  8200K .......... .......... .......... .......... .......... 1.55M
  8250K .......... .......... .......... .......... .......... 1.02M
  8300K .......... .......... .......... .......... .......... 1.97M
  8350K .......... .......... .......... .......... ..........  879K
  8400K .......... .......... .......... .......... ..........  526K
  8450K .......... .......... .......... .......... .......... 1.12M
  8500K .......... .......... .......... .......... ..........  491K
  8550K .......... .......... .......... .......... ..........  944K
  8600K .......... .......... .......... .......... .......... 1.47M
  8650K .......... .......... .......... .......... ..........  223K
  8700K .......... .......... .......... .......... ..........  409K
  8750K .......... .......... .......... .......... ..........  594K
  8800K .......... .......... .......... .......... ..........  297K
  8850K .......... .......... .......... .......... ..........  304K
  8900K .......... .......... .......... .......... ..........  713K
  8950K .......... .......... .......... .......... ..........  991K
  9000K .......... .......... .......... .......... .......... 1.45M
  9050K .......... .......... .......... .......... ..........  599K
  9100K .......... .......... .......... .......... ..........  870K
  9150K .......... .......... .......... .......... ..........  432K
  9200K .......... .......... .......... .......... ..........  387K
  9250K .......... .......... .......... .......... ..........  589K
  9300K .......... .......... .......... .......... .......... 2.09M
  9350K .......... .......... .......... .......... ..........  429K
  9400K .......... .......... .......... .......... ..........  600K
  9450K .......... .......... .......... .......... .......... 1.54M
  9500K .......... .......... .......... .......... ..........  919K
  9550K .......... .......... .......... .......... ..........  181K
  9600K .......... .......... .......... .......... ..........  887K
  9650K .......... .......... .......... .......... ..........  939K
  9700K .......... .......... .......... .......... ..........  801K
  9750K .......... .......... .......... .......... ..........  606K
  9800K .......... .......... .......... .......... .......... 1.63M
  9850K .......... .......... .......... .......... .......... 2.61M
  9900K .......... .......... .......... .......... .......... 1.98M
  9950K .......... .......... .......... .......... ..........  203K
 10000K .......... .......... .......... .......... .......... 3.50M
 10050K .......... .......... .......... .......... .......... 1.62M
 10100K .......... .......... .......... .......... .......... 1.52M
 10150K .......... .......... .......... .......... .......... 2.68M
 10200K .......... .......... .......... .......... .......... 1.15M
 10250K .......... .......... .......... .......... .......... 2.30M
 10300K .......... .......... .......... .......... ..........  858K
 10350K .......... .......... .......... .......... ..........  779K
 10400K .......... .......... .......... .......... .......... 2.64M
 10450K .......... .......... .......... .......... .......... 1.96M
 10500K .......... .......... .......... .......... .......... 1.15M
 10550K .......... .......... .......... .......... ..........  680K
 10600K .......... .......... .......... .......... .......... 1.73M
 10650K .......... .......... .......... .......... .......... 2.94M
 10700K .......... .......... .......... .......... .......... 2.16M
 10750K .......... .......... .......... .......... .......... 2.31M
 10800K .......... .......... .......... .......... ..........  613K
 10850K .......... .......... .......... .......... .......... 1.43M
 10900K .......... .......... .......... .......... .......... 3.35M
 10950K .......... .......... .......... .......... .......... 3.67M
 11000K .......... .......... .......... .......... .......... 5.46M
 11050K .......... .......... .......... .......... .......... 2.91M
 11100K .......... .......... .......... .......... .......... 1.89M
 11150K .......... .......... .......... .......... .......... 1.43M
 11200K .......... .......... .......... .......... .......... 2.33M
 11250K .......... .......... .......... .......... .......... 3.32M
 11300K .......... .......... .......... .......... .......... 1.52M
 11350K .......... .......... .......... .......... ..........  660K
 11400K .......... .......... .......... .......... .......... 2.35M
 11450K .......... .......... .......... .......... .......... 5.60M
 11500K .......... .......... .......... .......... .......... 6.67M
 11550K ......                                                  565K=8.4s

2024-03-07 09:16:48 (1.34 MB/s) - 'v1.7.2.zip' saved [11834239]

