--2024-02-26 18:18:12--  https://github.com/sabotage-linux/kernel-headers/releases/download/v4.19.88-2/linux-headers-4.19.88-2.tar.xz
Resolving github.com (github.com)... 20.27.177.113
Connecting to github.com (github.com)|20.27.177.113|:443... connected.
HTTP request sent, awaiting response... 302 Found
Location: https://objects.githubusercontent.com/github-production-release-asset-2e65be/13533033/f0760be1-aac8-46da-9357-8df1129877e6?X-Amz-Algorithm=AWS4-HMAC-SHA256&X-Amz-Credential=AKIAVCODYLSA53PQK4ZA%2F20240226%2Fus-east-1%2Fs3%2Faws4_request&X-Amz-Date=20240226T181811Z&X-Amz-Expires=300&X-Amz-Signature=cba803df42bb260bf20b3836b7205302e0468ac544272f5828c3736c79b9deb1&X-Amz-SignedHeaders=host&actor_id=0&key_id=0&repo_id=13533033&response-content-disposition=attachment%3B%20filename%3Dlinux-headers-4.19.88-2.tar.xz&response-content-type=application%2Foctet-stream [following]
--2024-02-26 18:18:12--  https://objects.githubusercontent.com/github-production-release-asset-2e65be/13533033/f0760be1-aac8-46da-9357-8df1129877e6?X-Amz-Algorithm=AWS4-HMAC-SHA256&X-Amz-Credential=AKIAVCODYLSA53PQK4ZA%2F20240226%2Fus-east-1%2Fs3%2Faws4_request&X-Amz-Date=20240226T181811Z&X-Amz-Expires=300&X-Amz-Signature=cba803df42bb260bf20b3836b7205302e0468ac544272f5828c3736c79b9deb1&X-Amz-SignedHeaders=host&actor_id=0&key_id=0&repo_id=13533033&response-content-disposition=attachment%3B%20filename%3Dlinux-headers-4.19.88-2.tar.xz&response-content-type=application%2Foctet-stream
Resolving objects.githubusercontent.com (objects.githubusercontent.com)... 185.199.111.133, 185.199.108.133, 185.199.110.133, ...
Connecting to objects.githubusercontent.com (objects.githubusercontent.com)|185.199.111.133|:443... connected.
HTTP request sent, awaiting response... 200 OK
Length: 1081424 (1.0M) [application/octet-stream]
Saving to: 'linux-headers-4.19.88-2.tar.xz'

     0K .......... .......... .......... .......... ..........  4% 1.35M 1s
    50K .......... .......... .......... .......... ..........  9% 3.61M 0s
   100K .......... .......... .......... .......... .......... 14% 2.16M 0s
   150K .......... .......... .......... .......... .......... 18% 5.47M 0s
   200K .......... .......... .......... .......... .......... 23% 8.82M 0s
   250K .......... .......... .......... .......... .......... 28% 3.11M 0s
   300K .......... .......... .......... .......... .......... 33% 5.61M 0s
   350K .......... .......... .......... .......... .......... 37% 32.4M 0s
   400K .......... .......... .......... .......... .......... 42% 13.0M 0s
   450K .......... .......... .......... .......... .......... 47% 8.73M 0s
   500K .......... .......... .......... .......... .......... 52% 3.19M 0s
   550K .......... .......... .......... .......... .......... 56% 6.19M 0s
   600K .......... .......... .......... .......... .......... 61% 27.1M 0s
   650K .......... .......... .......... .......... .......... 66% 9.12M 0s
   700K .......... .......... .......... .......... .......... 71% 31.0M 0s
   750K .......... .......... .......... .......... .......... 75% 35.5M 0s
   800K .......... .......... .......... .......... .......... 80% 44.4M 0s
   850K .......... .......... .......... .......... .......... 85% 11.1M 0s
   900K .......... .......... .......... .......... .......... 89% 27.0M 0s
   950K .......... .......... .......... .......... .......... 94% 38.9M 0s
  1000K .......... .......... .......... .......... .......... 99% 8.02M 0s
  1050K ......                                                100% 87.0M=0.2s

2024-02-26 18:18:13 (6.07 MB/s) - 'linux-headers-4.19.88-2.tar.xz' saved [1081424/1081424]

