--2024-02-23 06:04:34--  https://musl.libc.org/releases/musl-1.2.4.tar.gz
Resolving musl.libc.org (musl.libc.org)... 45.63.0.111, 2001:19f0:4009:4061:5400:ff:fe11:6da2
Connecting to musl.libc.org (musl.libc.org)|45.63.0.111|:443... connected.
HTTP request sent, awaiting response... 200 OK
Length: 1063758 (1.0M) [application/gzip]
Saving to: 'musl-1.2.4.tar.gz'

     0K .......... .......... .......... .......... ..........  4%  255K 4s
    50K .......... .......... .......... .......... ..........  9%  255K 4s
   100K .......... .......... .......... .......... .......... 14% 31.3M 2s
   150K .......... .......... .......... .......... .......... 19% 38.1M 2s
   200K .......... .......... .......... .......... .......... 24%  232K 2s
   250K .......... .......... .......... .......... .......... 28% 17.0M 2s
   300K .......... .......... .......... .......... .......... 33%  130K 2s
   350K .......... .......... .......... .......... .......... 38% 14.8M 2s
   400K .......... .......... .......... .......... .......... 43% 45.2M 1s
   450K .......... .......... .......... .......... .......... 48% 36.7M 1s
   500K .......... .......... .......... .......... .......... 52% 36.2M 1s
   550K .......... .......... .......... .......... .......... 57%  264K 1s
   600K .......... .......... .......... .......... .......... 62% 24.6M 1s
   650K .......... .......... .......... .......... .......... 67% 24.7M 1s
   700K .......... .......... .......... .......... .......... 72% 25.7M 0s
   750K .......... .......... .......... .......... .......... 77%  263K 0s
   800K .......... .......... .......... .......... .......... 81% 17.4M 0s
   850K .......... .......... .......... .......... .......... 86% 30.8M 0s
   900K .......... .......... .......... .......... .......... 91% 23.2M 0s
   950K .......... .......... .......... .......... .......... 96%  285K 0s
  1000K .......... .......... .......... ........             100% 35.2M=1.6s

2024-02-23 06:04:37 (660 KB/s) - 'musl-1.2.4.tar.gz' saved [1063758/1063758]

