--2024-02-23 06:04:51--  https://www.openssl.org/source/openssl-3.2.0.tar.gz
Resolving www.openssl.org (www.openssl.org)... 34.36.58.177, 2600:1901:0:1812::
Connecting to www.openssl.org (www.openssl.org)|34.36.58.177|:443... connected.
HTTP request sent, awaiting response... 200 OK
Length: 17698352 (17M) [application/x-tar]
Saving to: 'openssl-3.2.0.tar.gz'

     0K .......... .......... .......... .......... ..........  0% 15.2M 1s
    50K .......... .......... .......... .......... ..........  0% 11.6M 1s
   100K .......... .......... .......... .......... ..........  0% 21.1M 1s
   150K .......... .......... .......... .......... ..........  1% 33.1M 1s
   200K .......... .......... .......... .......... ..........  1% 30.4M 1s
   250K .......... .......... .......... .......... ..........  1% 24.3M 1s
   300K .......... .......... .......... .......... ..........  2% 22.7M 1s
   350K .......... .......... .......... .......... ..........  2% 30.7M 1s
   400K .......... .......... .......... .......... ..........  2% 12.9M 1s
   450K .......... .......... .......... .......... ..........  2% 22.9M 1s
   500K .......... .......... .......... .......... ..........  3% 23.8M 1s
   550K .......... .......... .......... .......... ..........  3% 26.4M 1s
   600K .......... .......... .......... .......... ..........  3% 34.2M 1s
   650K .......... .......... .......... .......... ..........  4% 22.7M 1s
   700K .......... .......... .......... .......... ..........  4% 25.8M 1s
   750K .......... .......... .......... .......... ..........  4% 31.7M 1s
   800K .......... .......... .......... .......... ..........  4% 24.0M 1s
   850K .......... .......... .......... .......... ..........  5% 22.3M 1s
   900K .......... .......... .......... .......... ..........  5% 35.6M 1s
   950K .......... .......... .......... .......... ..........  5% 24.9M 1s
  1000K .......... .......... .......... .......... ..........  6% 32.1M 1s
  1050K .......... .......... .......... .......... ..........  6% 27.2M 1s
  1100K .......... .......... .......... .......... ..........  6% 36.0M 1s
  1150K .......... .......... .......... .......... ..........  6% 19.0M 1s
  1200K .......... .......... .......... .......... ..........  7% 48.7M 1s
  1250K .......... .......... .......... .......... ..........  7% 31.3M 1s
  1300K .......... .......... .......... .......... ..........  7% 25.6M 1s
  1350K .......... .......... .......... .......... ..........  8% 28.8M 1s
  1400K .......... .......... .......... .......... ..........  8% 40.4M 1s
  1450K .......... .......... .......... .......... ..........  8% 30.0M 1s
  1500K .......... .......... .......... .......... ..........  8% 31.5M 1s
  1550K .......... .......... .......... .......... ..........  9% 32.8M 1s
  1600K .......... .......... .......... .......... ..........  9% 16.9M 1s
  1650K .......... .......... .......... .......... ..........  9% 27.1M 1s
  1700K .......... .......... .......... .......... .......... 10% 26.1M 1s
  1750K .......... .......... .......... .......... .......... 10% 29.6M 1s
  1800K .......... .......... .......... .......... .......... 10% 23.7M 1s
  1850K .......... .......... .......... .......... .......... 10% 27.9M 1s
  1900K .......... .......... .......... .......... .......... 11% 26.5M 1s
  1950K .......... .......... .......... .......... .......... 11% 47.0M 1s
  2000K .......... .......... .......... .......... .......... 11% 21.3M 1s
  2050K .......... .......... .......... .......... .......... 12% 31.7M 1s
  2100K .......... .......... .......... .......... .......... 12% 21.9M 1s
  2150K .......... .......... .......... .......... .......... 12% 36.6M 1s
  2200K .......... .......... .......... .......... .......... 13% 35.9M 1s
  2250K .......... .......... .......... .......... .......... 13% 44.4M 1s
  2300K .......... .......... .......... .......... .......... 13% 26.8M 1s
  2350K .......... .......... .......... .......... .......... 13% 34.2M 1s
  2400K .......... .......... .......... .......... .......... 14% 40.0M 1s
  2450K .......... .......... .......... .......... .......... 14% 38.6M 1s
  2500K .......... .......... .......... .......... .......... 14% 29.8M 1s
  2550K .......... .......... .......... .......... .......... 15% 33.4M 1s
  2600K .......... .......... .......... .......... .......... 15% 29.6M 1s
  2650K .......... .......... .......... .......... .......... 15% 37.3M 1s
  2700K .......... .......... .......... .......... .......... 15% 38.4M 1s
  2750K .......... .......... .......... .......... .......... 16% 27.2M 1s
  2800K .......... .......... .......... .......... .......... 16% 44.0M 1s
  2850K .......... .......... .......... .......... .......... 16% 25.6M 1s
  2900K .......... .......... .......... .......... .......... 17% 40.5M 1s
  2950K .......... .......... .......... .......... .......... 17% 23.8M 1s
  3000K .......... .......... .......... .......... .......... 17% 39.1M 1s
  3050K .......... .......... .......... .......... .......... 17% 42.9M 1s
  3100K .......... .......... .......... .......... .......... 18% 23.8M 1s
  3150K .......... .......... .......... .......... .......... 18% 29.4M 1s
  3200K .......... .......... .......... .......... .......... 18% 31.1M 0s
  3250K .......... .......... .......... .......... .......... 19% 81.6M 0s
  3300K .......... .......... .......... .......... .......... 19% 36.9M 0s
  3350K .......... .......... .......... .......... .......... 19% 28.8M 0s
  3400K .......... .......... .......... .......... .......... 19% 41.0M 0s
  3450K .......... .......... .......... .......... .......... 20% 34.8M 0s
  3500K .......... .......... .......... .......... .......... 20% 37.7M 0s
  3550K .......... .......... .......... .......... .......... 20% 27.8M 0s
  3600K .......... .......... .......... .......... .......... 21% 37.6M 0s
  3650K .......... .......... .......... .......... .......... 21% 35.1M 0s
  3700K .......... .......... .......... .......... .......... 21% 34.9M 0s
  3750K .......... .......... .......... .......... .......... 21% 24.5M 0s
  3800K .......... .......... .......... .......... .......... 22% 57.9M 0s
  3850K .......... .......... .......... .......... .......... 22% 27.0M 0s
  3900K .......... .......... .......... .......... .......... 22% 44.0M 0s
  3950K .......... .......... .......... .......... .......... 23% 25.3M 0s
  4000K .......... .......... .......... .......... .......... 23% 36.3M 0s
  4050K .......... .......... .......... .......... .......... 23% 33.7M 0s
  4100K .......... .......... .......... .......... .......... 24% 24.4M 0s
  4150K .......... .......... .......... .......... .......... 24% 43.4M 0s
  4200K .......... .......... .......... .......... .......... 24% 37.2M 0s
  4250K .......... .......... .......... .......... .......... 24% 21.9M 0s
  4300K .......... .......... .......... .......... .......... 25% 19.1M 0s
  4350K .......... .......... .......... .......... .......... 25% 28.0M 0s
  4400K .......... .......... .......... .......... .......... 25% 38.5M 0s
  4450K .......... .......... .......... .......... .......... 26% 33.9M 0s
  4500K .......... .......... .......... .......... .......... 26% 45.4M 0s
  4550K .......... .......... .......... .......... .......... 26% 21.8M 0s
  4600K .......... .......... .......... .......... .......... 26% 63.4M 0s
  4650K .......... .......... .......... .......... .......... 27% 41.9M 0s
  4700K .......... .......... .......... .......... .......... 27% 36.5M 0s
  4750K .......... .......... .......... .......... .......... 27% 28.9M 0s
  4800K .......... .......... .......... .......... .......... 28% 26.0M 0s
  4850K .......... .......... .......... .......... .......... 28% 43.8M 0s
  4900K .......... .......... .......... .......... .......... 28% 25.9M 0s
  4950K .......... .......... .......... .......... .......... 28% 26.8M 0s
  5000K .......... .......... .......... .......... .......... 29% 76.6M 0s
  5050K .......... .......... .......... .......... .......... 29% 38.0M 0s
  5100K .......... .......... .......... .......... .......... 29% 24.0M 0s
  5150K .......... .......... .......... .......... .......... 30% 26.3M 0s
  5200K .......... .......... .......... .......... .......... 30% 42.2M 0s
  5250K .......... .......... .......... .......... .......... 30% 36.2M 0s
  5300K .......... .......... .......... .......... .......... 30% 33.4M 0s
  5350K .......... .......... .......... .......... .......... 31% 42.7M 0s
  5400K .......... .......... .......... .......... .......... 31% 30.2M 0s
  5450K .......... .......... .......... .......... .......... 31% 36.1M 0s
  5500K .......... .......... .......... .......... .......... 32% 32.8M 0s
  5550K .......... .......... .......... .......... .......... 32% 30.6M 0s
  5600K .......... .......... .......... .......... .......... 32% 32.6M 0s
  5650K .......... .......... .......... .......... .......... 32% 34.0M 0s
  5700K .......... .......... .......... .......... .......... 33% 33.1M 0s
  5750K .......... .......... .......... .......... .......... 33% 40.3M 0s
  5800K .......... .......... .......... .......... .......... 33% 39.6M 0s
  5850K .......... .......... .......... .......... .......... 34% 35.8M 0s
  5900K .......... .......... .......... .......... .......... 34% 38.4M 0s
  5950K .......... .......... .......... .......... .......... 34% 22.6M 0s
  6000K .......... .......... .......... .......... .......... 35% 39.1M 0s
  6050K .......... .......... .......... .......... .......... 35% 37.6M 0s
  6100K .......... .......... .......... .......... .......... 35% 37.7M 0s
  6150K .......... .......... .......... .......... .......... 35% 36.2M 0s
  6200K .......... .......... .......... .......... .......... 36% 38.2M 0s
  6250K .......... .......... .......... .......... .......... 36% 29.1M 0s
  6300K .......... .......... .......... .......... .......... 36% 32.4M 0s
  6350K .......... .......... .......... .......... .......... 37% 32.4M 0s
  6400K .......... .......... .......... .......... .......... 37% 32.9M 0s
  6450K .......... .......... .......... .......... .......... 37% 43.3M 0s
  6500K .......... .......... .......... .......... .......... 37% 19.5M 0s
  6550K .......... .......... .......... .......... .......... 38% 33.2M 0s
  6600K .......... .......... .......... .......... .......... 38% 34.5M 0s
  6650K .......... .......... .......... .......... .......... 38% 45.2M 0s
  6700K .......... .......... .......... .......... .......... 39% 41.1M 0s
  6750K .......... .......... .......... .......... .......... 39% 23.7M 0s
  6800K .......... .......... .......... .......... .......... 39% 39.1M 0s
  6850K .......... .......... .......... .......... .......... 39% 26.6M 0s
  6900K .......... .......... .......... .......... .......... 40% 45.6M 0s
  6950K .......... .......... .......... .......... .......... 40% 27.6M 0s
  7000K .......... .......... .......... .......... .......... 40% 48.0M 0s
  7050K .......... .......... .......... .......... .......... 41% 30.5M 0s
  7100K .......... .......... .......... .......... .......... 41% 22.2M 0s
  7150K .......... .......... .......... .......... .......... 41% 43.8M 0s
  7200K .......... .......... .......... .......... .......... 41% 28.6M 0s
  7250K .......... .......... .......... .......... .......... 42% 44.5M 0s
  7300K .......... .......... .......... .......... .......... 42% 34.9M 0s
  7350K .......... .......... .......... .......... .......... 42% 34.5M 0s
  7400K .......... .......... .......... .......... .......... 43% 38.2M 0s
  7450K .......... .......... .......... .......... .......... 43% 34.1M 0s
  7500K .......... .......... .......... .......... .......... 43% 43.9M 0s
  7550K .......... .......... .......... .......... .......... 43% 27.4M 0s
  7600K .......... .......... .......... .......... .......... 44% 37.9M 0s
  7650K .......... .......... .......... .......... .......... 44% 24.6M 0s
  7700K .......... .......... .......... .......... .......... 44% 36.3M 0s
  7750K .......... .......... .......... .......... .......... 45% 28.0M 0s
  7800K .......... .......... .......... .......... .......... 45% 30.6M 0s
  7850K .......... .......... .......... .......... .......... 45% 36.6M 0s
  7900K .......... .......... .......... .......... .......... 45% 50.0M 0s
  7950K .......... .......... .......... .......... .......... 46% 24.8M 0s
  8000K .......... .......... .......... .......... .......... 46% 42.8M 0s
  8050K .......... .......... .......... .......... .......... 46% 30.7M 0s
  8100K .......... .......... .......... .......... .......... 47% 35.4M 0s
  8150K .......... .......... .......... .......... .......... 47% 30.8M 0s
  8200K .......... .......... .......... .......... .......... 47% 25.5M 0s
  8250K .......... .......... .......... .......... .......... 48% 58.1M 0s
  8300K .......... .......... .......... .......... .......... 48% 40.4M 0s
  8350K .......... .......... .......... .......... .......... 48% 32.0M 0s
  8400K .......... .......... .......... .......... .......... 48% 38.1M 0s
  8450K .......... .......... .......... .......... .......... 49% 28.4M 0s
  8500K .......... .......... .......... .......... .......... 49% 35.0M 0s
  8550K .......... .......... .......... .......... .......... 49% 49.5M 0s
  8600K .......... .......... .......... .......... .......... 50% 38.2M 0s
  8650K .......... .......... .......... .......... .......... 50% 31.9M 0s
  8700K .......... .......... .......... .......... .......... 50% 34.9M 0s
  8750K .......... .......... .......... .......... .......... 50% 29.8M 0s
  8800K .......... .......... .......... .......... .......... 51% 30.4M 0s
  8850K .......... .......... .......... .......... .......... 51% 26.9M 0s
  8900K .......... .......... .......... .......... .......... 51% 35.9M 0s
  8950K .......... .......... .......... .......... .......... 52% 37.6M 0s
  9000K .......... .......... .......... .......... .......... 52% 30.7M 0s
  9050K .......... .......... .......... .......... .......... 52% 40.0M 0s
  9100K .......... .......... .......... .......... .......... 52% 51.0M 0s
  9150K .......... .......... .......... .......... .......... 53% 23.9M 0s
  9200K .......... .......... .......... .......... .......... 53% 29.4M 0s
  9250K .......... .......... .......... .......... .......... 53% 31.5M 0s
  9300K .......... .......... .......... .......... .......... 54% 81.6M 0s
  9350K .......... .......... .......... .......... .......... 54% 34.6M 0s
  9400K .......... .......... .......... .......... .......... 54% 27.3M 0s
  9450K .......... .......... .......... .......... .......... 54% 46.0M 0s
  9500K .......... .......... .......... .......... .......... 55% 38.5M 0s
  9550K .......... .......... .......... .......... .......... 55% 24.2M 0s
  9600K .......... .......... .......... .......... .......... 55% 37.4M 0s
  9650K .......... .......... .......... .......... .......... 56% 23.9M 0s
  9700K .......... .......... .......... .......... .......... 56% 55.7M 0s
  9750K .......... .......... .......... .......... .......... 56% 30.3M 0s
  9800K .......... .......... .......... .......... .......... 56% 46.2M 0s
  9850K .......... .......... .......... .......... .......... 57% 36.4M 0s
  9900K .......... .......... .......... .......... .......... 57% 34.8M 0s
  9950K .......... .......... .......... .......... .......... 57% 23.6M 0s
 10000K .......... .......... .......... .......... .......... 58% 22.4M 0s
 10050K .......... .......... .......... .......... .......... 58% 45.4M 0s
 10100K .......... .......... .......... .......... .......... 58% 38.9M 0s
 10150K .......... .......... .......... .......... .......... 59% 35.2M 0s
 10200K .......... .......... .......... .......... .......... 59% 27.6M 0s
 10250K .......... .......... .......... .......... .......... 59% 49.0M 0s
 10300K .......... .......... .......... .......... .......... 59% 43.6M 0s
 10350K .......... .......... .......... .......... .......... 60% 32.2M 0s
 10400K .......... .......... .......... .......... .......... 60% 32.0M 0s
 10450K .......... .......... .......... .......... .......... 60% 40.0M 0s
 10500K .......... .......... .......... .......... .......... 61% 35.0M 0s
 10550K .......... .......... .......... .......... .......... 61% 18.2M 0s
 10600K .......... .......... .......... .......... .......... 61% 50.6M 0s
 10650K .......... .......... .......... .......... .......... 61% 36.7M 0s
 10700K .......... .......... .......... .......... .......... 62% 30.8M 0s
 10750K .......... .......... .......... .......... .......... 62% 25.5M 0s
 10800K .......... .......... .......... .......... .......... 62% 35.3M 0s
 10850K .......... .......... .......... .......... .......... 63% 36.3M 0s
 10900K .......... .......... .......... .......... .......... 63% 30.2M 0s
 10950K .......... .......... .......... .......... .......... 63% 44.6M 0s
 11000K .......... .......... .......... .......... .......... 63% 37.5M 0s
 11050K .......... .......... .......... .......... .......... 64% 29.7M 0s
 11100K .......... .......... .......... .......... .......... 64% 29.9M 0s
 11150K .......... .......... .......... .......... .......... 64% 29.4M 0s
 11200K .......... .......... .......... .......... .......... 65% 35.1M 0s
 11250K .......... .......... .......... .......... .......... 65% 26.3M 0s
 11300K .......... .......... .......... .......... .......... 65% 37.4M 0s
 11350K .......... .......... .......... .......... .......... 65% 30.8M 0s
 11400K .......... .......... .......... .......... .......... 66% 45.5M 0s
 11450K .......... .......... .......... .......... .......... 66% 33.8M 0s
 11500K .......... .......... .......... .......... .......... 66% 16.4M 0s
 11550K .......... .......... .......... .......... .......... 67% 32.4M 0s
 11600K .......... .......... .......... .......... .......... 67% 35.1M 0s
 11650K .......... .......... .......... .......... .......... 67% 25.2M 0s
 11700K .......... .......... .......... .......... .......... 67% 28.6M 0s
 11750K .......... .......... .......... .......... .......... 68% 40.7M 0s
 11800K .......... .......... .......... .......... .......... 68% 36.1M 0s
 11850K .......... .......... .......... .......... .......... 68% 23.9M 0s
 11900K .......... .......... .......... .......... .......... 69% 24.5M 0s
 11950K .......... .......... .......... .......... .......... 69% 41.5M 0s
 12000K .......... .......... .......... .......... .......... 69% 35.9M 0s
 12050K .......... .......... .......... .......... .......... 70% 36.3M 0s
 12100K .......... .......... .......... .......... .......... 70% 28.7M 0s
 12150K .......... .......... .......... .......... .......... 70% 15.0M 0s
 12200K .......... .......... .......... .......... .......... 70% 28.0M 0s
 12250K .......... .......... .......... .......... .......... 71% 29.4M 0s
 12300K .......... .......... .......... .......... .......... 71% 38.6M 0s
 12350K .......... .......... .......... .......... .......... 71% 30.2M 0s
 12400K .......... .......... .......... .......... .......... 72% 30.5M 0s
 12450K .......... .......... .......... .......... .......... 72% 29.4M 0s
 12500K .......... .......... .......... .......... .......... 72% 42.5M 0s
 12550K .......... .......... .......... .......... .......... 72% 47.4M 0s
 12600K .......... .......... .......... .......... .......... 73% 30.0M 0s
 12650K .......... .......... .......... .......... .......... 73% 30.8M 0s
 12700K .......... .......... .......... .......... .......... 73% 32.3M 0s
 12750K .......... .......... .......... .......... .......... 74% 25.1M 0s
 12800K .......... .......... .......... .......... .......... 74% 26.9M 0s
 12850K .......... .......... .......... .......... .......... 74% 37.5M 0s
 12900K .......... .......... .......... .......... .......... 74% 46.0M 0s
 12950K .......... .......... .......... .......... .......... 75% 38.8M 0s
 13000K .......... .......... .......... .......... .......... 75% 43.1M 0s
 13050K .......... .......... .......... .......... .......... 75% 30.5M 0s
 13100K .......... .......... .......... .......... .......... 76% 39.7M 0s
 13150K .......... .......... .......... .......... .......... 76% 25.8M 0s
 13200K .......... .......... .......... .......... .......... 76% 31.7M 0s
 13250K .......... .......... .......... .......... .......... 76% 27.9M 0s
 13300K .......... .......... .......... .......... .......... 77% 49.7M 0s
 13350K .......... .......... .......... .......... .......... 77% 34.5M 0s
 13400K .......... .......... .......... .......... .......... 77% 30.6M 0s
 13450K .......... .......... .......... .......... .......... 78% 47.8M 0s
 13500K .......... .......... .......... .......... .......... 78% 33.8M 0s
 13550K .......... .......... .......... .......... .......... 78% 30.2M 0s
 13600K .......... .......... .......... .......... .......... 78% 34.8M 0s
 13650K .......... .......... .......... .......... .......... 79% 33.9M 0s
 13700K .......... .......... .......... .......... .......... 79% 39.6M 0s
 13750K .......... .......... .......... .......... .......... 79% 32.1M 0s
 13800K .......... .......... .......... .......... .......... 80% 31.8M 0s
 13850K .......... .......... .......... .......... .......... 80% 30.0M 0s
 13900K .......... .......... .......... .......... .......... 80% 38.8M 0s
 13950K .......... .......... .......... .......... .......... 81% 28.7M 0s
 14000K .......... .......... .......... .......... .......... 81% 40.4M 0s
 14050K .......... .......... .......... .......... .......... 81% 37.7M 0s
 14100K .......... .......... .......... .......... .......... 81% 30.0M 0s
 14150K .......... .......... .......... .......... .......... 82% 30.6M 0s
 14200K .......... .......... .......... .......... .......... 82% 32.5M 0s
 14250K .......... .......... .......... .......... .......... 82% 50.5M 0s
 14300K .......... .......... .......... .......... .......... 83% 38.1M 0s
 14350K .......... .......... .......... .......... .......... 83% 24.8M 0s
 14400K .......... .......... .......... .......... .......... 83% 42.0M 0s
 14450K .......... .......... .......... .......... .......... 83% 34.8M 0s
 14500K .......... .......... .......... .......... .......... 84% 40.1M 0s
 14550K .......... .......... .......... .......... .......... 84% 33.1M 0s
 14600K .......... .......... .......... .......... .......... 84% 42.1M 0s
 14650K .......... .......... .......... .......... .......... 85% 37.2M 0s
 14700K .......... .......... .......... .......... .......... 85% 48.3M 0s
 14750K .......... .......... .......... .......... .......... 85% 23.8M 0s
 14800K .......... .......... .......... .......... .......... 85% 34.5M 0s
 14850K .......... .......... .......... .......... .......... 86% 34.0M 0s
 14900K .......... .......... .......... .......... .......... 86% 36.2M 0s
 14950K .......... .......... .......... .......... .......... 86% 29.8M 0s
 15000K .......... .......... .......... .......... .......... 87% 38.6M 0s
 15050K .......... .......... .......... .......... .......... 87% 37.3M 0s
 15100K .......... .......... .......... .......... .......... 87% 40.6M 0s
 15150K .......... .......... .......... .......... .......... 87% 27.3M 0s
 15200K .......... .......... .......... .......... .......... 88% 29.2M 0s
 15250K .......... .......... .......... .......... .......... 88% 55.4M 0s
 15300K .......... .......... .......... .......... .......... 88% 35.1M 0s
 15350K .......... .......... .......... .......... .......... 89% 33.6M 0s
 15400K .......... .......... .......... .......... .......... 89% 48.5M 0s
 15450K .......... .......... .......... .......... .......... 89% 30.0M 0s
 15500K .......... .......... .......... .......... .......... 89% 34.3M 0s
 15550K .......... .......... .......... .......... .......... 90% 41.3M 0s
 15600K .......... .......... .......... .......... .......... 90% 34.5M 0s
 15650K .......... .......... .......... .......... .......... 90% 26.6M 0s
 15700K .......... .......... .......... .......... .......... 91% 35.6M 0s
 15750K .......... .......... .......... .......... .......... 91% 36.4M 0s
 15800K .......... .......... .......... .......... .......... 91% 19.5M 0s
 15850K .......... .......... .......... .......... .......... 91% 31.2M 0s
 15900K .......... .......... .......... .......... .......... 92% 97.4M 0s
 15950K .......... .......... .......... .......... .......... 92% 41.3M 0s
 16000K .......... .......... .......... .......... .......... 92% 29.6M 0s
 16050K .......... .......... .......... .......... .......... 93% 52.5M 0s
 16100K .......... .......... .......... .......... .......... 93% 45.2M 0s
 16150K .......... .......... .......... .......... .......... 93% 22.0M 0s
 16200K .......... .......... .......... .......... .......... 94% 38.9M 0s
 16250K .......... .......... .......... .......... .......... 94% 36.1M 0s
 16300K .......... .......... .......... .......... .......... 94% 35.3M 0s
 16350K .......... .......... .......... .......... .......... 94% 21.7M 0s
 16400K .......... .......... .......... .......... .......... 95% 50.8M 0s
 16450K .......... .......... .......... .......... .......... 95% 40.5M 0s
 16500K .......... .......... .......... .......... .......... 95% 46.8M 0s
 16550K .......... .......... .......... .......... .......... 96% 33.0M 0s
 16600K .......... .......... .......... .......... .......... 96% 35.9M 0s
 16650K .......... .......... .......... .......... .......... 96% 35.0M 0s
 16700K .......... .......... .......... .......... .......... 96% 35.7M 0s
 16750K .......... .......... .......... .......... .......... 97% 18.1M 0s
 16800K .......... .......... .......... .......... .......... 97% 50.0M 0s
 16850K .......... .......... .......... .......... .......... 97% 35.7M 0s
 16900K .......... .......... .......... .......... .......... 98% 45.0M 0s
 16950K .......... .......... .......... .......... .......... 98% 36.3M 0s
 17000K .......... .......... .......... .......... .......... 98% 35.1M 0s
 17050K .......... .......... .......... .......... .......... 98% 31.4M 0s
 17100K .......... .......... .......... .......... .......... 99% 68.5M 0s
 17150K .......... .......... .......... .......... .......... 99% 33.9M 0s
 17200K .......... .......... .......... .......... .......... 99% 31.7M 0s
 17250K .......... .......... .......... ...                  100%  157M=0.5s

2024-02-23 06:04:52 (32.1 MB/s) - 'openssl-3.2.0.tar.gz' saved [17698352/17698352]

