--2024-03-08 07:22:00--  https://curl.se/download/curl-8.5.0.tar.gz
Resolving curl.se (curl.se)... 151.101.65.91, 151.101.129.91, 151.101.193.91, ...
Connecting to curl.se (curl.se)|151.101.65.91|:443... connected.
HTTP request sent, awaiting response... 200 OK
Length: 4372979 (4.2M) [application/x-gzip]
Saving to: 'curl-8.5.0.tar.gz'

     0K .......... .......... .......... .......... ..........  1% 1.24M 3s
    50K .......... .......... .......... .......... ..........  2% 4.65M 2s
   100K .......... .......... .......... .......... ..........  3% 2.27M 2s
   150K .......... .......... .......... .......... ..........  4% 7.32M 2s
   200K .......... .......... .......... .......... ..........  5% 7.32M 1s
   250K .......... .......... .......... .......... ..........  7% 2.85M 1s
   300K .......... .......... .......... .......... ..........  8% 13.9M 1s
   350K .......... .......... .......... .......... ..........  9% 9.82M 1s
   400K .......... .......... .......... .......... .......... 10% 22.2M 1s
   450K .......... .......... .......... .......... .......... 11% 7.03M 1s
   500K .......... .......... .......... .......... .......... 12% 2.96M 1s
   550K .......... .......... .......... .......... .......... 14% 13.8M 1s
   600K .......... .......... .......... .......... .......... 15% 9.40M 1s
   650K .......... .......... .......... .......... .......... 16% 15.6M 1s
   700K .......... .......... .......... .......... .......... 17% 15.4M 1s
   750K .......... .......... .......... .......... .......... 18% 2.77M 1s
   800K .......... .......... .......... .......... .......... 19% 10.4M 1s
   850K .......... .......... .......... .......... .......... 21% 8.75M 1s
   900K .......... .......... .......... .......... .......... 22% 11.7M 1s
   950K .......... .......... .......... .......... .......... 23% 36.9M 1s
  1000K .......... .......... .......... .......... .......... 24% 29.5M 1s
  1050K .......... .......... .......... .......... .......... 25% 40.2M 1s
  1100K .......... .......... .......... .......... .......... 26% 34.9M 1s
  1150K .......... .......... .......... .......... .......... 28% 25.3M 0s
  1200K .......... .......... .......... .......... .......... 29% 38.1M 0s
  1250K .......... .......... .......... .......... .......... 30% 4.50M 0s
  1300K .......... .......... .......... .......... .......... 31% 8.41M 0s
  1350K .......... .......... .......... .......... .......... 32% 25.8M 0s
  1400K .......... .......... .......... .......... .......... 33% 29.2M 0s
  1450K .......... .......... .......... .......... .......... 35% 31.9M 0s
  1500K .......... .......... .......... .......... .......... 36% 40.0M 0s
  1550K .......... .......... .......... .......... .......... 37% 40.6M 0s
  1600K .......... .......... .......... .......... .......... 38% 31.8M 0s
  1650K .......... .......... .......... .......... .......... 39% 35.3M 0s
  1700K .......... .......... .......... .......... .......... 40% 36.7M 0s
  1750K .......... .......... .......... .......... .......... 42% 28.4M 0s
  1800K .......... .......... .......... .......... .......... 43% 24.2M 0s
  1850K .......... .......... .......... .......... .......... 44% 40.3M 0s
  1900K .......... .......... .......... .......... .......... 45% 26.2M 0s
  1950K .......... .......... .......... .......... .......... 46% 23.9M 0s
  2000K .......... .......... .......... .......... .......... 48% 43.4M 0s
  2050K .......... .......... .......... .......... .......... 49% 23.4M 0s
  2100K .......... .......... .......... .......... .......... 50% 41.1M 0s
  2150K .......... .......... .......... .......... .......... 51% 32.8M 0s
  2200K .......... .......... .......... .......... .......... 52% 40.9M 0s
  2250K .......... .......... .......... .......... .......... 53% 34.3M 0s
  2300K .......... .......... .......... .......... .......... 55% 43.9M 0s
  2350K .......... .......... .......... .......... .......... 56% 39.5M 0s
  2400K .......... .......... .......... .......... .......... 57% 28.3M 0s
  2450K .......... .......... .......... .......... .......... 58% 17.0M 0s
  2500K .......... .......... .......... .......... .......... 59% 35.2M 0s
  2550K .......... .......... .......... .......... .......... 60% 27.6M 0s
  2600K .......... .......... .......... .......... .......... 62% 32.7M 0s
  2650K .......... .......... .......... .......... .......... 63% 31.4M 0s
  2700K .......... .......... .......... .......... .......... 64% 35.9M 0s
  2750K .......... .......... .......... .......... .......... 65% 26.5M 0s
  2800K .......... .......... .......... .......... .......... 66% 27.7M 0s
  2850K .......... .......... .......... .......... .......... 67% 33.9M 0s
  2900K .......... .......... .......... .......... .......... 69% 29.8M 0s
  2950K .......... .......... .......... .......... .......... 70% 27.0M 0s
  3000K .......... .......... .......... .......... .......... 71% 20.9M 0s
  3050K .......... .......... .......... .......... .......... 72% 88.4M 0s
  3100K .......... .......... .......... .......... .......... 73% 33.1M 0s
  3150K .......... .......... .......... .......... .......... 74% 33.4M 0s
  3200K .......... .......... .......... .......... .......... 76% 35.1M 0s
  3250K .......... .......... .......... .......... .......... 77% 36.9M 0s
  3300K .......... .......... .......... .......... .......... 78% 39.6M 0s
  3350K .......... .......... .......... .......... .......... 79% 25.7M 0s
  3400K .......... .......... .......... .......... .......... 80% 20.9M 0s
  3450K .......... .......... .......... .......... .......... 81% 18.5M 0s
  3500K .......... .......... .......... .......... .......... 83% 35.9M 0s
  3550K .......... .......... .......... .......... .......... 84% 40.6M 0s
  3600K .......... .......... .......... .......... .......... 85% 44.1M 0s
  3650K .......... .......... .......... .......... .......... 86% 19.9M 0s
  3700K .......... .......... .......... .......... .......... 87% 48.6M 0s
  3750K .......... .......... .......... .......... .......... 88% 47.9M 0s
  3800K .......... .......... .......... .......... .......... 90% 34.8M 0s
  3850K .......... .......... .......... .......... .......... 91% 29.9M 0s
  3900K .......... .......... .......... .......... .......... 92% 29.0M 0s
  3950K .......... .......... .......... .......... .......... 93% 8.51M 0s
  4000K .......... .......... .......... .......... .......... 94% 17.2M 0s
  4050K .......... .......... .......... .......... .......... 96% 1.53M 0s
  4100K .......... .......... .......... .......... .......... 97% 12.5M 0s
  4150K .......... .......... .......... .......... .......... 98% 23.7M 0s
  4200K .......... .......... .......... .......... .......... 99% 23.9M 0s
  4250K .......... ..........                                 100% 9.99M=0.3s

2024-03-08 07:22:00 (12.2 MB/s) - 'curl-8.5.0.tar.gz' saved [4372979/4372979]

