--2024-03-08 07:22:25--  https://github.com/libgit2/libgit2/archive/refs/tags/v1.7.2.zip
Resolving github.com (github.com)... 20.27.177.113
Connecting to github.com (github.com)|20.27.177.113|:443... connected.
HTTP request sent, awaiting response... 302 Found
Location: https://codeload.github.com/libgit2/libgit2/zip/refs/tags/v1.7.2 [following]
--2024-03-08 07:22:26--  https://codeload.github.com/libgit2/libgit2/zip/refs/tags/v1.7.2
Resolving codeload.github.com (codeload.github.com)... 20.27.177.114
Connecting to codeload.github.com (codeload.github.com)|20.27.177.114|:443... connected.
HTTP request sent, awaiting response... 200 OK
Length: unspecified [application/zip]
Saving to: 'v1.7.2.zip'

     0K .......... .......... .......... .......... .......... 1.59M
    50K .......... .......... .......... .......... .......... 1.42M
   100K .......... .......... .......... .......... .......... 37.0M
   150K .......... .......... .......... .......... .......... 36.7M
   200K .......... .......... .......... .......... .......... 1.43M
   250K .......... .......... .......... .......... .......... 20.6M
   300K .......... .......... .......... .......... .......... 31.6M
   350K .......... .......... .......... .......... .......... 36.4M
   400K .......... .......... .......... .......... .......... 1.75M
   450K .......... .......... .......... .......... .......... 33.3M
   500K .......... .......... .......... .......... .......... 31.7M
   550K .......... .......... .......... .......... .......... 35.8M
   600K .......... .......... .......... .......... .......... 31.0M
   650K .......... .......... .......... .......... .......... 1.68M
   700K .......... .......... .......... .......... .......... 34.0M
   750K .......... .......... .......... .......... .......... 32.1M
   800K .......... .......... .......... .......... .......... 34.2M
   850K .......... .......... .......... .......... .......... 24.8M
   900K .......... .......... .......... .......... .......... 1.67M
   950K .......... .......... .......... .......... .......... 47.9M
  1000K .......... .......... .......... .......... .......... 26.5M
  1050K .......... .......... .......... .......... .......... 31.4M
  1100K .......... .......... .......... .......... .......... 29.5M
  1150K .......... .......... .......... .......... .......... 27.8M
  1200K .......... .......... .......... .......... .......... 27.0M
  1250K .......... .......... .......... .......... .......... 30.5M
  1300K .......... .......... .......... .......... .......... 39.7M
  1350K .......... .......... .......... .......... .......... 39.5M
  1400K .......... .......... .......... .......... .......... 2.39M
  1450K .......... .......... .......... .......... .......... 34.4M
  1500K .......... .......... .......... .......... .......... 27.5M
  1550K .......... .......... .......... .......... .......... 30.8M
  1600K .......... .......... .......... .......... .......... 23.2M
  1650K .......... .......... .......... .......... .......... 25.9M
  1700K .......... .......... .......... .......... .......... 22.3M
  1750K .......... .......... .......... .......... .......... 28.8M
  1800K .......... .......... .......... .......... .......... 27.8M
  1850K .......... .......... .......... .......... .......... 41.6M
  1900K .......... .......... .......... .......... .......... 37.8M
  1950K .......... .......... .......... .......... .......... 37.0M
  2000K .......... .......... .......... .......... .......... 34.0M
  2050K .......... .......... .......... .......... .......... 31.5M
  2100K .......... .......... .......... .......... .......... 33.7M
  2150K .......... .......... .......... .......... .......... 19.8M
  2200K .......... .......... .......... .......... .......... 24.5M
  2250K .......... .......... .......... .......... .......... 25.5M
  2300K .......... .......... .......... .......... .......... 34.5M
  2350K .......... .......... .......... .......... .......... 48.1M
  2400K .......... .......... .......... .......... .......... 34.5M
  2450K .......... .......... .......... .......... .......... 28.7M
  2500K .......... .......... .......... .......... .......... 28.2M
  2550K .......... .......... .......... .......... .......... 27.1M
  2600K .......... .......... .......... .......... .......... 31.7M
  2650K .......... .......... .......... .......... .......... 31.7M
  2700K .......... .......... .......... .......... .......... 23.2M
  2750K .......... .......... .......... .......... .......... 6.30M
  2800K .......... .......... .......... .......... .......... 30.7M
  2850K .......... .......... .......... .......... .......... 34.6M
  2900K .......... .......... .......... .......... .......... 9.05M
  2950K .......... .......... .......... .......... .......... 9.10M
  3000K .......... .......... .......... .......... .......... 8.28M
  3050K .......... .......... .......... .......... .......... 25.1M
  3100K .......... .......... .......... .......... .......... 7.12M
  3150K .......... .......... .......... .......... .......... 17.4M
  3200K .......... .......... .......... .......... .......... 4.12M
  3250K .......... .......... .......... .......... .......... 37.9M
  3300K .......... .......... .......... .......... .......... 40.3M
  3350K .......... .......... .......... .......... .......... 6.89M
  3400K .......... .......... .......... .......... .......... 7.12M
  3450K .......... .......... .......... .......... .......... 32.6M
  3500K .......... .......... .......... .......... .......... 12.3M
  3550K .......... .......... .......... .......... .......... 12.6M
  3600K .......... .......... .......... .......... .......... 8.32M
  3650K .......... .......... .......... .......... .......... 13.6M
  3700K .......... .......... .......... .......... .......... 17.6M
  3750K .......... .......... .......... .......... .......... 12.5M
  3800K .......... .......... .......... .......... .......... 8.53M
  3850K .......... .......... .......... .......... .......... 14.9M
  3900K .......... .......... .......... .......... .......... 23.1M
  3950K .......... .......... .......... .......... .......... 26.0M
  4000K .......... .......... .......... .......... .......... 26.1M
  4050K .......... .......... .......... .......... .......... 20.6M
  4100K .......... .......... .......... .......... .......... 15.8M
  4150K .......... .......... .......... .......... .......... 9.49M
  4200K .......... .......... .......... .......... .......... 20.1M
  4250K .......... .......... .......... .......... .......... 10.8M
  4300K .......... .......... .......... .......... .......... 30.7M
  4350K .......... .......... .......... .......... .......... 17.8M
  4400K .......... .......... .......... .......... .......... 12.3M
  4450K .......... .......... .......... .......... .......... 2.10M
  4500K .......... .......... .......... .......... .......... 31.4M
  4550K .......... .......... .......... .......... .......... 25.7M
  4600K .......... .......... .......... .......... .......... 25.1M
  4650K .......... .......... .......... .......... .......... 31.1M
  4700K .......... .......... .......... .......... .......... 37.2M
  4750K .......... .......... .......... .......... .......... 21.7M
  4800K .......... .......... .......... .......... .......... 24.1M
  4850K .......... .......... .......... .......... .......... 13.3M
  4900K .......... .......... .......... .......... .......... 3.42M
  4950K .......... .......... .......... .......... .......... 14.7M
  5000K .......... .......... .......... .......... .......... 13.9M
  5050K .......... .......... .......... .......... .......... 25.4M
  5100K .......... .......... .......... .......... .......... 8.16M
  5150K .......... .......... .......... .......... .......... 24.9M
  5200K .......... .......... .......... .......... .......... 3.29M
  5250K .......... .......... .......... .......... .......... 23.4M
  5300K .......... .......... .......... .......... .......... 15.7M
  5350K .......... .......... .......... .......... .......... 15.4M
  5400K .......... .......... .......... .......... .......... 22.6M
  5450K .......... .......... .......... .......... .......... 16.5M
  5500K .......... .......... .......... .......... .......... 17.4M
  5550K .......... .......... .......... .......... .......... 25.3M
  5600K .......... .......... .......... .......... .......... 19.6M
  5650K .......... .......... .......... .......... .......... 13.8M
  5700K .......... .......... .......... .......... .......... 22.6M
  5750K .......... .......... .......... .......... .......... 40.6M
  5800K .......... .......... .......... .......... .......... 26.4M
  5850K .......... .......... .......... .......... .......... 45.8M
  5900K .......... .......... .......... .......... .......... 32.3M
  5950K .......... .......... .......... .......... .......... 28.4M
  6000K .......... .......... .......... .......... .......... 33.3M
  6050K .......... .......... .......... .......... .......... 4.60M
  6100K .......... .......... .......... .......... .......... 31.3M
  6150K .......... .......... .......... .......... .......... 22.9M
  6200K .......... .......... .......... .......... .......... 24.4M
  6250K .......... .......... .......... .......... .......... 57.3M
  6300K .......... .......... .......... .......... .......... 40.8M
  6350K .......... .......... .......... .......... .......... 33.2M
  6400K .......... .......... .......... .......... .......... 34.2M
  6450K .......... .......... .......... .......... .......... 34.5M
  6500K .......... .......... .......... .......... .......... 14.7M
  6550K .......... .......... .......... .......... .......... 14.1M
  6600K .......... .......... .......... .......... .......... 44.8M
  6650K .......... .......... .......... .......... .......... 94.9M
  6700K .......... .......... .......... .......... .......... 4.14M
  6750K .......... .......... .......... .......... .......... 18.5M
  6800K .......... .......... .......... .......... .......... 36.5M
  6850K .......... .......... .......... .......... .......... 31.6M
  6900K .......... .......... .......... .......... .......... 38.4M
  6950K .......... .......... .......... .......... .......... 36.7M
  7000K .......... .......... .......... .......... .......... 33.3M
  7050K .......... .......... .......... .......... .......... 37.4M
  7100K .......... .......... .......... .......... .......... 36.2M
  7150K .......... .......... .......... .......... .......... 34.6M
  7200K .......... .......... .......... .......... .......... 3.01M
  7250K .......... .......... .......... .......... .......... 27.2M
  7300K .......... .......... .......... .......... .......... 22.6M
  7350K .......... .......... .......... .......... .......... 20.3M
  7400K .......... .......... .......... .......... .......... 37.5M
  7450K .......... .......... .......... .......... .......... 32.7M
  7500K .......... .......... .......... .......... .......... 35.3M
  7550K .......... .......... .......... .......... .......... 36.9M
  7600K .......... .......... .......... .......... .......... 37.1M
  7650K .......... .......... .......... .......... .......... 10.5M
  7700K .......... .......... .......... .......... .......... 40.1M
  7750K .......... .......... .......... .......... .......... 30.3M
  7800K .......... .......... .......... .......... .......... 25.6M
  7850K .......... .......... .......... .......... .......... 45.3M
  7900K .......... .......... .......... .......... .......... 35.7M
  7950K .......... .......... .......... .......... .......... 36.6M
  8000K .......... .......... .......... .......... .......... 32.8M
  8050K .......... .......... .......... .......... .......... 26.9M
  8100K .......... .......... .......... .......... .......... 38.3M
  8150K .......... .......... .......... .......... .......... 34.9M
  8200K .......... .......... .......... .......... .......... 2.56M
  8250K .......... .......... .......... .......... .......... 27.7M
  8300K .......... .......... .......... .......... .......... 20.7M
  8350K .......... .......... .......... .......... .......... 21.7M
  8400K .......... .......... .......... .......... .......... 34.8M
  8450K .......... .......... .......... .......... .......... 27.0M
  8500K .......... .......... .......... .......... .......... 34.9M
  8550K .......... .......... .......... .......... .......... 27.6M
  8600K .......... .......... .......... .......... .......... 36.4M
  8650K .......... .......... .......... .......... .......... 30.3M
  8700K .......... .......... .......... .......... .......... 34.0M
  8750K .......... .......... .......... .......... .......... 33.6M
  8800K .......... .......... .......... .......... .......... 29.1M
  8850K .......... .......... .......... .......... .......... 10.3M
  8900K .......... .......... .......... .......... .......... 30.7M
  8950K .......... .......... .......... .......... .......... 18.3M
  9000K .......... .......... .......... .......... .......... 35.3M
  9050K .......... .......... .......... .......... .......... 36.3M
  9100K .......... .......... .......... .......... .......... 29.5M
  9150K .......... .......... .......... .......... .......... 1.51M
  9200K .......... .......... .......... .......... .......... 59.0M
  9250K .......... .......... .......... .......... .......... 15.9M
  9300K .......... .......... .......... .......... .......... 23.1M
  9350K .......... .......... .......... .......... .......... 37.0M
  9400K .......... .......... .......... .......... .......... 27.6M
  9450K .......... .......... .......... .......... .......... 32.2M
  9500K .......... .......... .......... .......... .......... 33.5M
  9550K .......... .......... .......... .......... .......... 15.2M
  9600K .......... .......... .......... .......... .......... 15.3M
  9650K .......... .......... .......... .......... .......... 32.2M
  9700K .......... .......... .......... .......... .......... 38.3M
  9750K .......... .......... .......... .......... .......... 67.2M
  9800K .......... .......... .......... .......... ..........  109M
  9850K .......... .......... .......... .......... .......... 49.9M
  9900K .......... .......... .......... .......... .......... 31.5M
  9950K .......... .......... .......... .......... .......... 4.86M
 10000K .......... .......... .......... .......... .......... 30.2M
 10050K .......... .......... .......... .......... .......... 23.1M
 10100K .......... .......... .......... .......... .......... 22.4M
 10150K .......... .......... .......... .......... .......... 24.6M
 10200K .......... .......... .......... .......... .......... 28.4M
 10250K .......... .......... .......... .......... .......... 15.5M
 10300K .......... .......... .......... .......... .......... 26.1M
 10350K .......... .......... .......... .......... .......... 32.3M
 10400K .......... .......... .......... .......... .......... 38.2M
 10450K .......... .......... .......... .......... .......... 32.5M
 10500K .......... .......... .......... .......... .......... 25.1M
 10550K .......... .......... .......... .......... .......... 42.6M
 10600K .......... .......... .......... .......... .......... 38.6M
 10650K .......... .......... .......... .......... .......... 44.5M
 10700K .......... .......... .......... .......... .......... 36.2M
 10750K .......... .......... .......... .......... .......... 30.8M
 10800K .......... .......... .......... .......... .......... 37.5M
 10850K .......... .......... .......... .......... .......... 28.0M
 10900K .......... .......... .......... .......... .......... 28.6M
 10950K .......... .......... .......... .......... .......... 59.6M
 11000K .......... .......... .......... .......... .......... 23.2M
 11050K .......... .......... .......... .......... .......... 29.0M
 11100K .......... .......... .......... .......... .......... 41.1M
 11150K .......... .......... .......... .......... .......... 35.6M
 11200K .......... .......... .......... .......... .......... 41.5M
 11250K .......... .......... .......... .......... .......... 20.8M
 11300K .......... .......... .......... .......... .......... 47.8M
 11350K .......... .......... .......... .......... .......... 31.8M
 11400K .......... .......... .......... .......... .......... 33.5M
 11450K .......... .......... .......... .......... .......... 49.1M
 11500K .......... .......... .......... .......... .......... 48.3M
 11550K ......                                                 89.4M=0.8s

2024-03-08 07:22:27 (13.9 MB/s) - 'v1.7.2.zip' saved [11834239]

