tools/install.sh -D -m 644 x86_64/include/asm-generic/auxvec.h /deps/musl/include/asm-generic/auxvec.h
tools/install.sh -D -m 644 x86_64/include/asm-generic/bitsperlong.h /deps/musl/include/asm-generic/bitsperlong.h
tools/install.sh -D -m 644 x86_64/include/asm-generic/bpf_perf_event.h /deps/musl/include/asm-generic/bpf_perf_event.h
tools/install.sh -D -m 644 x86_64/include/asm-generic/errno-base.h /deps/musl/include/asm-generic/errno-base.h
tools/install.sh -D -m 644 x86_64/include/asm-generic/errno.h /deps/musl/include/asm-generic/errno.h
tools/install.sh -D -m 644 x86_64/include/asm-generic/fcntl.h /deps/musl/include/asm-generic/fcntl.h
tools/install.sh -D -m 644 x86_64/include/asm-generic/hugetlb_encode.h /deps/musl/include/asm-generic/hugetlb_encode.h
tools/install.sh -D -m 644 x86_64/include/asm-generic/int-l64.h /deps/musl/include/asm-generic/int-l64.h
tools/install.sh -D -m 644 x86_64/include/asm-generic/int-ll64.h /deps/musl/include/asm-generic/int-ll64.h
tools/install.sh -D -m 644 x86_64/include/asm-generic/ioctl.h /deps/musl/include/asm-generic/ioctl.h
tools/install.sh -D -m 644 x86_64/include/asm-generic/ioctls.h /deps/musl/include/asm-generic/ioctls.h
tools/install.sh -D -m 644 x86_64/include/asm-generic/ipcbuf.h /deps/musl/include/asm-generic/ipcbuf.h
tools/install.sh -D -m 644 x86_64/include/asm-generic/kvm_para.h /deps/musl/include/asm-generic/kvm_para.h
tools/install.sh -D -m 644 x86_64/include/asm-generic/mman-common.h /deps/musl/include/asm-generic/mman-common.h
tools/install.sh -D -m 644 x86_64/include/asm-generic/mman.h /deps/musl/include/asm-generic/mman.h
tools/install.sh -D -m 644 x86_64/include/asm-generic/msgbuf.h /deps/musl/include/asm-generic/msgbuf.h
tools/install.sh -D -m 644 x86_64/include/asm-generic/param.h /deps/musl/include/asm-generic/param.h
tools/install.sh -D -m 644 x86_64/include/asm-generic/poll.h /deps/musl/include/asm-generic/poll.h
tools/install.sh -D -m 644 x86_64/include/asm-generic/posix_types.h /deps/musl/include/asm-generic/posix_types.h
tools/install.sh -D -m 644 x86_64/include/asm-generic/resource.h /deps/musl/include/asm-generic/resource.h
tools/install.sh -D -m 644 x86_64/include/asm-generic/sembuf.h /deps/musl/include/asm-generic/sembuf.h
tools/install.sh -D -m 644 x86_64/include/asm-generic/setup.h /deps/musl/include/asm-generic/setup.h
tools/install.sh -D -m 644 x86_64/include/asm-generic/shmbuf.h /deps/musl/include/asm-generic/shmbuf.h
tools/install.sh -D -m 644 x86_64/include/asm-generic/shmparam.h /deps/musl/include/asm-generic/shmparam.h
tools/install.sh -D -m 644 x86_64/include/asm-generic/siginfo.h /deps/musl/include/asm-generic/siginfo.h
tools/install.sh -D -m 644 x86_64/include/asm-generic/signal-defs.h /deps/musl/include/asm-generic/signal-defs.h
tools/install.sh -D -m 644 x86_64/include/asm-generic/signal.h /deps/musl/include/asm-generic/signal.h
tools/install.sh -D -m 644 x86_64/include/asm-generic/socket.h /deps/musl/include/asm-generic/socket.h
tools/install.sh -D -m 644 x86_64/include/asm-generic/sockios.h /deps/musl/include/asm-generic/sockios.h
tools/install.sh -D -m 644 x86_64/include/asm-generic/stat.h /deps/musl/include/asm-generic/stat.h
tools/install.sh -D -m 644 x86_64/include/asm-generic/statfs.h /deps/musl/include/asm-generic/statfs.h
tools/install.sh -D -m 644 x86_64/include/asm-generic/swab.h /deps/musl/include/asm-generic/swab.h
tools/install.sh -D -m 644 x86_64/include/asm-generic/termbits.h /deps/musl/include/asm-generic/termbits.h
tools/install.sh -D -m 644 x86_64/include/asm-generic/termios.h /deps/musl/include/asm-generic/termios.h
tools/install.sh -D -m 644 x86_64/include/asm-generic/types.h /deps/musl/include/asm-generic/types.h
tools/install.sh -D -m 644 x86_64/include/asm-generic/ucontext.h /deps/musl/include/asm-generic/ucontext.h
tools/install.sh -D -m 644 x86_64/include/asm-generic/unistd.h /deps/musl/include/asm-generic/unistd.h
tools/install.sh -D -m 644 x86_64/include/asm/a.out.h /deps/musl/include/asm/a.out.h
tools/install.sh -D -m 644 x86_64/include/asm/auxvec.h /deps/musl/include/asm/auxvec.h
tools/install.sh -D -m 644 x86_64/include/asm/bitsperlong.h /deps/musl/include/asm/bitsperlong.h
tools/install.sh -D -m 644 x86_64/include/asm/boot.h /deps/musl/include/asm/boot.h
tools/install.sh -D -m 644 x86_64/include/asm/bootparam.h /deps/musl/include/asm/bootparam.h
tools/install.sh -D -m 644 x86_64/include/asm/bpf_perf_event.h /deps/musl/include/asm/bpf_perf_event.h
tools/install.sh -D -m 644 x86_64/include/asm/byteorder.h /deps/musl/include/asm/byteorder.h
tools/install.sh -D -m 644 x86_64/include/asm/debugreg.h /deps/musl/include/asm/debugreg.h
tools/install.sh -D -m 644 x86_64/include/asm/e820.h /deps/musl/include/asm/e820.h
tools/install.sh -D -m 644 x86_64/include/asm/errno.h /deps/musl/include/asm/errno.h
tools/install.sh -D -m 644 x86_64/include/asm/fcntl.h /deps/musl/include/asm/fcntl.h
tools/install.sh -D -m 644 x86_64/include/asm/hw_breakpoint.h /deps/musl/include/asm/hw_breakpoint.h
tools/install.sh -D -m 644 x86_64/include/asm/hwcap2.h /deps/musl/include/asm/hwcap2.h
tools/install.sh -D -m 644 x86_64/include/asm/ioctl.h /deps/musl/include/asm/ioctl.h
tools/install.sh -D -m 644 x86_64/include/asm/ioctls.h /deps/musl/include/asm/ioctls.h
tools/install.sh -D -m 644 x86_64/include/asm/ipcbuf.h /deps/musl/include/asm/ipcbuf.h
tools/install.sh -D -m 644 x86_64/include/asm/ist.h /deps/musl/include/asm/ist.h
tools/install.sh -D -m 644 x86_64/include/asm/kvm.h /deps/musl/include/asm/kvm.h
tools/install.sh -D -m 644 x86_64/include/asm/kvm_para.h /deps/musl/include/asm/kvm_para.h
tools/install.sh -D -m 644 x86_64/include/asm/kvm_perf.h /deps/musl/include/asm/kvm_perf.h
tools/install.sh -D -m 644 x86_64/include/asm/ldt.h /deps/musl/include/asm/ldt.h
tools/install.sh -D -m 644 x86_64/include/asm/mce.h /deps/musl/include/asm/mce.h
tools/install.sh -D -m 644 x86_64/include/asm/mman.h /deps/musl/include/asm/mman.h
tools/install.sh -D -m 644 x86_64/include/asm/msgbuf.h /deps/musl/include/asm/msgbuf.h
tools/install.sh -D -m 644 x86_64/include/asm/msr.h /deps/musl/include/asm/msr.h
tools/install.sh -D -m 644 x86_64/include/asm/mtrr.h /deps/musl/include/asm/mtrr.h
tools/install.sh -D -m 644 x86_64/include/asm/param.h /deps/musl/include/asm/param.h
tools/install.sh -D -m 644 x86_64/include/asm/perf_regs.h /deps/musl/include/asm/perf_regs.h
tools/install.sh -D -m 644 x86_64/include/asm/poll.h /deps/musl/include/asm/poll.h
tools/install.sh -D -m 644 x86_64/include/asm/posix_types.h /deps/musl/include/asm/posix_types.h
tools/install.sh -D -m 644 x86_64/include/asm/posix_types_32.h /deps/musl/include/asm/posix_types_32.h
tools/install.sh -D -m 644 x86_64/include/asm/posix_types_64.h /deps/musl/include/asm/posix_types_64.h
tools/install.sh -D -m 644 x86_64/include/asm/posix_types_x32.h /deps/musl/include/asm/posix_types_x32.h
tools/install.sh -D -m 644 x86_64/include/asm/prctl.h /deps/musl/include/asm/prctl.h
tools/install.sh -D -m 644 x86_64/include/asm/processor-flags.h /deps/musl/include/asm/processor-flags.h
tools/install.sh -D -m 644 x86_64/include/asm/ptrace-abi.h /deps/musl/include/asm/ptrace-abi.h
tools/install.sh -D -m 644 x86_64/include/asm/ptrace.h /deps/musl/include/asm/ptrace.h
tools/install.sh -D -m 644 x86_64/include/asm/resource.h /deps/musl/include/asm/resource.h
tools/install.sh -D -m 644 x86_64/include/asm/sembuf.h /deps/musl/include/asm/sembuf.h
tools/install.sh -D -m 644 x86_64/include/asm/setup.h /deps/musl/include/asm/setup.h
tools/install.sh -D -m 644 x86_64/include/asm/shmbuf.h /deps/musl/include/asm/shmbuf.h
tools/install.sh -D -m 644 x86_64/include/asm/sigcontext.h /deps/musl/include/asm/sigcontext.h
tools/install.sh -D -m 644 x86_64/include/asm/sigcontext32.h /deps/musl/include/asm/sigcontext32.h
tools/install.sh -D -m 644 x86_64/include/asm/siginfo.h /deps/musl/include/asm/siginfo.h
tools/install.sh -D -m 644 x86_64/include/asm/signal.h /deps/musl/include/asm/signal.h
tools/install.sh -D -m 644 x86_64/include/asm/socket.h /deps/musl/include/asm/socket.h
tools/install.sh -D -m 644 x86_64/include/asm/sockios.h /deps/musl/include/asm/sockios.h
tools/install.sh -D -m 644 x86_64/include/asm/stat.h /deps/musl/include/asm/stat.h
tools/install.sh -D -m 644 x86_64/include/asm/statfs.h /deps/musl/include/asm/statfs.h
tools/install.sh -D -m 644 x86_64/include/asm/svm.h /deps/musl/include/asm/svm.h
tools/install.sh -D -m 644 x86_64/include/asm/swab.h /deps/musl/include/asm/swab.h
tools/install.sh -D -m 644 x86_64/include/asm/termbits.h /deps/musl/include/asm/termbits.h
tools/install.sh -D -m 644 x86_64/include/asm/termios.h /deps/musl/include/asm/termios.h
tools/install.sh -D -m 644 x86_64/include/asm/types.h /deps/musl/include/asm/types.h
tools/install.sh -D -m 644 x86_64/include/asm/ucontext.h /deps/musl/include/asm/ucontext.h
tools/install.sh -D -m 644 x86_64/include/asm/unistd.h /deps/musl/include/asm/unistd.h
tools/install.sh -D -m 644 x86_64/include/asm/unistd_32.h /deps/musl/include/asm/unistd_32.h
tools/install.sh -D -m 644 x86_64/include/asm/unistd_64.h /deps/musl/include/asm/unistd_64.h
tools/install.sh -D -m 644 x86_64/include/asm/unistd_x32.h /deps/musl/include/asm/unistd_x32.h
tools/install.sh -D -m 644 x86_64/include/asm/vm86.h /deps/musl/include/asm/vm86.h
tools/install.sh -D -m 644 x86_64/include/asm/vmx.h /deps/musl/include/asm/vmx.h
tools/install.sh -D -m 644 x86_64/include/asm/vsyscall.h /deps/musl/include/asm/vsyscall.h
tools/install.sh -D -m 644 x86_64/include/drm/amdgpu_drm.h /deps/musl/include/drm/amdgpu_drm.h
tools/install.sh -D -m 644 x86_64/include/drm/armada_drm.h /deps/musl/include/drm/armada_drm.h
tools/install.sh -D -m 644 x86_64/include/drm/drm.h /deps/musl/include/drm/drm.h
tools/install.sh -D -m 644 x86_64/include/drm/drm_fourcc.h /deps/musl/include/drm/drm_fourcc.h
tools/install.sh -D -m 644 x86_64/include/drm/drm_mode.h /deps/musl/include/drm/drm_mode.h
tools/install.sh -D -m 644 x86_64/include/drm/drm_sarea.h /deps/musl/include/drm/drm_sarea.h
tools/install.sh -D -m 644 x86_64/include/drm/etnaviv_drm.h /deps/musl/include/drm/etnaviv_drm.h
tools/install.sh -D -m 644 x86_64/include/drm/exynos_drm.h /deps/musl/include/drm/exynos_drm.h
tools/install.sh -D -m 644 x86_64/include/drm/i810_drm.h /deps/musl/include/drm/i810_drm.h
tools/install.sh -D -m 644 x86_64/include/drm/i915_drm.h /deps/musl/include/drm/i915_drm.h
tools/install.sh -D -m 644 x86_64/include/drm/mga_drm.h /deps/musl/include/drm/mga_drm.h
tools/install.sh -D -m 644 x86_64/include/drm/msm_drm.h /deps/musl/include/drm/msm_drm.h
tools/install.sh -D -m 644 x86_64/include/drm/nouveau_drm.h /deps/musl/include/drm/nouveau_drm.h
tools/install.sh -D -m 644 x86_64/include/drm/omap_drm.h /deps/musl/include/drm/omap_drm.h
tools/install.sh -D -m 644 x86_64/include/drm/qxl_drm.h /deps/musl/include/drm/qxl_drm.h
tools/install.sh -D -m 644 x86_64/include/drm/r128_drm.h /deps/musl/include/drm/r128_drm.h
tools/install.sh -D -m 644 x86_64/include/drm/radeon_drm.h /deps/musl/include/drm/radeon_drm.h
tools/install.sh -D -m 644 x86_64/include/drm/savage_drm.h /deps/musl/include/drm/savage_drm.h
tools/install.sh -D -m 644 x86_64/include/drm/sis_drm.h /deps/musl/include/drm/sis_drm.h
tools/install.sh -D -m 644 x86_64/include/drm/tegra_drm.h /deps/musl/include/drm/tegra_drm.h
tools/install.sh -D -m 644 x86_64/include/drm/v3d_drm.h /deps/musl/include/drm/v3d_drm.h
tools/install.sh -D -m 644 x86_64/include/drm/vc4_drm.h /deps/musl/include/drm/vc4_drm.h
tools/install.sh -D -m 644 x86_64/include/drm/vgem_drm.h /deps/musl/include/drm/vgem_drm.h
tools/install.sh -D -m 644 x86_64/include/drm/via_drm.h /deps/musl/include/drm/via_drm.h
tools/install.sh -D -m 644 x86_64/include/drm/virtgpu_drm.h /deps/musl/include/drm/virtgpu_drm.h
tools/install.sh -D -m 644 x86_64/include/drm/vmwgfx_drm.h /deps/musl/include/drm/vmwgfx_drm.h
tools/install.sh -D -m 644 x86_64/include/linux/a.out.h /deps/musl/include/linux/a.out.h
tools/install.sh -D -m 644 x86_64/include/linux/acct.h /deps/musl/include/linux/acct.h
tools/install.sh -D -m 644 x86_64/include/linux/adb.h /deps/musl/include/linux/adb.h
tools/install.sh -D -m 644 x86_64/include/linux/adfs_fs.h /deps/musl/include/linux/adfs_fs.h
tools/install.sh -D -m 644 x86_64/include/linux/affs_hardblocks.h /deps/musl/include/linux/affs_hardblocks.h
tools/install.sh -D -m 644 x86_64/include/linux/agpgart.h /deps/musl/include/linux/agpgart.h
tools/install.sh -D -m 644 x86_64/include/linux/aio_abi.h /deps/musl/include/linux/aio_abi.h
tools/install.sh -D -m 644 x86_64/include/linux/am437x-vpfe.h /deps/musl/include/linux/am437x-vpfe.h
tools/install.sh -D -m 644 x86_64/include/linux/android/binder.h /deps/musl/include/linux/android/binder.h
tools/install.sh -D -m 644 x86_64/include/linux/apm_bios.h /deps/musl/include/linux/apm_bios.h
tools/install.sh -D -m 644 x86_64/include/linux/arcfb.h /deps/musl/include/linux/arcfb.h
tools/install.sh -D -m 644 x86_64/include/linux/arm_sdei.h /deps/musl/include/linux/arm_sdei.h
tools/install.sh -D -m 644 x86_64/include/linux/aspeed-lpc-ctrl.h /deps/musl/include/linux/aspeed-lpc-ctrl.h
tools/install.sh -D -m 644 x86_64/include/linux/atalk.h /deps/musl/include/linux/atalk.h
tools/install.sh -D -m 644 x86_64/include/linux/atm.h /deps/musl/include/linux/atm.h
tools/install.sh -D -m 644 x86_64/include/linux/atm_eni.h /deps/musl/include/linux/atm_eni.h
tools/install.sh -D -m 644 x86_64/include/linux/atm_he.h /deps/musl/include/linux/atm_he.h
tools/install.sh -D -m 644 x86_64/include/linux/atm_idt77105.h /deps/musl/include/linux/atm_idt77105.h
tools/install.sh -D -m 644 x86_64/include/linux/atm_nicstar.h /deps/musl/include/linux/atm_nicstar.h
tools/install.sh -D -m 644 x86_64/include/linux/atm_tcp.h /deps/musl/include/linux/atm_tcp.h
tools/install.sh -D -m 644 x86_64/include/linux/atm_zatm.h /deps/musl/include/linux/atm_zatm.h
tools/install.sh -D -m 644 x86_64/include/linux/atmapi.h /deps/musl/include/linux/atmapi.h
tools/install.sh -D -m 644 x86_64/include/linux/atmarp.h /deps/musl/include/linux/atmarp.h
tools/install.sh -D -m 644 x86_64/include/linux/atmbr2684.h /deps/musl/include/linux/atmbr2684.h
tools/install.sh -D -m 644 x86_64/include/linux/atmclip.h /deps/musl/include/linux/atmclip.h
tools/install.sh -D -m 644 x86_64/include/linux/atmdev.h /deps/musl/include/linux/atmdev.h
tools/install.sh -D -m 644 x86_64/include/linux/atmioc.h /deps/musl/include/linux/atmioc.h
tools/install.sh -D -m 644 x86_64/include/linux/atmlec.h /deps/musl/include/linux/atmlec.h
tools/install.sh -D -m 644 x86_64/include/linux/atmmpc.h /deps/musl/include/linux/atmmpc.h
tools/install.sh -D -m 644 x86_64/include/linux/atmppp.h /deps/musl/include/linux/atmppp.h
tools/install.sh -D -m 644 x86_64/include/linux/atmsap.h /deps/musl/include/linux/atmsap.h
tools/install.sh -D -m 644 x86_64/include/linux/atmsvc.h /deps/musl/include/linux/atmsvc.h
tools/install.sh -D -m 644 x86_64/include/linux/audit.h /deps/musl/include/linux/audit.h
tools/install.sh -D -m 644 x86_64/include/linux/auto_dev-ioctl.h /deps/musl/include/linux/auto_dev-ioctl.h
tools/install.sh -D -m 644 x86_64/include/linux/auto_fs.h /deps/musl/include/linux/auto_fs.h
tools/install.sh -D -m 644 x86_64/include/linux/auto_fs4.h /deps/musl/include/linux/auto_fs4.h
tools/install.sh -D -m 644 x86_64/include/linux/auxvec.h /deps/musl/include/linux/auxvec.h
tools/install.sh -D -m 644 x86_64/include/linux/ax25.h /deps/musl/include/linux/ax25.h
tools/install.sh -D -m 644 x86_64/include/linux/b1lli.h /deps/musl/include/linux/b1lli.h
tools/install.sh -D -m 644 x86_64/include/linux/batadv_packet.h /deps/musl/include/linux/batadv_packet.h
tools/install.sh -D -m 644 x86_64/include/linux/batman_adv.h /deps/musl/include/linux/batman_adv.h
tools/install.sh -D -m 644 x86_64/include/linux/baycom.h /deps/musl/include/linux/baycom.h
tools/install.sh -D -m 644 x86_64/include/linux/bcache.h /deps/musl/include/linux/bcache.h
tools/install.sh -D -m 644 x86_64/include/linux/bcm933xx_hcs.h /deps/musl/include/linux/bcm933xx_hcs.h
tools/install.sh -D -m 644 x86_64/include/linux/bfs_fs.h /deps/musl/include/linux/bfs_fs.h
tools/install.sh -D -m 644 x86_64/include/linux/binfmts.h /deps/musl/include/linux/binfmts.h
tools/install.sh -D -m 644 x86_64/include/linux/blkpg.h /deps/musl/include/linux/blkpg.h
tools/install.sh -D -m 644 x86_64/include/linux/blktrace_api.h /deps/musl/include/linux/blktrace_api.h
tools/install.sh -D -m 644 x86_64/include/linux/blkzoned.h /deps/musl/include/linux/blkzoned.h
tools/install.sh -D -m 644 x86_64/include/linux/bpf.h /deps/musl/include/linux/bpf.h
tools/install.sh -D -m 644 x86_64/include/linux/bpf_common.h /deps/musl/include/linux/bpf_common.h
tools/install.sh -D -m 644 x86_64/include/linux/bpf_perf_event.h /deps/musl/include/linux/bpf_perf_event.h
tools/install.sh -D -m 644 x86_64/include/linux/bpfilter.h /deps/musl/include/linux/bpfilter.h
tools/install.sh -D -m 644 x86_64/include/linux/bpqether.h /deps/musl/include/linux/bpqether.h
tools/install.sh -D -m 644 x86_64/include/linux/bsg.h /deps/musl/include/linux/bsg.h
tools/install.sh -D -m 644 x86_64/include/linux/bt-bmc.h /deps/musl/include/linux/bt-bmc.h
tools/install.sh -D -m 644 x86_64/include/linux/btf.h /deps/musl/include/linux/btf.h
tools/install.sh -D -m 644 x86_64/include/linux/btrfs.h /deps/musl/include/linux/btrfs.h
tools/install.sh -D -m 644 x86_64/include/linux/btrfs_tree.h /deps/musl/include/linux/btrfs_tree.h
tools/install.sh -D -m 644 x86_64/include/linux/byteorder/big_endian.h /deps/musl/include/linux/byteorder/big_endian.h
tools/install.sh -D -m 644 x86_64/include/linux/byteorder/little_endian.h /deps/musl/include/linux/byteorder/little_endian.h
tools/install.sh -D -m 644 x86_64/include/linux/caif/caif_socket.h /deps/musl/include/linux/caif/caif_socket.h
tools/install.sh -D -m 644 x86_64/include/linux/caif/if_caif.h /deps/musl/include/linux/caif/if_caif.h
tools/install.sh -D -m 644 x86_64/include/linux/can.h /deps/musl/include/linux/can.h
tools/install.sh -D -m 644 x86_64/include/linux/can/bcm.h /deps/musl/include/linux/can/bcm.h
tools/install.sh -D -m 644 x86_64/include/linux/can/error.h /deps/musl/include/linux/can/error.h
tools/install.sh -D -m 644 x86_64/include/linux/can/gw.h /deps/musl/include/linux/can/gw.h
tools/install.sh -D -m 644 x86_64/include/linux/can/netlink.h /deps/musl/include/linux/can/netlink.h
tools/install.sh -D -m 644 x86_64/include/linux/can/raw.h /deps/musl/include/linux/can/raw.h
tools/install.sh -D -m 644 x86_64/include/linux/can/vxcan.h /deps/musl/include/linux/can/vxcan.h
tools/install.sh -D -m 644 x86_64/include/linux/capability.h /deps/musl/include/linux/capability.h
tools/install.sh -D -m 644 x86_64/include/linux/capi.h /deps/musl/include/linux/capi.h
tools/install.sh -D -m 644 x86_64/include/linux/cciss_defs.h /deps/musl/include/linux/cciss_defs.h
tools/install.sh -D -m 644 x86_64/include/linux/cciss_ioctl.h /deps/musl/include/linux/cciss_ioctl.h
tools/install.sh -D -m 644 x86_64/include/linux/cdrom.h /deps/musl/include/linux/cdrom.h
tools/install.sh -D -m 644 x86_64/include/linux/cec-funcs.h /deps/musl/include/linux/cec-funcs.h
tools/install.sh -D -m 644 x86_64/include/linux/cec.h /deps/musl/include/linux/cec.h
tools/install.sh -D -m 644 x86_64/include/linux/cgroupstats.h /deps/musl/include/linux/cgroupstats.h
tools/install.sh -D -m 644 x86_64/include/linux/chio.h /deps/musl/include/linux/chio.h
tools/install.sh -D -m 644 x86_64/include/linux/cifs/cifs_mount.h /deps/musl/include/linux/cifs/cifs_mount.h
tools/install.sh -D -m 644 x86_64/include/linux/cm4000_cs.h /deps/musl/include/linux/cm4000_cs.h
tools/install.sh -D -m 644 x86_64/include/linux/cn_proc.h /deps/musl/include/linux/cn_proc.h
tools/install.sh -D -m 644 x86_64/include/linux/coda.h /deps/musl/include/linux/coda.h
tools/install.sh -D -m 644 x86_64/include/linux/coda_psdev.h /deps/musl/include/linux/coda_psdev.h
tools/install.sh -D -m 644 x86_64/include/linux/coff.h /deps/musl/include/linux/coff.h
tools/install.sh -D -m 644 x86_64/include/linux/connector.h /deps/musl/include/linux/connector.h
tools/install.sh -D -m 644 x86_64/include/linux/const.h /deps/musl/include/linux/const.h
tools/install.sh -D -m 644 x86_64/include/linux/coresight-stm.h /deps/musl/include/linux/coresight-stm.h
tools/install.sh -D -m 644 x86_64/include/linux/cramfs_fs.h /deps/musl/include/linux/cramfs_fs.h
tools/install.sh -D -m 644 x86_64/include/linux/cryptouser.h /deps/musl/include/linux/cryptouser.h
tools/install.sh -D -m 644 x86_64/include/linux/cuda.h /deps/musl/include/linux/cuda.h
tools/install.sh -D -m 644 x86_64/include/linux/cyclades.h /deps/musl/include/linux/cyclades.h
tools/install.sh -D -m 644 x86_64/include/linux/cycx_cfm.h /deps/musl/include/linux/cycx_cfm.h
tools/install.sh -D -m 644 x86_64/include/linux/dcbnl.h /deps/musl/include/linux/dcbnl.h
tools/install.sh -D -m 644 x86_64/include/linux/dccp.h /deps/musl/include/linux/dccp.h
tools/install.sh -D -m 644 x86_64/include/linux/devlink.h /deps/musl/include/linux/devlink.h
tools/install.sh -D -m 644 x86_64/include/linux/dlm.h /deps/musl/include/linux/dlm.h
tools/install.sh -D -m 644 x86_64/include/linux/dlm_device.h /deps/musl/include/linux/dlm_device.h
tools/install.sh -D -m 644 x86_64/include/linux/dlm_netlink.h /deps/musl/include/linux/dlm_netlink.h
tools/install.sh -D -m 644 x86_64/include/linux/dlm_plock.h /deps/musl/include/linux/dlm_plock.h
tools/install.sh -D -m 644 x86_64/include/linux/dlmconstants.h /deps/musl/include/linux/dlmconstants.h
tools/install.sh -D -m 644 x86_64/include/linux/dm-ioctl.h /deps/musl/include/linux/dm-ioctl.h
tools/install.sh -D -m 644 x86_64/include/linux/dm-log-userspace.h /deps/musl/include/linux/dm-log-userspace.h
tools/install.sh -D -m 644 x86_64/include/linux/dma-buf.h /deps/musl/include/linux/dma-buf.h
tools/install.sh -D -m 644 x86_64/include/linux/dn.h /deps/musl/include/linux/dn.h
tools/install.sh -D -m 644 x86_64/include/linux/dqblk_xfs.h /deps/musl/include/linux/dqblk_xfs.h
tools/install.sh -D -m 644 x86_64/include/linux/dvb/audio.h /deps/musl/include/linux/dvb/audio.h
tools/install.sh -D -m 644 x86_64/include/linux/dvb/ca.h /deps/musl/include/linux/dvb/ca.h
tools/install.sh -D -m 644 x86_64/include/linux/dvb/dmx.h /deps/musl/include/linux/dvb/dmx.h
tools/install.sh -D -m 644 x86_64/include/linux/dvb/frontend.h /deps/musl/include/linux/dvb/frontend.h
tools/install.sh -D -m 644 x86_64/include/linux/dvb/net.h /deps/musl/include/linux/dvb/net.h
tools/install.sh -D -m 644 x86_64/include/linux/dvb/osd.h /deps/musl/include/linux/dvb/osd.h
tools/install.sh -D -m 644 x86_64/include/linux/dvb/version.h /deps/musl/include/linux/dvb/version.h
tools/install.sh -D -m 644 x86_64/include/linux/dvb/video.h /deps/musl/include/linux/dvb/video.h
tools/install.sh -D -m 644 x86_64/include/linux/edd.h /deps/musl/include/linux/edd.h
tools/install.sh -D -m 644 x86_64/include/linux/efs_fs_sb.h /deps/musl/include/linux/efs_fs_sb.h
tools/install.sh -D -m 644 x86_64/include/linux/elf-em.h /deps/musl/include/linux/elf-em.h
tools/install.sh -D -m 644 x86_64/include/linux/elf-fdpic.h /deps/musl/include/linux/elf-fdpic.h
tools/install.sh -D -m 644 x86_64/include/linux/elf.h /deps/musl/include/linux/elf.h
tools/install.sh -D -m 644 x86_64/include/linux/elfcore.h /deps/musl/include/linux/elfcore.h
tools/install.sh -D -m 644 x86_64/include/linux/errno.h /deps/musl/include/linux/errno.h
tools/install.sh -D -m 644 x86_64/include/linux/errqueue.h /deps/musl/include/linux/errqueue.h
tools/install.sh -D -m 644 x86_64/include/linux/erspan.h /deps/musl/include/linux/erspan.h
tools/install.sh -D -m 644 x86_64/include/linux/ethtool.h /deps/musl/include/linux/ethtool.h
tools/install.sh -D -m 644 x86_64/include/linux/eventpoll.h /deps/musl/include/linux/eventpoll.h
tools/install.sh -D -m 644 x86_64/include/linux/fadvise.h /deps/musl/include/linux/fadvise.h
tools/install.sh -D -m 644 x86_64/include/linux/falloc.h /deps/musl/include/linux/falloc.h
tools/install.sh -D -m 644 x86_64/include/linux/fanotify.h /deps/musl/include/linux/fanotify.h
tools/install.sh -D -m 644 x86_64/include/linux/fb.h /deps/musl/include/linux/fb.h
tools/install.sh -D -m 644 x86_64/include/linux/fcntl.h /deps/musl/include/linux/fcntl.h
tools/install.sh -D -m 644 x86_64/include/linux/fd.h /deps/musl/include/linux/fd.h
tools/install.sh -D -m 644 x86_64/include/linux/fdreg.h /deps/musl/include/linux/fdreg.h
tools/install.sh -D -m 644 x86_64/include/linux/fib_rules.h /deps/musl/include/linux/fib_rules.h
tools/install.sh -D -m 644 x86_64/include/linux/fiemap.h /deps/musl/include/linux/fiemap.h
tools/install.sh -D -m 644 x86_64/include/linux/filter.h /deps/musl/include/linux/filter.h
tools/install.sh -D -m 644 x86_64/include/linux/firewire-cdev.h /deps/musl/include/linux/firewire-cdev.h
tools/install.sh -D -m 644 x86_64/include/linux/firewire-constants.h /deps/musl/include/linux/firewire-constants.h
tools/install.sh -D -m 644 x86_64/include/linux/flat.h /deps/musl/include/linux/flat.h
tools/install.sh -D -m 644 x86_64/include/linux/fou.h /deps/musl/include/linux/fou.h
tools/install.sh -D -m 644 x86_64/include/linux/fpga-dfl.h /deps/musl/include/linux/fpga-dfl.h
tools/install.sh -D -m 644 x86_64/include/linux/fs.h /deps/musl/include/linux/fs.h
tools/install.sh -D -m 644 x86_64/include/linux/fsi.h /deps/musl/include/linux/fsi.h
tools/install.sh -D -m 644 x86_64/include/linux/fsl_hypervisor.h /deps/musl/include/linux/fsl_hypervisor.h
tools/install.sh -D -m 644 x86_64/include/linux/fsmap.h /deps/musl/include/linux/fsmap.h
tools/install.sh -D -m 644 x86_64/include/linux/fuse.h /deps/musl/include/linux/fuse.h
tools/install.sh -D -m 644 x86_64/include/linux/futex.h /deps/musl/include/linux/futex.h
tools/install.sh -D -m 644 x86_64/include/linux/gameport.h /deps/musl/include/linux/gameport.h
tools/install.sh -D -m 644 x86_64/include/linux/gen_stats.h /deps/musl/include/linux/gen_stats.h
tools/install.sh -D -m 644 x86_64/include/linux/genetlink.h /deps/musl/include/linux/genetlink.h
tools/install.sh -D -m 644 x86_64/include/linux/genwqe/genwqe_card.h /deps/musl/include/linux/genwqe/genwqe_card.h
tools/install.sh -D -m 644 x86_64/include/linux/gfs2_ondisk.h /deps/musl/include/linux/gfs2_ondisk.h
tools/install.sh -D -m 644 x86_64/include/linux/gigaset_dev.h /deps/musl/include/linux/gigaset_dev.h
tools/install.sh -D -m 644 x86_64/include/linux/gpio.h /deps/musl/include/linux/gpio.h
tools/install.sh -D -m 644 x86_64/include/linux/gsmmux.h /deps/musl/include/linux/gsmmux.h
tools/install.sh -D -m 644 x86_64/include/linux/gtp.h /deps/musl/include/linux/gtp.h
tools/install.sh -D -m 644 x86_64/include/linux/hash_info.h /deps/musl/include/linux/hash_info.h
tools/install.sh -D -m 644 x86_64/include/linux/hdlc.h /deps/musl/include/linux/hdlc.h
tools/install.sh -D -m 644 x86_64/include/linux/hdlc/ioctl.h /deps/musl/include/linux/hdlc/ioctl.h
tools/install.sh -D -m 644 x86_64/include/linux/hdlcdrv.h /deps/musl/include/linux/hdlcdrv.h
tools/install.sh -D -m 644 x86_64/include/linux/hdreg.h /deps/musl/include/linux/hdreg.h
tools/install.sh -D -m 644 x86_64/include/linux/hid.h /deps/musl/include/linux/hid.h
tools/install.sh -D -m 644 x86_64/include/linux/hiddev.h /deps/musl/include/linux/hiddev.h
tools/install.sh -D -m 644 x86_64/include/linux/hidraw.h /deps/musl/include/linux/hidraw.h
tools/install.sh -D -m 644 x86_64/include/linux/hpet.h /deps/musl/include/linux/hpet.h
tools/install.sh -D -m 644 x86_64/include/linux/hsi/cs-protocol.h /deps/musl/include/linux/hsi/cs-protocol.h
tools/install.sh -D -m 644 x86_64/include/linux/hsi/hsi_char.h /deps/musl/include/linux/hsi/hsi_char.h
tools/install.sh -D -m 644 x86_64/include/linux/hsr_netlink.h /deps/musl/include/linux/hsr_netlink.h
tools/install.sh -D -m 644 x86_64/include/linux/hw_breakpoint.h /deps/musl/include/linux/hw_breakpoint.h
tools/install.sh -D -m 644 x86_64/include/linux/hyperv.h /deps/musl/include/linux/hyperv.h
tools/install.sh -D -m 644 x86_64/include/linux/hysdn_if.h /deps/musl/include/linux/hysdn_if.h
tools/install.sh -D -m 644 x86_64/include/linux/i2c-dev.h /deps/musl/include/linux/i2c-dev.h
tools/install.sh -D -m 644 x86_64/include/linux/i2c.h /deps/musl/include/linux/i2c.h
tools/install.sh -D -m 644 x86_64/include/linux/i2o-dev.h /deps/musl/include/linux/i2o-dev.h
tools/install.sh -D -m 644 x86_64/include/linux/i8k.h /deps/musl/include/linux/i8k.h
tools/install.sh -D -m 644 x86_64/include/linux/icmp.h /deps/musl/include/linux/icmp.h
tools/install.sh -D -m 644 x86_64/include/linux/icmpv6.h /deps/musl/include/linux/icmpv6.h
tools/install.sh -D -m 644 x86_64/include/linux/if.h /deps/musl/include/linux/if.h
tools/install.sh -D -m 644 x86_64/include/linux/if_addr.h /deps/musl/include/linux/if_addr.h
tools/install.sh -D -m 644 x86_64/include/linux/if_addrlabel.h /deps/musl/include/linux/if_addrlabel.h
tools/install.sh -D -m 644 x86_64/include/linux/if_alg.h /deps/musl/include/linux/if_alg.h
tools/install.sh -D -m 644 x86_64/include/linux/if_arcnet.h /deps/musl/include/linux/if_arcnet.h
tools/install.sh -D -m 644 x86_64/include/linux/if_arp.h /deps/musl/include/linux/if_arp.h
tools/install.sh -D -m 644 x86_64/include/linux/if_bonding.h /deps/musl/include/linux/if_bonding.h
tools/install.sh -D -m 644 x86_64/include/linux/if_bridge.h /deps/musl/include/linux/if_bridge.h
tools/install.sh -D -m 644 x86_64/include/linux/if_cablemodem.h /deps/musl/include/linux/if_cablemodem.h
tools/install.sh -D -m 644 x86_64/include/linux/if_eql.h /deps/musl/include/linux/if_eql.h
tools/install.sh -D -m 644 x86_64/include/linux/if_ether.h /deps/musl/include/linux/if_ether.h
tools/install.sh -D -m 644 x86_64/include/linux/if_fc.h /deps/musl/include/linux/if_fc.h
tools/install.sh -D -m 644 x86_64/include/linux/if_fddi.h /deps/musl/include/linux/if_fddi.h
tools/install.sh -D -m 644 x86_64/include/linux/if_frad.h /deps/musl/include/linux/if_frad.h
tools/install.sh -D -m 644 x86_64/include/linux/if_hippi.h /deps/musl/include/linux/if_hippi.h
tools/install.sh -D -m 644 x86_64/include/linux/if_infiniband.h /deps/musl/include/linux/if_infiniband.h
tools/install.sh -D -m 644 x86_64/include/linux/if_link.h /deps/musl/include/linux/if_link.h
tools/install.sh -D -m 644 x86_64/include/linux/if_ltalk.h /deps/musl/include/linux/if_ltalk.h
tools/install.sh -D -m 644 x86_64/include/linux/if_macsec.h /deps/musl/include/linux/if_macsec.h
tools/install.sh -D -m 644 x86_64/include/linux/if_packet.h /deps/musl/include/linux/if_packet.h
tools/install.sh -D -m 644 x86_64/include/linux/if_phonet.h /deps/musl/include/linux/if_phonet.h
tools/install.sh -D -m 644 x86_64/include/linux/if_plip.h /deps/musl/include/linux/if_plip.h
tools/install.sh -D -m 644 x86_64/include/linux/if_ppp.h /deps/musl/include/linux/if_ppp.h
tools/install.sh -D -m 644 x86_64/include/linux/if_pppol2tp.h /deps/musl/include/linux/if_pppol2tp.h
tools/install.sh -D -m 644 x86_64/include/linux/if_pppox.h /deps/musl/include/linux/if_pppox.h
tools/install.sh -D -m 644 x86_64/include/linux/if_slip.h /deps/musl/include/linux/if_slip.h
tools/install.sh -D -m 644 x86_64/include/linux/if_team.h /deps/musl/include/linux/if_team.h
tools/install.sh -D -m 644 x86_64/include/linux/if_tun.h /deps/musl/include/linux/if_tun.h
tools/install.sh -D -m 644 x86_64/include/linux/if_tunnel.h /deps/musl/include/linux/if_tunnel.h
tools/install.sh -D -m 644 x86_64/include/linux/if_vlan.h /deps/musl/include/linux/if_vlan.h
tools/install.sh -D -m 644 x86_64/include/linux/if_x25.h /deps/musl/include/linux/if_x25.h
tools/install.sh -D -m 644 x86_64/include/linux/if_xdp.h /deps/musl/include/linux/if_xdp.h
tools/install.sh -D -m 644 x86_64/include/linux/ife.h /deps/musl/include/linux/ife.h
tools/install.sh -D -m 644 x86_64/include/linux/igmp.h /deps/musl/include/linux/igmp.h
tools/install.sh -D -m 644 x86_64/include/linux/iio/events.h /deps/musl/include/linux/iio/events.h
tools/install.sh -D -m 644 x86_64/include/linux/iio/types.h /deps/musl/include/linux/iio/types.h
tools/install.sh -D -m 644 x86_64/include/linux/ila.h /deps/musl/include/linux/ila.h
tools/install.sh -D -m 644 x86_64/include/linux/in.h /deps/musl/include/linux/in.h
tools/install.sh -D -m 644 x86_64/include/linux/in6.h /deps/musl/include/linux/in6.h
tools/install.sh -D -m 644 x86_64/include/linux/in_route.h /deps/musl/include/linux/in_route.h
tools/install.sh -D -m 644 x86_64/include/linux/inet_diag.h /deps/musl/include/linux/inet_diag.h
tools/install.sh -D -m 644 x86_64/include/linux/inotify.h /deps/musl/include/linux/inotify.h
tools/install.sh -D -m 644 x86_64/include/linux/input-event-codes.h /deps/musl/include/linux/input-event-codes.h
tools/install.sh -D -m 644 x86_64/include/linux/input.h /deps/musl/include/linux/input.h
tools/install.sh -D -m 644 x86_64/include/linux/ioctl.h /deps/musl/include/linux/ioctl.h
tools/install.sh -D -m 644 x86_64/include/linux/ip.h /deps/musl/include/linux/ip.h
tools/install.sh -D -m 644 x86_64/include/linux/ip6_tunnel.h /deps/musl/include/linux/ip6_tunnel.h
tools/install.sh -D -m 644 x86_64/include/linux/ip_vs.h /deps/musl/include/linux/ip_vs.h
tools/install.sh -D -m 644 x86_64/include/linux/ipc.h /deps/musl/include/linux/ipc.h
tools/install.sh -D -m 644 x86_64/include/linux/ipmi.h /deps/musl/include/linux/ipmi.h
tools/install.sh -D -m 644 x86_64/include/linux/ipmi_bmc.h /deps/musl/include/linux/ipmi_bmc.h
tools/install.sh -D -m 644 x86_64/include/linux/ipmi_msgdefs.h /deps/musl/include/linux/ipmi_msgdefs.h
tools/install.sh -D -m 644 x86_64/include/linux/ipsec.h /deps/musl/include/linux/ipsec.h
tools/install.sh -D -m 644 x86_64/include/linux/ipv6.h /deps/musl/include/linux/ipv6.h
tools/install.sh -D -m 644 x86_64/include/linux/ipv6_route.h /deps/musl/include/linux/ipv6_route.h
tools/install.sh -D -m 644 x86_64/include/linux/ipx.h /deps/musl/include/linux/ipx.h
tools/install.sh -D -m 644 x86_64/include/linux/irqnr.h /deps/musl/include/linux/irqnr.h
tools/install.sh -D -m 644 x86_64/include/linux/isdn.h /deps/musl/include/linux/isdn.h
tools/install.sh -D -m 644 x86_64/include/linux/isdn/capicmd.h /deps/musl/include/linux/isdn/capicmd.h
tools/install.sh -D -m 644 x86_64/include/linux/isdn_divertif.h /deps/musl/include/linux/isdn_divertif.h
tools/install.sh -D -m 644 x86_64/include/linux/isdn_ppp.h /deps/musl/include/linux/isdn_ppp.h
tools/install.sh -D -m 644 x86_64/include/linux/isdnif.h /deps/musl/include/linux/isdnif.h
tools/install.sh -D -m 644 x86_64/include/linux/iso_fs.h /deps/musl/include/linux/iso_fs.h
tools/install.sh -D -m 644 x86_64/include/linux/ivtv.h /deps/musl/include/linux/ivtv.h
tools/install.sh -D -m 644 x86_64/include/linux/ivtvfb.h /deps/musl/include/linux/ivtvfb.h
tools/install.sh -D -m 644 x86_64/include/linux/jffs2.h /deps/musl/include/linux/jffs2.h
tools/install.sh -D -m 644 x86_64/include/linux/joystick.h /deps/musl/include/linux/joystick.h
tools/install.sh -D -m 644 x86_64/include/linux/kcm.h /deps/musl/include/linux/kcm.h
tools/install.sh -D -m 644 x86_64/include/linux/kcmp.h /deps/musl/include/linux/kcmp.h
tools/install.sh -D -m 644 x86_64/include/linux/kcov.h /deps/musl/include/linux/kcov.h
tools/install.sh -D -m 644 x86_64/include/linux/kd.h /deps/musl/include/linux/kd.h
tools/install.sh -D -m 644 x86_64/include/linux/kdev_t.h /deps/musl/include/linux/kdev_t.h
tools/install.sh -D -m 644 x86_64/include/linux/kernel-page-flags.h /deps/musl/include/linux/kernel-page-flags.h
tools/install.sh -D -m 644 x86_64/include/linux/kernel.h /deps/musl/include/linux/kernel.h
tools/install.sh -D -m 644 x86_64/include/linux/kernelcapi.h /deps/musl/include/linux/kernelcapi.h
tools/install.sh -D -m 644 x86_64/include/linux/kexec.h /deps/musl/include/linux/kexec.h
tools/install.sh -D -m 644 x86_64/include/linux/keyboard.h /deps/musl/include/linux/keyboard.h
tools/install.sh -D -m 644 x86_64/include/linux/keyctl.h /deps/musl/include/linux/keyctl.h
tools/install.sh -D -m 644 x86_64/include/linux/kfd_ioctl.h /deps/musl/include/linux/kfd_ioctl.h
tools/install.sh -D -m 644 x86_64/include/linux/kvm.h /deps/musl/include/linux/kvm.h
tools/install.sh -D -m 644 x86_64/include/linux/kvm_para.h /deps/musl/include/linux/kvm_para.h
tools/install.sh -D -m 644 x86_64/include/linux/l2tp.h /deps/musl/include/linux/l2tp.h
tools/install.sh -D -m 644 x86_64/include/linux/libc-compat.h /deps/musl/include/linux/libc-compat.h
tools/install.sh -D -m 644 x86_64/include/linux/lightnvm.h /deps/musl/include/linux/lightnvm.h
tools/install.sh -D -m 644 x86_64/include/linux/limits.h /deps/musl/include/linux/limits.h
tools/install.sh -D -m 644 x86_64/include/linux/lirc.h /deps/musl/include/linux/lirc.h
tools/install.sh -D -m 644 x86_64/include/linux/llc.h /deps/musl/include/linux/llc.h
tools/install.sh -D -m 644 x86_64/include/linux/loop.h /deps/musl/include/linux/loop.h
tools/install.sh -D -m 644 x86_64/include/linux/lp.h /deps/musl/include/linux/lp.h
tools/install.sh -D -m 644 x86_64/include/linux/lwtunnel.h /deps/musl/include/linux/lwtunnel.h
tools/install.sh -D -m 644 x86_64/include/linux/magic.h /deps/musl/include/linux/magic.h
tools/install.sh -D -m 644 x86_64/include/linux/major.h /deps/musl/include/linux/major.h
tools/install.sh -D -m 644 x86_64/include/linux/map_to_7segment.h /deps/musl/include/linux/map_to_7segment.h
tools/install.sh -D -m 644 x86_64/include/linux/matroxfb.h /deps/musl/include/linux/matroxfb.h
tools/install.sh -D -m 644 x86_64/include/linux/max2175.h /deps/musl/include/linux/max2175.h
tools/install.sh -D -m 644 x86_64/include/linux/mdio.h /deps/musl/include/linux/mdio.h
tools/install.sh -D -m 644 x86_64/include/linux/media-bus-format.h /deps/musl/include/linux/media-bus-format.h
tools/install.sh -D -m 644 x86_64/include/linux/media.h /deps/musl/include/linux/media.h
tools/install.sh -D -m 644 x86_64/include/linux/mei.h /deps/musl/include/linux/mei.h
tools/install.sh -D -m 644 x86_64/include/linux/membarrier.h /deps/musl/include/linux/membarrier.h
tools/install.sh -D -m 644 x86_64/include/linux/memfd.h /deps/musl/include/linux/memfd.h
tools/install.sh -D -m 644 x86_64/include/linux/mempolicy.h /deps/musl/include/linux/mempolicy.h
tools/install.sh -D -m 644 x86_64/include/linux/meye.h /deps/musl/include/linux/meye.h
tools/install.sh -D -m 644 x86_64/include/linux/mic_common.h /deps/musl/include/linux/mic_common.h
tools/install.sh -D -m 644 x86_64/include/linux/mic_ioctl.h /deps/musl/include/linux/mic_ioctl.h
tools/install.sh -D -m 644 x86_64/include/linux/mii.h /deps/musl/include/linux/mii.h
tools/install.sh -D -m 644 x86_64/include/linux/minix_fs.h /deps/musl/include/linux/minix_fs.h
tools/install.sh -D -m 644 x86_64/include/linux/mman.h /deps/musl/include/linux/mman.h
tools/install.sh -D -m 644 x86_64/include/linux/mmc/ioctl.h /deps/musl/include/linux/mmc/ioctl.h
tools/install.sh -D -m 644 x86_64/include/linux/mmtimer.h /deps/musl/include/linux/mmtimer.h
tools/install.sh -D -m 644 x86_64/include/linux/module.h /deps/musl/include/linux/module.h
tools/install.sh -D -m 644 x86_64/include/linux/mpls.h /deps/musl/include/linux/mpls.h
tools/install.sh -D -m 644 x86_64/include/linux/mpls_iptunnel.h /deps/musl/include/linux/mpls_iptunnel.h
tools/install.sh -D -m 644 x86_64/include/linux/mqueue.h /deps/musl/include/linux/mqueue.h
tools/install.sh -D -m 644 x86_64/include/linux/mroute.h /deps/musl/include/linux/mroute.h
tools/install.sh -D -m 644 x86_64/include/linux/mroute6.h /deps/musl/include/linux/mroute6.h
tools/install.sh -D -m 644 x86_64/include/linux/msdos_fs.h /deps/musl/include/linux/msdos_fs.h
tools/install.sh -D -m 644 x86_64/include/linux/msg.h /deps/musl/include/linux/msg.h
tools/install.sh -D -m 644 x86_64/include/linux/mtio.h /deps/musl/include/linux/mtio.h
tools/install.sh -D -m 644 x86_64/include/linux/n_r3964.h /deps/musl/include/linux/n_r3964.h
tools/install.sh -D -m 644 x86_64/include/linux/nbd-netlink.h /deps/musl/include/linux/nbd-netlink.h
tools/install.sh -D -m 644 x86_64/include/linux/nbd.h /deps/musl/include/linux/nbd.h
tools/install.sh -D -m 644 x86_64/include/linux/ncsi.h /deps/musl/include/linux/ncsi.h
tools/install.sh -D -m 644 x86_64/include/linux/ndctl.h /deps/musl/include/linux/ndctl.h
tools/install.sh -D -m 644 x86_64/include/linux/neighbour.h /deps/musl/include/linux/neighbour.h
tools/install.sh -D -m 644 x86_64/include/linux/net.h /deps/musl/include/linux/net.h
tools/install.sh -D -m 644 x86_64/include/linux/net_dropmon.h /deps/musl/include/linux/net_dropmon.h
tools/install.sh -D -m 644 x86_64/include/linux/net_namespace.h /deps/musl/include/linux/net_namespace.h
tools/install.sh -D -m 644 x86_64/include/linux/net_tstamp.h /deps/musl/include/linux/net_tstamp.h
tools/install.sh -D -m 644 x86_64/include/linux/netconf.h /deps/musl/include/linux/netconf.h
tools/install.sh -D -m 644 x86_64/include/linux/netdevice.h /deps/musl/include/linux/netdevice.h
tools/install.sh -D -m 644 x86_64/include/linux/netfilter.h /deps/musl/include/linux/netfilter.h
tools/install.sh -D -m 644 x86_64/include/linux/netfilter/ipset/ip_set.h /deps/musl/include/linux/netfilter/ipset/ip_set.h
tools/install.sh -D -m 644 x86_64/include/linux/netfilter/ipset/ip_set_bitmap.h /deps/musl/include/linux/netfilter/ipset/ip_set_bitmap.h
tools/install.sh -D -m 644 x86_64/include/linux/netfilter/ipset/ip_set_hash.h /deps/musl/include/linux/netfilter/ipset/ip_set_hash.h
tools/install.sh -D -m 644 x86_64/include/linux/netfilter/ipset/ip_set_list.h /deps/musl/include/linux/netfilter/ipset/ip_set_list.h
tools/install.sh -D -m 644 x86_64/include/linux/netfilter/nf_conntrack_common.h /deps/musl/include/linux/netfilter/nf_conntrack_common.h
tools/install.sh -D -m 644 x86_64/include/linux/netfilter/nf_conntrack_ftp.h /deps/musl/include/linux/netfilter/nf_conntrack_ftp.h
tools/install.sh -D -m 644 x86_64/include/linux/netfilter/nf_conntrack_sctp.h /deps/musl/include/linux/netfilter/nf_conntrack_sctp.h
tools/install.sh -D -m 644 x86_64/include/linux/netfilter/nf_conntrack_tcp.h /deps/musl/include/linux/netfilter/nf_conntrack_tcp.h
tools/install.sh -D -m 644 x86_64/include/linux/netfilter/nf_conntrack_tuple_common.h /deps/musl/include/linux/netfilter/nf_conntrack_tuple_common.h
tools/install.sh -D -m 644 x86_64/include/linux/netfilter/nf_log.h /deps/musl/include/linux/netfilter/nf_log.h
tools/install.sh -D -m 644 x86_64/include/linux/netfilter/nf_nat.h /deps/musl/include/linux/netfilter/nf_nat.h
tools/install.sh -D -m 644 x86_64/include/linux/netfilter/nf_tables.h /deps/musl/include/linux/netfilter/nf_tables.h
tools/install.sh -D -m 644 x86_64/include/linux/netfilter/nf_tables_compat.h /deps/musl/include/linux/netfilter/nf_tables_compat.h
tools/install.sh -D -m 644 x86_64/include/linux/netfilter/nfnetlink.h /deps/musl/include/linux/netfilter/nfnetlink.h
tools/install.sh -D -m 644 x86_64/include/linux/netfilter/nfnetlink_acct.h /deps/musl/include/linux/netfilter/nfnetlink_acct.h
tools/install.sh -D -m 644 x86_64/include/linux/netfilter/nfnetlink_compat.h /deps/musl/include/linux/netfilter/nfnetlink_compat.h
tools/install.sh -D -m 644 x86_64/include/linux/netfilter/nfnetlink_conntrack.h /deps/musl/include/linux/netfilter/nfnetlink_conntrack.h
tools/install.sh -D -m 644 x86_64/include/linux/netfilter/nfnetlink_cthelper.h /deps/musl/include/linux/netfilter/nfnetlink_cthelper.h
tools/install.sh -D -m 644 x86_64/include/linux/netfilter/nfnetlink_cttimeout.h /deps/musl/include/linux/netfilter/nfnetlink_cttimeout.h
tools/install.sh -D -m 644 x86_64/include/linux/netfilter/nfnetlink_log.h /deps/musl/include/linux/netfilter/nfnetlink_log.h
tools/install.sh -D -m 644 x86_64/include/linux/netfilter/nfnetlink_osf.h /deps/musl/include/linux/netfilter/nfnetlink_osf.h
tools/install.sh -D -m 644 x86_64/include/linux/netfilter/nfnetlink_queue.h /deps/musl/include/linux/netfilter/nfnetlink_queue.h
tools/install.sh -D -m 644 x86_64/include/linux/netfilter/x_tables.h /deps/musl/include/linux/netfilter/x_tables.h
tools/install.sh -D -m 644 x86_64/include/linux/netfilter/xt_AUDIT.h /deps/musl/include/linux/netfilter/xt_AUDIT.h
tools/install.sh -D -m 644 x86_64/include/linux/netfilter/xt_CHECKSUM.h /deps/musl/include/linux/netfilter/xt_CHECKSUM.h
tools/install.sh -D -m 644 x86_64/include/linux/netfilter/xt_CLASSIFY.h /deps/musl/include/linux/netfilter/xt_CLASSIFY.h
tools/install.sh -D -m 644 x86_64/include/linux/netfilter/xt_CONNMARK.h /deps/musl/include/linux/netfilter/xt_CONNMARK.h
tools/install.sh -D -m 644 x86_64/include/linux/netfilter/xt_CONNSECMARK.h /deps/musl/include/linux/netfilter/xt_CONNSECMARK.h
tools/install.sh -D -m 644 x86_64/include/linux/netfilter/xt_CT.h /deps/musl/include/linux/netfilter/xt_CT.h
tools/install.sh -D -m 644 x86_64/include/linux/netfilter/xt_DSCP.h /deps/musl/include/linux/netfilter/xt_DSCP.h
tools/install.sh -D -m 644 x86_64/include/linux/netfilter/xt_HMARK.h /deps/musl/include/linux/netfilter/xt_HMARK.h
tools/install.sh -D -m 644 x86_64/include/linux/netfilter/xt_IDLETIMER.h /deps/musl/include/linux/netfilter/xt_IDLETIMER.h
tools/install.sh -D -m 644 x86_64/include/linux/netfilter/xt_LED.h /deps/musl/include/linux/netfilter/xt_LED.h
tools/install.sh -D -m 644 x86_64/include/linux/netfilter/xt_LOG.h /deps/musl/include/linux/netfilter/xt_LOG.h
tools/install.sh -D -m 644 x86_64/include/linux/netfilter/xt_MARK.h /deps/musl/include/linux/netfilter/xt_MARK.h
tools/install.sh -D -m 644 x86_64/include/linux/netfilter/xt_NFLOG.h /deps/musl/include/linux/netfilter/xt_NFLOG.h
tools/install.sh -D -m 644 x86_64/include/linux/netfilter/xt_NFQUEUE.h /deps/musl/include/linux/netfilter/xt_NFQUEUE.h
tools/install.sh -D -m 644 x86_64/include/linux/netfilter/xt_RATEEST.h /deps/musl/include/linux/netfilter/xt_RATEEST.h
tools/install.sh -D -m 644 x86_64/include/linux/netfilter/xt_SECMARK.h /deps/musl/include/linux/netfilter/xt_SECMARK.h
tools/install.sh -D -m 644 x86_64/include/linux/netfilter/xt_SYNPROXY.h /deps/musl/include/linux/netfilter/xt_SYNPROXY.h
tools/install.sh -D -m 644 x86_64/include/linux/netfilter/xt_TCPMSS.h /deps/musl/include/linux/netfilter/xt_TCPMSS.h
tools/install.sh -D -m 644 x86_64/include/linux/netfilter/xt_TCPOPTSTRIP.h /deps/musl/include/linux/netfilter/xt_TCPOPTSTRIP.h
tools/install.sh -D -m 644 x86_64/include/linux/netfilter/xt_TEE.h /deps/musl/include/linux/netfilter/xt_TEE.h
tools/install.sh -D -m 644 x86_64/include/linux/netfilter/xt_TPROXY.h /deps/musl/include/linux/netfilter/xt_TPROXY.h
tools/install.sh -D -m 644 x86_64/include/linux/netfilter/xt_addrtype.h /deps/musl/include/linux/netfilter/xt_addrtype.h
tools/install.sh -D -m 644 x86_64/include/linux/netfilter/xt_bpf.h /deps/musl/include/linux/netfilter/xt_bpf.h
tools/install.sh -D -m 644 x86_64/include/linux/netfilter/xt_cgroup.h /deps/musl/include/linux/netfilter/xt_cgroup.h
tools/install.sh -D -m 644 x86_64/include/linux/netfilter/xt_cluster.h /deps/musl/include/linux/netfilter/xt_cluster.h
tools/install.sh -D -m 644 x86_64/include/linux/netfilter/xt_comment.h /deps/musl/include/linux/netfilter/xt_comment.h
tools/install.sh -D -m 644 x86_64/include/linux/netfilter/xt_connbytes.h /deps/musl/include/linux/netfilter/xt_connbytes.h
tools/install.sh -D -m 644 x86_64/include/linux/netfilter/xt_connlabel.h /deps/musl/include/linux/netfilter/xt_connlabel.h
tools/install.sh -D -m 644 x86_64/include/linux/netfilter/xt_connlimit.h /deps/musl/include/linux/netfilter/xt_connlimit.h
tools/install.sh -D -m 644 x86_64/include/linux/netfilter/xt_connmark.h /deps/musl/include/linux/netfilter/xt_connmark.h
tools/install.sh -D -m 644 x86_64/include/linux/netfilter/xt_conntrack.h /deps/musl/include/linux/netfilter/xt_conntrack.h
tools/install.sh -D -m 644 x86_64/include/linux/netfilter/xt_cpu.h /deps/musl/include/linux/netfilter/xt_cpu.h
tools/install.sh -D -m 644 x86_64/include/linux/netfilter/xt_dccp.h /deps/musl/include/linux/netfilter/xt_dccp.h
tools/install.sh -D -m 644 x86_64/include/linux/netfilter/xt_devgroup.h /deps/musl/include/linux/netfilter/xt_devgroup.h
tools/install.sh -D -m 644 x86_64/include/linux/netfilter/xt_dscp.h /deps/musl/include/linux/netfilter/xt_dscp.h
tools/install.sh -D -m 644 x86_64/include/linux/netfilter/xt_ecn.h /deps/musl/include/linux/netfilter/xt_ecn.h
tools/install.sh -D -m 644 x86_64/include/linux/netfilter/xt_esp.h /deps/musl/include/linux/netfilter/xt_esp.h
tools/install.sh -D -m 644 x86_64/include/linux/netfilter/xt_hashlimit.h /deps/musl/include/linux/netfilter/xt_hashlimit.h
tools/install.sh -D -m 644 x86_64/include/linux/netfilter/xt_helper.h /deps/musl/include/linux/netfilter/xt_helper.h
tools/install.sh -D -m 644 x86_64/include/linux/netfilter/xt_ipcomp.h /deps/musl/include/linux/netfilter/xt_ipcomp.h
tools/install.sh -D -m 644 x86_64/include/linux/netfilter/xt_iprange.h /deps/musl/include/linux/netfilter/xt_iprange.h
tools/install.sh -D -m 644 x86_64/include/linux/netfilter/xt_ipvs.h /deps/musl/include/linux/netfilter/xt_ipvs.h
tools/install.sh -D -m 644 x86_64/include/linux/netfilter/xt_l2tp.h /deps/musl/include/linux/netfilter/xt_l2tp.h
tools/install.sh -D -m 644 x86_64/include/linux/netfilter/xt_length.h /deps/musl/include/linux/netfilter/xt_length.h
tools/install.sh -D -m 644 x86_64/include/linux/netfilter/xt_limit.h /deps/musl/include/linux/netfilter/xt_limit.h
tools/install.sh -D -m 644 x86_64/include/linux/netfilter/xt_mac.h /deps/musl/include/linux/netfilter/xt_mac.h
tools/install.sh -D -m 644 x86_64/include/linux/netfilter/xt_mark.h /deps/musl/include/linux/netfilter/xt_mark.h
tools/install.sh -D -m 644 x86_64/include/linux/netfilter/xt_multiport.h /deps/musl/include/linux/netfilter/xt_multiport.h
tools/install.sh -D -m 644 x86_64/include/linux/netfilter/xt_nfacct.h /deps/musl/include/linux/netfilter/xt_nfacct.h
tools/install.sh -D -m 644 x86_64/include/linux/netfilter/xt_osf.h /deps/musl/include/linux/netfilter/xt_osf.h
tools/install.sh -D -m 644 x86_64/include/linux/netfilter/xt_owner.h /deps/musl/include/linux/netfilter/xt_owner.h
tools/install.sh -D -m 644 x86_64/include/linux/netfilter/xt_physdev.h /deps/musl/include/linux/netfilter/xt_physdev.h
tools/install.sh -D -m 644 x86_64/include/linux/netfilter/xt_pkttype.h /deps/musl/include/linux/netfilter/xt_pkttype.h
tools/install.sh -D -m 644 x86_64/include/linux/netfilter/xt_policy.h /deps/musl/include/linux/netfilter/xt_policy.h
tools/install.sh -D -m 644 x86_64/include/linux/netfilter/xt_quota.h /deps/musl/include/linux/netfilter/xt_quota.h
tools/install.sh -D -m 644 x86_64/include/linux/netfilter/xt_rateest.h /deps/musl/include/linux/netfilter/xt_rateest.h
tools/install.sh -D -m 644 x86_64/include/linux/netfilter/xt_realm.h /deps/musl/include/linux/netfilter/xt_realm.h
tools/install.sh -D -m 644 x86_64/include/linux/netfilter/xt_recent.h /deps/musl/include/linux/netfilter/xt_recent.h
tools/install.sh -D -m 644 x86_64/include/linux/netfilter/xt_rpfilter.h /deps/musl/include/linux/netfilter/xt_rpfilter.h
tools/install.sh -D -m 644 x86_64/include/linux/netfilter/xt_sctp.h /deps/musl/include/linux/netfilter/xt_sctp.h
tools/install.sh -D -m 644 x86_64/include/linux/netfilter/xt_set.h /deps/musl/include/linux/netfilter/xt_set.h
tools/install.sh -D -m 644 x86_64/include/linux/netfilter/xt_socket.h /deps/musl/include/linux/netfilter/xt_socket.h
tools/install.sh -D -m 644 x86_64/include/linux/netfilter/xt_state.h /deps/musl/include/linux/netfilter/xt_state.h
tools/install.sh -D -m 644 x86_64/include/linux/netfilter/xt_statistic.h /deps/musl/include/linux/netfilter/xt_statistic.h
tools/install.sh -D -m 644 x86_64/include/linux/netfilter/xt_string.h /deps/musl/include/linux/netfilter/xt_string.h
tools/install.sh -D -m 644 x86_64/include/linux/netfilter/xt_tcpmss.h /deps/musl/include/linux/netfilter/xt_tcpmss.h
tools/install.sh -D -m 644 x86_64/include/linux/netfilter/xt_tcpudp.h /deps/musl/include/linux/netfilter/xt_tcpudp.h
tools/install.sh -D -m 644 x86_64/include/linux/netfilter/xt_time.h /deps/musl/include/linux/netfilter/xt_time.h
tools/install.sh -D -m 644 x86_64/include/linux/netfilter/xt_u32.h /deps/musl/include/linux/netfilter/xt_u32.h
tools/install.sh -D -m 644 x86_64/include/linux/netfilter_arp.h /deps/musl/include/linux/netfilter_arp.h
tools/install.sh -D -m 644 x86_64/include/linux/netfilter_arp/arp_tables.h /deps/musl/include/linux/netfilter_arp/arp_tables.h
tools/install.sh -D -m 644 x86_64/include/linux/netfilter_arp/arpt_mangle.h /deps/musl/include/linux/netfilter_arp/arpt_mangle.h
tools/install.sh -D -m 644 x86_64/include/linux/netfilter_bridge.h /deps/musl/include/linux/netfilter_bridge.h
tools/install.sh -D -m 644 x86_64/include/linux/netfilter_bridge/ebt_802_3.h /deps/musl/include/linux/netfilter_bridge/ebt_802_3.h
tools/install.sh -D -m 644 x86_64/include/linux/netfilter_bridge/ebt_among.h /deps/musl/include/linux/netfilter_bridge/ebt_among.h
tools/install.sh -D -m 644 x86_64/include/linux/netfilter_bridge/ebt_arp.h /deps/musl/include/linux/netfilter_bridge/ebt_arp.h
tools/install.sh -D -m 644 x86_64/include/linux/netfilter_bridge/ebt_arpreply.h /deps/musl/include/linux/netfilter_bridge/ebt_arpreply.h
tools/install.sh -D -m 644 x86_64/include/linux/netfilter_bridge/ebt_ip.h /deps/musl/include/linux/netfilter_bridge/ebt_ip.h
tools/install.sh -D -m 644 x86_64/include/linux/netfilter_bridge/ebt_ip6.h /deps/musl/include/linux/netfilter_bridge/ebt_ip6.h
tools/install.sh -D -m 644 x86_64/include/linux/netfilter_bridge/ebt_limit.h /deps/musl/include/linux/netfilter_bridge/ebt_limit.h
tools/install.sh -D -m 644 x86_64/include/linux/netfilter_bridge/ebt_log.h /deps/musl/include/linux/netfilter_bridge/ebt_log.h
tools/install.sh -D -m 644 x86_64/include/linux/netfilter_bridge/ebt_mark_m.h /deps/musl/include/linux/netfilter_bridge/ebt_mark_m.h
tools/install.sh -D -m 644 x86_64/include/linux/netfilter_bridge/ebt_mark_t.h /deps/musl/include/linux/netfilter_bridge/ebt_mark_t.h
tools/install.sh -D -m 644 x86_64/include/linux/netfilter_bridge/ebt_nat.h /deps/musl/include/linux/netfilter_bridge/ebt_nat.h
tools/install.sh -D -m 644 x86_64/include/linux/netfilter_bridge/ebt_nflog.h /deps/musl/include/linux/netfilter_bridge/ebt_nflog.h
tools/install.sh -D -m 644 x86_64/include/linux/netfilter_bridge/ebt_pkttype.h /deps/musl/include/linux/netfilter_bridge/ebt_pkttype.h
tools/install.sh -D -m 644 x86_64/include/linux/netfilter_bridge/ebt_redirect.h /deps/musl/include/linux/netfilter_bridge/ebt_redirect.h
tools/install.sh -D -m 644 x86_64/include/linux/netfilter_bridge/ebt_stp.h /deps/musl/include/linux/netfilter_bridge/ebt_stp.h
tools/install.sh -D -m 644 x86_64/include/linux/netfilter_bridge/ebt_vlan.h /deps/musl/include/linux/netfilter_bridge/ebt_vlan.h
tools/install.sh -D -m 644 x86_64/include/linux/netfilter_bridge/ebtables.h /deps/musl/include/linux/netfilter_bridge/ebtables.h
tools/install.sh -D -m 644 x86_64/include/linux/netfilter_decnet.h /deps/musl/include/linux/netfilter_decnet.h
tools/install.sh -D -m 644 x86_64/include/linux/netfilter_ipv4.h /deps/musl/include/linux/netfilter_ipv4.h
tools/install.sh -D -m 644 x86_64/include/linux/netfilter_ipv4/ip_tables.h /deps/musl/include/linux/netfilter_ipv4/ip_tables.h
tools/install.sh -D -m 644 x86_64/include/linux/netfilter_ipv4/ipt_CLUSTERIP.h /deps/musl/include/linux/netfilter_ipv4/ipt_CLUSTERIP.h
tools/install.sh -D -m 644 x86_64/include/linux/netfilter_ipv4/ipt_ECN.h /deps/musl/include/linux/netfilter_ipv4/ipt_ECN.h
tools/install.sh -D -m 644 x86_64/include/linux/netfilter_ipv4/ipt_LOG.h /deps/musl/include/linux/netfilter_ipv4/ipt_LOG.h
tools/install.sh -D -m 644 x86_64/include/linux/netfilter_ipv4/ipt_REJECT.h /deps/musl/include/linux/netfilter_ipv4/ipt_REJECT.h
tools/install.sh -D -m 644 x86_64/include/linux/netfilter_ipv4/ipt_TTL.h /deps/musl/include/linux/netfilter_ipv4/ipt_TTL.h
tools/install.sh -D -m 644 x86_64/include/linux/netfilter_ipv4/ipt_ah.h /deps/musl/include/linux/netfilter_ipv4/ipt_ah.h
tools/install.sh -D -m 644 x86_64/include/linux/netfilter_ipv4/ipt_ecn.h /deps/musl/include/linux/netfilter_ipv4/ipt_ecn.h
tools/install.sh -D -m 644 x86_64/include/linux/netfilter_ipv4/ipt_ttl.h /deps/musl/include/linux/netfilter_ipv4/ipt_ttl.h
tools/install.sh -D -m 644 x86_64/include/linux/netfilter_ipv6.h /deps/musl/include/linux/netfilter_ipv6.h
tools/install.sh -D -m 644 x86_64/include/linux/netfilter_ipv6/ip6_tables.h /deps/musl/include/linux/netfilter_ipv6/ip6_tables.h
tools/install.sh -D -m 644 x86_64/include/linux/netfilter_ipv6/ip6t_HL.h /deps/musl/include/linux/netfilter_ipv6/ip6t_HL.h
tools/install.sh -D -m 644 x86_64/include/linux/netfilter_ipv6/ip6t_LOG.h /deps/musl/include/linux/netfilter_ipv6/ip6t_LOG.h
tools/install.sh -D -m 644 x86_64/include/linux/netfilter_ipv6/ip6t_NPT.h /deps/musl/include/linux/netfilter_ipv6/ip6t_NPT.h
tools/install.sh -D -m 644 x86_64/include/linux/netfilter_ipv6/ip6t_REJECT.h /deps/musl/include/linux/netfilter_ipv6/ip6t_REJECT.h
tools/install.sh -D -m 644 x86_64/include/linux/netfilter_ipv6/ip6t_ah.h /deps/musl/include/linux/netfilter_ipv6/ip6t_ah.h
tools/install.sh -D -m 644 x86_64/include/linux/netfilter_ipv6/ip6t_frag.h /deps/musl/include/linux/netfilter_ipv6/ip6t_frag.h
tools/install.sh -D -m 644 x86_64/include/linux/netfilter_ipv6/ip6t_hl.h /deps/musl/include/linux/netfilter_ipv6/ip6t_hl.h
tools/install.sh -D -m 644 x86_64/include/linux/netfilter_ipv6/ip6t_ipv6header.h /deps/musl/include/linux/netfilter_ipv6/ip6t_ipv6header.h
tools/install.sh -D -m 644 x86_64/include/linux/netfilter_ipv6/ip6t_mh.h /deps/musl/include/linux/netfilter_ipv6/ip6t_mh.h
tools/install.sh -D -m 644 x86_64/include/linux/netfilter_ipv6/ip6t_opts.h /deps/musl/include/linux/netfilter_ipv6/ip6t_opts.h
tools/install.sh -D -m 644 x86_64/include/linux/netfilter_ipv6/ip6t_rt.h /deps/musl/include/linux/netfilter_ipv6/ip6t_rt.h
tools/install.sh -D -m 644 x86_64/include/linux/netfilter_ipv6/ip6t_srh.h /deps/musl/include/linux/netfilter_ipv6/ip6t_srh.h
tools/install.sh -D -m 644 x86_64/include/linux/netlink.h /deps/musl/include/linux/netlink.h
tools/install.sh -D -m 644 x86_64/include/linux/netlink_diag.h /deps/musl/include/linux/netlink_diag.h
tools/install.sh -D -m 644 x86_64/include/linux/netrom.h /deps/musl/include/linux/netrom.h
tools/install.sh -D -m 644 x86_64/include/linux/nfc.h /deps/musl/include/linux/nfc.h
tools/install.sh -D -m 644 x86_64/include/linux/nfs.h /deps/musl/include/linux/nfs.h
tools/install.sh -D -m 644 x86_64/include/linux/nfs2.h /deps/musl/include/linux/nfs2.h
tools/install.sh -D -m 644 x86_64/include/linux/nfs3.h /deps/musl/include/linux/nfs3.h
tools/install.sh -D -m 644 x86_64/include/linux/nfs4.h /deps/musl/include/linux/nfs4.h
tools/install.sh -D -m 644 x86_64/include/linux/nfs4_mount.h /deps/musl/include/linux/nfs4_mount.h
tools/install.sh -D -m 644 x86_64/include/linux/nfs_fs.h /deps/musl/include/linux/nfs_fs.h
tools/install.sh -D -m 644 x86_64/include/linux/nfs_idmap.h /deps/musl/include/linux/nfs_idmap.h
tools/install.sh -D -m 644 x86_64/include/linux/nfs_mount.h /deps/musl/include/linux/nfs_mount.h
tools/install.sh -D -m 644 x86_64/include/linux/nfsacl.h /deps/musl/include/linux/nfsacl.h
tools/install.sh -D -m 644 x86_64/include/linux/nfsd/cld.h /deps/musl/include/linux/nfsd/cld.h
tools/install.sh -D -m 644 x86_64/include/linux/nfsd/debug.h /deps/musl/include/linux/nfsd/debug.h
tools/install.sh -D -m 644 x86_64/include/linux/nfsd/export.h /deps/musl/include/linux/nfsd/export.h
tools/install.sh -D -m 644 x86_64/include/linux/nfsd/nfsfh.h /deps/musl/include/linux/nfsd/nfsfh.h
tools/install.sh -D -m 644 x86_64/include/linux/nfsd/stats.h /deps/musl/include/linux/nfsd/stats.h
tools/install.sh -D -m 644 x86_64/include/linux/nilfs2_api.h /deps/musl/include/linux/nilfs2_api.h
tools/install.sh -D -m 644 x86_64/include/linux/nilfs2_ondisk.h /deps/musl/include/linux/nilfs2_ondisk.h
tools/install.sh -D -m 644 x86_64/include/linux/nl80211.h /deps/musl/include/linux/nl80211.h
tools/install.sh -D -m 644 x86_64/include/linux/nsfs.h /deps/musl/include/linux/nsfs.h
tools/install.sh -D -m 644 x86_64/include/linux/nubus.h /deps/musl/include/linux/nubus.h
tools/install.sh -D -m 644 x86_64/include/linux/nvme_ioctl.h /deps/musl/include/linux/nvme_ioctl.h
tools/install.sh -D -m 644 x86_64/include/linux/nvram.h /deps/musl/include/linux/nvram.h
tools/install.sh -D -m 644 x86_64/include/linux/omap3isp.h /deps/musl/include/linux/omap3isp.h
tools/install.sh -D -m 644 x86_64/include/linux/omapfb.h /deps/musl/include/linux/omapfb.h
tools/install.sh -D -m 644 x86_64/include/linux/oom.h /deps/musl/include/linux/oom.h
tools/install.sh -D -m 644 x86_64/include/linux/openvswitch.h /deps/musl/include/linux/openvswitch.h
tools/install.sh -D -m 644 x86_64/include/linux/packet_diag.h /deps/musl/include/linux/packet_diag.h
tools/install.sh -D -m 644 x86_64/include/linux/param.h /deps/musl/include/linux/param.h
tools/install.sh -D -m 644 x86_64/include/linux/parport.h /deps/musl/include/linux/parport.h
tools/install.sh -D -m 644 x86_64/include/linux/patchkey.h /deps/musl/include/linux/patchkey.h
tools/install.sh -D -m 644 x86_64/include/linux/pci.h /deps/musl/include/linux/pci.h
tools/install.sh -D -m 644 x86_64/include/linux/pci_regs.h /deps/musl/include/linux/pci_regs.h
tools/install.sh -D -m 644 x86_64/include/linux/pcitest.h /deps/musl/include/linux/pcitest.h
tools/install.sh -D -m 644 x86_64/include/linux/perf_event.h /deps/musl/include/linux/perf_event.h
tools/install.sh -D -m 644 x86_64/include/linux/personality.h /deps/musl/include/linux/personality.h
tools/install.sh -D -m 644 x86_64/include/linux/pfkeyv2.h /deps/musl/include/linux/pfkeyv2.h
tools/install.sh -D -m 644 x86_64/include/linux/pg.h /deps/musl/include/linux/pg.h
tools/install.sh -D -m 644 x86_64/include/linux/phantom.h /deps/musl/include/linux/phantom.h
tools/install.sh -D -m 644 x86_64/include/linux/phonet.h /deps/musl/include/linux/phonet.h
tools/install.sh -D -m 644 x86_64/include/linux/pkt_cls.h /deps/musl/include/linux/pkt_cls.h
tools/install.sh -D -m 644 x86_64/include/linux/pkt_sched.h /deps/musl/include/linux/pkt_sched.h
tools/install.sh -D -m 644 x86_64/include/linux/pktcdvd.h /deps/musl/include/linux/pktcdvd.h
tools/install.sh -D -m 644 x86_64/include/linux/pmu.h /deps/musl/include/linux/pmu.h
tools/install.sh -D -m 644 x86_64/include/linux/poll.h /deps/musl/include/linux/poll.h
tools/install.sh -D -m 644 x86_64/include/linux/posix_acl.h /deps/musl/include/linux/posix_acl.h
tools/install.sh -D -m 644 x86_64/include/linux/posix_acl_xattr.h /deps/musl/include/linux/posix_acl_xattr.h
tools/install.sh -D -m 644 x86_64/include/linux/posix_types.h /deps/musl/include/linux/posix_types.h
tools/install.sh -D -m 644 x86_64/include/linux/ppdev.h /deps/musl/include/linux/ppdev.h
tools/install.sh -D -m 644 x86_64/include/linux/ppp-comp.h /deps/musl/include/linux/ppp-comp.h
tools/install.sh -D -m 644 x86_64/include/linux/ppp-ioctl.h /deps/musl/include/linux/ppp-ioctl.h
tools/install.sh -D -m 644 x86_64/include/linux/ppp_defs.h /deps/musl/include/linux/ppp_defs.h
tools/install.sh -D -m 644 x86_64/include/linux/pps.h /deps/musl/include/linux/pps.h
tools/install.sh -D -m 644 x86_64/include/linux/pr.h /deps/musl/include/linux/pr.h
tools/install.sh -D -m 644 x86_64/include/linux/prctl.h /deps/musl/include/linux/prctl.h
tools/install.sh -D -m 644 x86_64/include/linux/psample.h /deps/musl/include/linux/psample.h
tools/install.sh -D -m 644 x86_64/include/linux/psci.h /deps/musl/include/linux/psci.h
tools/install.sh -D -m 644 x86_64/include/linux/psp-sev.h /deps/musl/include/linux/psp-sev.h
tools/install.sh -D -m 644 x86_64/include/linux/ptp_clock.h /deps/musl/include/linux/ptp_clock.h
tools/install.sh -D -m 644 x86_64/include/linux/ptrace.h /deps/musl/include/linux/ptrace.h
tools/install.sh -D -m 644 x86_64/include/linux/qemu_fw_cfg.h /deps/musl/include/linux/qemu_fw_cfg.h
tools/install.sh -D -m 644 x86_64/include/linux/qnx4_fs.h /deps/musl/include/linux/qnx4_fs.h
tools/install.sh -D -m 644 x86_64/include/linux/qnxtypes.h /deps/musl/include/linux/qnxtypes.h
tools/install.sh -D -m 644 x86_64/include/linux/qrtr.h /deps/musl/include/linux/qrtr.h
tools/install.sh -D -m 644 x86_64/include/linux/quota.h /deps/musl/include/linux/quota.h
tools/install.sh -D -m 644 x86_64/include/linux/radeonfb.h /deps/musl/include/linux/radeonfb.h
tools/install.sh -D -m 644 x86_64/include/linux/raid/md_p.h /deps/musl/include/linux/raid/md_p.h
tools/install.sh -D -m 644 x86_64/include/linux/raid/md_u.h /deps/musl/include/linux/raid/md_u.h
tools/install.sh -D -m 644 x86_64/include/linux/random.h /deps/musl/include/linux/random.h
tools/install.sh -D -m 644 x86_64/include/linux/raw.h /deps/musl/include/linux/raw.h
tools/install.sh -D -m 644 x86_64/include/linux/rds.h /deps/musl/include/linux/rds.h
tools/install.sh -D -m 644 x86_64/include/linux/reboot.h /deps/musl/include/linux/reboot.h
tools/install.sh -D -m 644 x86_64/include/linux/reiserfs_fs.h /deps/musl/include/linux/reiserfs_fs.h
tools/install.sh -D -m 644 x86_64/include/linux/reiserfs_xattr.h /deps/musl/include/linux/reiserfs_xattr.h
tools/install.sh -D -m 644 x86_64/include/linux/resource.h /deps/musl/include/linux/resource.h
tools/install.sh -D -m 644 x86_64/include/linux/rfkill.h /deps/musl/include/linux/rfkill.h
tools/install.sh -D -m 644 x86_64/include/linux/rio_cm_cdev.h /deps/musl/include/linux/rio_cm_cdev.h
tools/install.sh -D -m 644 x86_64/include/linux/rio_mport_cdev.h /deps/musl/include/linux/rio_mport_cdev.h
tools/install.sh -D -m 644 x86_64/include/linux/romfs_fs.h /deps/musl/include/linux/romfs_fs.h
tools/install.sh -D -m 644 x86_64/include/linux/rose.h /deps/musl/include/linux/rose.h
tools/install.sh -D -m 644 x86_64/include/linux/route.h /deps/musl/include/linux/route.h
tools/install.sh -D -m 644 x86_64/include/linux/rpmsg.h /deps/musl/include/linux/rpmsg.h
tools/install.sh -D -m 644 x86_64/include/linux/rseq.h /deps/musl/include/linux/rseq.h
tools/install.sh -D -m 644 x86_64/include/linux/rtc.h /deps/musl/include/linux/rtc.h
tools/install.sh -D -m 644 x86_64/include/linux/rtnetlink.h /deps/musl/include/linux/rtnetlink.h
tools/install.sh -D -m 644 x86_64/include/linux/rxrpc.h /deps/musl/include/linux/rxrpc.h
tools/install.sh -D -m 644 x86_64/include/linux/scc.h /deps/musl/include/linux/scc.h
tools/install.sh -D -m 644 x86_64/include/linux/sched.h /deps/musl/include/linux/sched.h
tools/install.sh -D -m 644 x86_64/include/linux/sched/types.h /deps/musl/include/linux/sched/types.h
tools/install.sh -D -m 644 x86_64/include/linux/scif_ioctl.h /deps/musl/include/linux/scif_ioctl.h
tools/install.sh -D -m 644 x86_64/include/linux/screen_info.h /deps/musl/include/linux/screen_info.h
tools/install.sh -D -m 644 x86_64/include/linux/sctp.h /deps/musl/include/linux/sctp.h
tools/install.sh -D -m 644 x86_64/include/linux/sdla.h /deps/musl/include/linux/sdla.h
tools/install.sh -D -m 644 x86_64/include/linux/seccomp.h /deps/musl/include/linux/seccomp.h
tools/install.sh -D -m 644 x86_64/include/linux/securebits.h /deps/musl/include/linux/securebits.h
tools/install.sh -D -m 644 x86_64/include/linux/sed-opal.h /deps/musl/include/linux/sed-opal.h
tools/install.sh -D -m 644 x86_64/include/linux/seg6.h /deps/musl/include/linux/seg6.h
tools/install.sh -D -m 644 x86_64/include/linux/seg6_genl.h /deps/musl/include/linux/seg6_genl.h
tools/install.sh -D -m 644 x86_64/include/linux/seg6_hmac.h /deps/musl/include/linux/seg6_hmac.h
tools/install.sh -D -m 644 x86_64/include/linux/seg6_iptunnel.h /deps/musl/include/linux/seg6_iptunnel.h
tools/install.sh -D -m 644 x86_64/include/linux/seg6_local.h /deps/musl/include/linux/seg6_local.h
tools/install.sh -D -m 644 x86_64/include/linux/selinux_netlink.h /deps/musl/include/linux/selinux_netlink.h
tools/install.sh -D -m 644 x86_64/include/linux/sem.h /deps/musl/include/linux/sem.h
tools/install.sh -D -m 644 x86_64/include/linux/serial.h /deps/musl/include/linux/serial.h
tools/install.sh -D -m 644 x86_64/include/linux/serial_core.h /deps/musl/include/linux/serial_core.h
tools/install.sh -D -m 644 x86_64/include/linux/serial_reg.h /deps/musl/include/linux/serial_reg.h
tools/install.sh -D -m 644 x86_64/include/linux/serio.h /deps/musl/include/linux/serio.h
tools/install.sh -D -m 644 x86_64/include/linux/shm.h /deps/musl/include/linux/shm.h
tools/install.sh -D -m 644 x86_64/include/linux/signal.h /deps/musl/include/linux/signal.h
tools/install.sh -D -m 644 x86_64/include/linux/signalfd.h /deps/musl/include/linux/signalfd.h
tools/install.sh -D -m 644 x86_64/include/linux/smc.h /deps/musl/include/linux/smc.h
tools/install.sh -D -m 644 x86_64/include/linux/smc_diag.h /deps/musl/include/linux/smc_diag.h
tools/install.sh -D -m 644 x86_64/include/linux/smiapp.h /deps/musl/include/linux/smiapp.h
tools/install.sh -D -m 644 x86_64/include/linux/snmp.h /deps/musl/include/linux/snmp.h
tools/install.sh -D -m 644 x86_64/include/linux/sock_diag.h /deps/musl/include/linux/sock_diag.h
tools/install.sh -D -m 644 x86_64/include/linux/socket.h /deps/musl/include/linux/socket.h
tools/install.sh -D -m 644 x86_64/include/linux/sockios.h /deps/musl/include/linux/sockios.h
tools/install.sh -D -m 644 x86_64/include/linux/sonet.h /deps/musl/include/linux/sonet.h
tools/install.sh -D -m 644 x86_64/include/linux/sonypi.h /deps/musl/include/linux/sonypi.h
tools/install.sh -D -m 644 x86_64/include/linux/sound.h /deps/musl/include/linux/sound.h
tools/install.sh -D -m 644 x86_64/include/linux/soundcard.h /deps/musl/include/linux/soundcard.h
tools/install.sh -D -m 644 x86_64/include/linux/spi/spidev.h /deps/musl/include/linux/spi/spidev.h
tools/install.sh -D -m 644 x86_64/include/linux/stat.h /deps/musl/include/linux/stat.h
tools/install.sh -D -m 644 x86_64/include/linux/stddef.h /deps/musl/include/linux/stddef.h
tools/install.sh -D -m 644 x86_64/include/linux/stm.h /deps/musl/include/linux/stm.h
tools/install.sh -D -m 644 x86_64/include/linux/string.h /deps/musl/include/linux/string.h
tools/install.sh -D -m 644 x86_64/include/linux/sunrpc/debug.h /deps/musl/include/linux/sunrpc/debug.h
tools/install.sh -D -m 644 x86_64/include/linux/suspend_ioctls.h /deps/musl/include/linux/suspend_ioctls.h
tools/install.sh -D -m 644 x86_64/include/linux/swab.h /deps/musl/include/linux/swab.h
tools/install.sh -D -m 644 x86_64/include/linux/switchtec_ioctl.h /deps/musl/include/linux/switchtec_ioctl.h
tools/install.sh -D -m 644 x86_64/include/linux/sync_file.h /deps/musl/include/linux/sync_file.h
tools/install.sh -D -m 644 x86_64/include/linux/synclink.h /deps/musl/include/linux/synclink.h
tools/install.sh -D -m 644 x86_64/include/linux/sysctl.h /deps/musl/include/linux/sysctl.h
tools/install.sh -D -m 644 x86_64/include/linux/sysinfo.h /deps/musl/include/linux/sysinfo.h
tools/install.sh -D -m 644 x86_64/include/linux/target_core_user.h /deps/musl/include/linux/target_core_user.h
tools/install.sh -D -m 644 x86_64/include/linux/taskstats.h /deps/musl/include/linux/taskstats.h
tools/install.sh -D -m 644 x86_64/include/linux/tc_act/tc_bpf.h /deps/musl/include/linux/tc_act/tc_bpf.h
tools/install.sh -D -m 644 x86_64/include/linux/tc_act/tc_connmark.h /deps/musl/include/linux/tc_act/tc_connmark.h
tools/install.sh -D -m 644 x86_64/include/linux/tc_act/tc_csum.h /deps/musl/include/linux/tc_act/tc_csum.h
tools/install.sh -D -m 644 x86_64/include/linux/tc_act/tc_defact.h /deps/musl/include/linux/tc_act/tc_defact.h
tools/install.sh -D -m 644 x86_64/include/linux/tc_act/tc_gact.h /deps/musl/include/linux/tc_act/tc_gact.h
tools/install.sh -D -m 644 x86_64/include/linux/tc_act/tc_ife.h /deps/musl/include/linux/tc_act/tc_ife.h
tools/install.sh -D -m 644 x86_64/include/linux/tc_act/tc_ipt.h /deps/musl/include/linux/tc_act/tc_ipt.h
tools/install.sh -D -m 644 x86_64/include/linux/tc_act/tc_mirred.h /deps/musl/include/linux/tc_act/tc_mirred.h
tools/install.sh -D -m 644 x86_64/include/linux/tc_act/tc_nat.h /deps/musl/include/linux/tc_act/tc_nat.h
tools/install.sh -D -m 644 x86_64/include/linux/tc_act/tc_pedit.h /deps/musl/include/linux/tc_act/tc_pedit.h
tools/install.sh -D -m 644 x86_64/include/linux/tc_act/tc_sample.h /deps/musl/include/linux/tc_act/tc_sample.h
tools/install.sh -D -m 644 x86_64/include/linux/tc_act/tc_skbedit.h /deps/musl/include/linux/tc_act/tc_skbedit.h
tools/install.sh -D -m 644 x86_64/include/linux/tc_act/tc_skbmod.h /deps/musl/include/linux/tc_act/tc_skbmod.h
tools/install.sh -D -m 644 x86_64/include/linux/tc_act/tc_tunnel_key.h /deps/musl/include/linux/tc_act/tc_tunnel_key.h
tools/install.sh -D -m 644 x86_64/include/linux/tc_act/tc_vlan.h /deps/musl/include/linux/tc_act/tc_vlan.h
tools/install.sh -D -m 644 x86_64/include/linux/tc_ematch/tc_em_cmp.h /deps/musl/include/linux/tc_ematch/tc_em_cmp.h
tools/install.sh -D -m 644 x86_64/include/linux/tc_ematch/tc_em_ipt.h /deps/musl/include/linux/tc_ematch/tc_em_ipt.h
tools/install.sh -D -m 644 x86_64/include/linux/tc_ematch/tc_em_meta.h /deps/musl/include/linux/tc_ematch/tc_em_meta.h
tools/install.sh -D -m 644 x86_64/include/linux/tc_ematch/tc_em_nbyte.h /deps/musl/include/linux/tc_ematch/tc_em_nbyte.h
tools/install.sh -D -m 644 x86_64/include/linux/tc_ematch/tc_em_text.h /deps/musl/include/linux/tc_ematch/tc_em_text.h
tools/install.sh -D -m 644 x86_64/include/linux/tcp.h /deps/musl/include/linux/tcp.h
tools/install.sh -D -m 644 x86_64/include/linux/tcp_metrics.h /deps/musl/include/linux/tcp_metrics.h
tools/install.sh -D -m 644 x86_64/include/linux/tee.h /deps/musl/include/linux/tee.h
tools/install.sh -D -m 644 x86_64/include/linux/termios.h /deps/musl/include/linux/termios.h
tools/install.sh -D -m 644 x86_64/include/linux/thermal.h /deps/musl/include/linux/thermal.h
tools/install.sh -D -m 644 x86_64/include/linux/time.h /deps/musl/include/linux/time.h
tools/install.sh -D -m 644 x86_64/include/linux/timerfd.h /deps/musl/include/linux/timerfd.h
tools/install.sh -D -m 644 x86_64/include/linux/times.h /deps/musl/include/linux/times.h
tools/install.sh -D -m 644 x86_64/include/linux/timex.h /deps/musl/include/linux/timex.h
tools/install.sh -D -m 644 x86_64/include/linux/tiocl.h /deps/musl/include/linux/tiocl.h
tools/install.sh -D -m 644 x86_64/include/linux/tipc.h /deps/musl/include/linux/tipc.h
tools/install.sh -D -m 644 x86_64/include/linux/tipc_config.h /deps/musl/include/linux/tipc_config.h
tools/install.sh -D -m 644 x86_64/include/linux/tipc_netlink.h /deps/musl/include/linux/tipc_netlink.h
tools/install.sh -D -m 644 x86_64/include/linux/tipc_sockets_diag.h /deps/musl/include/linux/tipc_sockets_diag.h
tools/install.sh -D -m 644 x86_64/include/linux/tls.h /deps/musl/include/linux/tls.h
tools/install.sh -D -m 644 x86_64/include/linux/toshiba.h /deps/musl/include/linux/toshiba.h
tools/install.sh -D -m 644 x86_64/include/linux/tty.h /deps/musl/include/linux/tty.h
tools/install.sh -D -m 644 x86_64/include/linux/tty_flags.h /deps/musl/include/linux/tty_flags.h
tools/install.sh -D -m 644 x86_64/include/linux/types.h /deps/musl/include/linux/types.h
tools/install.sh -D -m 644 x86_64/include/linux/udf_fs_i.h /deps/musl/include/linux/udf_fs_i.h
tools/install.sh -D -m 644 x86_64/include/linux/udp.h /deps/musl/include/linux/udp.h
tools/install.sh -D -m 644 x86_64/include/linux/uhid.h /deps/musl/include/linux/uhid.h
tools/install.sh -D -m 644 x86_64/include/linux/uinput.h /deps/musl/include/linux/uinput.h
tools/install.sh -D -m 644 x86_64/include/linux/uio.h /deps/musl/include/linux/uio.h
tools/install.sh -D -m 644 x86_64/include/linux/uleds.h /deps/musl/include/linux/uleds.h
tools/install.sh -D -m 644 x86_64/include/linux/ultrasound.h /deps/musl/include/linux/ultrasound.h
tools/install.sh -D -m 644 x86_64/include/linux/un.h /deps/musl/include/linux/un.h
tools/install.sh -D -m 644 x86_64/include/linux/unistd.h /deps/musl/include/linux/unistd.h
tools/install.sh -D -m 644 x86_64/include/linux/unix_diag.h /deps/musl/include/linux/unix_diag.h
tools/install.sh -D -m 644 x86_64/include/linux/usb/audio.h /deps/musl/include/linux/usb/audio.h
tools/install.sh -D -m 644 x86_64/include/linux/usb/cdc-wdm.h /deps/musl/include/linux/usb/cdc-wdm.h
tools/install.sh -D -m 644 x86_64/include/linux/usb/cdc.h /deps/musl/include/linux/usb/cdc.h
tools/install.sh -D -m 644 x86_64/include/linux/usb/ch11.h /deps/musl/include/linux/usb/ch11.h
tools/install.sh -D -m 644 x86_64/include/linux/usb/ch9.h /deps/musl/include/linux/usb/ch9.h
tools/install.sh -D -m 644 x86_64/include/linux/usb/charger.h /deps/musl/include/linux/usb/charger.h
tools/install.sh -D -m 644 x86_64/include/linux/usb/functionfs.h /deps/musl/include/linux/usb/functionfs.h
tools/install.sh -D -m 644 x86_64/include/linux/usb/g_printer.h /deps/musl/include/linux/usb/g_printer.h
tools/install.sh -D -m 644 x86_64/include/linux/usb/g_uvc.h /deps/musl/include/linux/usb/g_uvc.h
tools/install.sh -D -m 644 x86_64/include/linux/usb/gadgetfs.h /deps/musl/include/linux/usb/gadgetfs.h
tools/install.sh -D -m 644 x86_64/include/linux/usb/midi.h /deps/musl/include/linux/usb/midi.h
tools/install.sh -D -m 644 x86_64/include/linux/usb/tmc.h /deps/musl/include/linux/usb/tmc.h
tools/install.sh -D -m 644 x86_64/include/linux/usb/video.h /deps/musl/include/linux/usb/video.h
tools/install.sh -D -m 644 x86_64/include/linux/usbdevice_fs.h /deps/musl/include/linux/usbdevice_fs.h
tools/install.sh -D -m 644 x86_64/include/linux/usbip.h /deps/musl/include/linux/usbip.h
tools/install.sh -D -m 644 x86_64/include/linux/userfaultfd.h /deps/musl/include/linux/userfaultfd.h
tools/install.sh -D -m 644 x86_64/include/linux/userio.h /deps/musl/include/linux/userio.h
tools/install.sh -D -m 644 x86_64/include/linux/utime.h /deps/musl/include/linux/utime.h
tools/install.sh -D -m 644 x86_64/include/linux/utsname.h /deps/musl/include/linux/utsname.h
tools/install.sh -D -m 644 x86_64/include/linux/uuid.h /deps/musl/include/linux/uuid.h
tools/install.sh -D -m 644 x86_64/include/linux/uvcvideo.h /deps/musl/include/linux/uvcvideo.h
tools/install.sh -D -m 644 x86_64/include/linux/v4l2-common.h /deps/musl/include/linux/v4l2-common.h
tools/install.sh -D -m 644 x86_64/include/linux/v4l2-controls.h /deps/musl/include/linux/v4l2-controls.h
tools/install.sh -D -m 644 x86_64/include/linux/v4l2-dv-timings.h /deps/musl/include/linux/v4l2-dv-timings.h
tools/install.sh -D -m 644 x86_64/include/linux/v4l2-mediabus.h /deps/musl/include/linux/v4l2-mediabus.h
tools/install.sh -D -m 644 x86_64/include/linux/v4l2-subdev.h /deps/musl/include/linux/v4l2-subdev.h
tools/install.sh -D -m 644 x86_64/include/linux/vbox_err.h /deps/musl/include/linux/vbox_err.h
tools/install.sh -D -m 644 x86_64/include/linux/vbox_vmmdev_types.h /deps/musl/include/linux/vbox_vmmdev_types.h
tools/install.sh -D -m 644 x86_64/include/linux/vboxguest.h /deps/musl/include/linux/vboxguest.h
tools/install.sh -D -m 644 x86_64/include/linux/version.h /deps/musl/include/linux/version.h
tools/install.sh -D -m 644 x86_64/include/linux/veth.h /deps/musl/include/linux/veth.h
tools/install.sh -D -m 644 x86_64/include/linux/vfio.h /deps/musl/include/linux/vfio.h
tools/install.sh -D -m 644 x86_64/include/linux/vfio_ccw.h /deps/musl/include/linux/vfio_ccw.h
tools/install.sh -D -m 644 x86_64/include/linux/vhost.h /deps/musl/include/linux/vhost.h
tools/install.sh -D -m 644 x86_64/include/linux/videodev2.h /deps/musl/include/linux/videodev2.h
tools/install.sh -D -m 644 x86_64/include/linux/virtio_9p.h /deps/musl/include/linux/virtio_9p.h
tools/install.sh -D -m 644 x86_64/include/linux/virtio_balloon.h /deps/musl/include/linux/virtio_balloon.h
tools/install.sh -D -m 644 x86_64/include/linux/virtio_blk.h /deps/musl/include/linux/virtio_blk.h
tools/install.sh -D -m 644 x86_64/include/linux/virtio_config.h /deps/musl/include/linux/virtio_config.h
tools/install.sh -D -m 644 x86_64/include/linux/virtio_console.h /deps/musl/include/linux/virtio_console.h
tools/install.sh -D -m 644 x86_64/include/linux/virtio_crypto.h /deps/musl/include/linux/virtio_crypto.h
tools/install.sh -D -m 644 x86_64/include/linux/virtio_gpu.h /deps/musl/include/linux/virtio_gpu.h
tools/install.sh -D -m 644 x86_64/include/linux/virtio_ids.h /deps/musl/include/linux/virtio_ids.h
tools/install.sh -D -m 644 x86_64/include/linux/virtio_input.h /deps/musl/include/linux/virtio_input.h
tools/install.sh -D -m 644 x86_64/include/linux/virtio_mmio.h /deps/musl/include/linux/virtio_mmio.h
tools/install.sh -D -m 644 x86_64/include/linux/virtio_net.h /deps/musl/include/linux/virtio_net.h
tools/install.sh -D -m 644 x86_64/include/linux/virtio_pci.h /deps/musl/include/linux/virtio_pci.h
tools/install.sh -D -m 644 x86_64/include/linux/virtio_ring.h /deps/musl/include/linux/virtio_ring.h
tools/install.sh -D -m 644 x86_64/include/linux/virtio_rng.h /deps/musl/include/linux/virtio_rng.h
tools/install.sh -D -m 644 x86_64/include/linux/virtio_scsi.h /deps/musl/include/linux/virtio_scsi.h
tools/install.sh -D -m 644 x86_64/include/linux/virtio_types.h /deps/musl/include/linux/virtio_types.h
tools/install.sh -D -m 644 x86_64/include/linux/virtio_vsock.h /deps/musl/include/linux/virtio_vsock.h
tools/install.sh -D -m 644 x86_64/include/linux/vm_sockets.h /deps/musl/include/linux/vm_sockets.h
tools/install.sh -D -m 644 x86_64/include/linux/vm_sockets_diag.h /deps/musl/include/linux/vm_sockets_diag.h
tools/install.sh -D -m 644 x86_64/include/linux/vmcore.h /deps/musl/include/linux/vmcore.h
tools/install.sh -D -m 644 x86_64/include/linux/vsockmon.h /deps/musl/include/linux/vsockmon.h
tools/install.sh -D -m 644 x86_64/include/linux/vt.h /deps/musl/include/linux/vt.h
tools/install.sh -D -m 644 x86_64/include/linux/vtpm_proxy.h /deps/musl/include/linux/vtpm_proxy.h
tools/install.sh -D -m 644 x86_64/include/linux/wait.h /deps/musl/include/linux/wait.h
tools/install.sh -D -m 644 x86_64/include/linux/wanrouter.h /deps/musl/include/linux/wanrouter.h
tools/install.sh -D -m 644 x86_64/include/linux/watchdog.h /deps/musl/include/linux/watchdog.h
tools/install.sh -D -m 644 x86_64/include/linux/wimax.h /deps/musl/include/linux/wimax.h
tools/install.sh -D -m 644 x86_64/include/linux/wimax/i2400m.h /deps/musl/include/linux/wimax/i2400m.h
tools/install.sh -D -m 644 x86_64/include/linux/wireless.h /deps/musl/include/linux/wireless.h
tools/install.sh -D -m 644 x86_64/include/linux/wmi.h /deps/musl/include/linux/wmi.h
tools/install.sh -D -m 644 x86_64/include/linux/x25.h /deps/musl/include/linux/x25.h
tools/install.sh -D -m 644 x86_64/include/linux/xattr.h /deps/musl/include/linux/xattr.h
tools/install.sh -D -m 644 x86_64/include/linux/xfrm.h /deps/musl/include/linux/xfrm.h
tools/install.sh -D -m 644 x86_64/include/linux/xilinx-v4l2-controls.h /deps/musl/include/linux/xilinx-v4l2-controls.h
tools/install.sh -D -m 644 x86_64/include/linux/zorro.h /deps/musl/include/linux/zorro.h
tools/install.sh -D -m 644 x86_64/include/linux/zorro_ids.h /deps/musl/include/linux/zorro_ids.h
tools/install.sh -D -m 644 x86_64/include/mtd/inftl-user.h /deps/musl/include/mtd/inftl-user.h
tools/install.sh -D -m 644 x86_64/include/mtd/mtd-abi.h /deps/musl/include/mtd/mtd-abi.h
tools/install.sh -D -m 644 x86_64/include/mtd/mtd-user.h /deps/musl/include/mtd/mtd-user.h
tools/install.sh -D -m 644 x86_64/include/mtd/nftl-user.h /deps/musl/include/mtd/nftl-user.h
tools/install.sh -D -m 644 x86_64/include/mtd/ubi-user.h /deps/musl/include/mtd/ubi-user.h
tools/install.sh -D -m 644 x86_64/include/rdma/bnxt_re-abi.h /deps/musl/include/rdma/bnxt_re-abi.h
tools/install.sh -D -m 644 x86_64/include/rdma/cxgb3-abi.h /deps/musl/include/rdma/cxgb3-abi.h
tools/install.sh -D -m 644 x86_64/include/rdma/cxgb4-abi.h /deps/musl/include/rdma/cxgb4-abi.h
tools/install.sh -D -m 644 x86_64/include/rdma/hfi/hfi1_ioctl.h /deps/musl/include/rdma/hfi/hfi1_ioctl.h
tools/install.sh -D -m 644 x86_64/include/rdma/hfi/hfi1_user.h /deps/musl/include/rdma/hfi/hfi1_user.h
tools/install.sh -D -m 644 x86_64/include/rdma/hns-abi.h /deps/musl/include/rdma/hns-abi.h
tools/install.sh -D -m 644 x86_64/include/rdma/i40iw-abi.h /deps/musl/include/rdma/i40iw-abi.h
tools/install.sh -D -m 644 x86_64/include/rdma/ib_user_cm.h /deps/musl/include/rdma/ib_user_cm.h
tools/install.sh -D -m 644 x86_64/include/rdma/ib_user_ioctl_cmds.h /deps/musl/include/rdma/ib_user_ioctl_cmds.h
tools/install.sh -D -m 644 x86_64/include/rdma/ib_user_ioctl_verbs.h /deps/musl/include/rdma/ib_user_ioctl_verbs.h
tools/install.sh -D -m 644 x86_64/include/rdma/ib_user_mad.h /deps/musl/include/rdma/ib_user_mad.h
tools/install.sh -D -m 644 x86_64/include/rdma/ib_user_sa.h /deps/musl/include/rdma/ib_user_sa.h
tools/install.sh -D -m 644 x86_64/include/rdma/ib_user_verbs.h /deps/musl/include/rdma/ib_user_verbs.h
tools/install.sh -D -m 644 x86_64/include/rdma/mlx4-abi.h /deps/musl/include/rdma/mlx4-abi.h
tools/install.sh -D -m 644 x86_64/include/rdma/mlx5-abi.h /deps/musl/include/rdma/mlx5-abi.h
tools/install.sh -D -m 644 x86_64/include/rdma/mlx5_user_ioctl_cmds.h /deps/musl/include/rdma/mlx5_user_ioctl_cmds.h
tools/install.sh -D -m 644 x86_64/include/rdma/mlx5_user_ioctl_verbs.h /deps/musl/include/rdma/mlx5_user_ioctl_verbs.h
tools/install.sh -D -m 644 x86_64/include/rdma/mthca-abi.h /deps/musl/include/rdma/mthca-abi.h
tools/install.sh -D -m 644 x86_64/include/rdma/nes-abi.h /deps/musl/include/rdma/nes-abi.h
tools/install.sh -D -m 644 x86_64/include/rdma/ocrdma-abi.h /deps/musl/include/rdma/ocrdma-abi.h
tools/install.sh -D -m 644 x86_64/include/rdma/qedr-abi.h /deps/musl/include/rdma/qedr-abi.h
tools/install.sh -D -m 644 x86_64/include/rdma/rdma_netlink.h /deps/musl/include/rdma/rdma_netlink.h
tools/install.sh -D -m 644 x86_64/include/rdma/rdma_user_cm.h /deps/musl/include/rdma/rdma_user_cm.h
tools/install.sh -D -m 644 x86_64/include/rdma/rdma_user_ioctl.h /deps/musl/include/rdma/rdma_user_ioctl.h
tools/install.sh -D -m 644 x86_64/include/rdma/rdma_user_ioctl_cmds.h /deps/musl/include/rdma/rdma_user_ioctl_cmds.h
tools/install.sh -D -m 644 x86_64/include/rdma/rdma_user_rxe.h /deps/musl/include/rdma/rdma_user_rxe.h
tools/install.sh -D -m 644 x86_64/include/rdma/vmw_pvrdma-abi.h /deps/musl/include/rdma/vmw_pvrdma-abi.h
tools/install.sh -D -m 644 x86_64/include/scsi/cxlflash_ioctl.h /deps/musl/include/scsi/cxlflash_ioctl.h
tools/install.sh -D -m 644 x86_64/include/scsi/fc/fc_els.h /deps/musl/include/scsi/fc/fc_els.h
tools/install.sh -D -m 644 x86_64/include/scsi/fc/fc_fs.h /deps/musl/include/scsi/fc/fc_fs.h
tools/install.sh -D -m 644 x86_64/include/scsi/fc/fc_gs.h /deps/musl/include/scsi/fc/fc_gs.h
tools/install.sh -D -m 644 x86_64/include/scsi/fc/fc_ns.h /deps/musl/include/scsi/fc/fc_ns.h
tools/install.sh -D -m 644 x86_64/include/scsi/scsi_bsg_fc.h /deps/musl/include/scsi/scsi_bsg_fc.h
tools/install.sh -D -m 644 x86_64/include/scsi/scsi_netlink.h /deps/musl/include/scsi/scsi_netlink.h
tools/install.sh -D -m 644 x86_64/include/scsi/scsi_netlink_fc.h /deps/musl/include/scsi/scsi_netlink_fc.h
tools/install.sh -D -m 644 x86_64/include/sound/asequencer.h /deps/musl/include/sound/asequencer.h
tools/install.sh -D -m 644 x86_64/include/sound/asoc.h /deps/musl/include/sound/asoc.h
tools/install.sh -D -m 644 x86_64/include/sound/asound.h /deps/musl/include/sound/asound.h
tools/install.sh -D -m 644 x86_64/include/sound/asound_fm.h /deps/musl/include/sound/asound_fm.h
tools/install.sh -D -m 644 x86_64/include/sound/compress_offload.h /deps/musl/include/sound/compress_offload.h
tools/install.sh -D -m 644 x86_64/include/sound/compress_params.h /deps/musl/include/sound/compress_params.h
tools/install.sh -D -m 644 x86_64/include/sound/emu10k1.h /deps/musl/include/sound/emu10k1.h
tools/install.sh -D -m 644 x86_64/include/sound/firewire.h /deps/musl/include/sound/firewire.h
tools/install.sh -D -m 644 x86_64/include/sound/hdsp.h /deps/musl/include/sound/hdsp.h
tools/install.sh -D -m 644 x86_64/include/sound/hdspm.h /deps/musl/include/sound/hdspm.h
tools/install.sh -D -m 644 x86_64/include/sound/sb16_csp.h /deps/musl/include/sound/sb16_csp.h
tools/install.sh -D -m 644 x86_64/include/sound/sfnt_info.h /deps/musl/include/sound/sfnt_info.h
tools/install.sh -D -m 644 x86_64/include/sound/skl-tplg-interface.h /deps/musl/include/sound/skl-tplg-interface.h
tools/install.sh -D -m 644 x86_64/include/sound/snd_sst_tokens.h /deps/musl/include/sound/snd_sst_tokens.h
tools/install.sh -D -m 644 x86_64/include/sound/tlv.h /deps/musl/include/sound/tlv.h
tools/install.sh -D -m 644 x86_64/include/sound/usb_stream.h /deps/musl/include/sound/usb_stream.h
tools/install.sh -D -m 644 x86_64/include/video/edid.h /deps/musl/include/video/edid.h
tools/install.sh -D -m 644 x86_64/include/video/sisfb.h /deps/musl/include/video/sisfb.h
tools/install.sh -D -m 644 x86_64/include/video/uvesafb.h /deps/musl/include/video/uvesafb.h
tools/install.sh -D -m 644 x86_64/include/xen/evtchn.h /deps/musl/include/xen/evtchn.h
tools/install.sh -D -m 644 x86_64/include/xen/gntalloc.h /deps/musl/include/xen/gntalloc.h
tools/install.sh -D -m 644 x86_64/include/xen/gntdev.h /deps/musl/include/xen/gntdev.h
tools/install.sh -D -m 644 x86_64/include/xen/privcmd.h /deps/musl/include/xen/privcmd.h
