--2024-03-17 05:55:49--  https://github.com/sabotage-linux/kernel-headers/releases/download/v4.19.88-2/linux-headers-4.19.88-2.tar.xz
Resolving github.com (github.com)... 20.27.177.113
Connecting to github.com (github.com)|20.27.177.113|:443... connected.
HTTP request sent, awaiting response... 302 Found
Location: https://objects.githubusercontent.com/github-production-release-asset-2e65be/13533033/f0760be1-aac8-46da-9357-8df1129877e6?X-Amz-Algorithm=AWS4-HMAC-SHA256&X-Amz-Credential=AKIAVCODYLSA53PQK4ZA%2F20240317%2Fus-east-1%2Fs3%2Faws4_request&X-Amz-Date=20240317T055548Z&X-Amz-Expires=300&X-Amz-Signature=13cd5e81380200c0b68422389f5884bd010f6d5bf105d6ee04fdff378bab0a8f&X-Amz-SignedHeaders=host&actor_id=0&key_id=0&repo_id=13533033&response-content-disposition=attachment%3B%20filename%3Dlinux-headers-4.19.88-2.tar.xz&response-content-type=application%2Foctet-stream [following]
--2024-03-17 05:55:49--  https://objects.githubusercontent.com/github-production-release-asset-2e65be/13533033/f0760be1-aac8-46da-9357-8df1129877e6?X-Amz-Algorithm=AWS4-HMAC-SHA256&X-Amz-Credential=AKIAVCODYLSA53PQK4ZA%2F20240317%2Fus-east-1%2Fs3%2Faws4_request&X-Amz-Date=20240317T055548Z&X-Amz-Expires=300&X-Amz-Signature=13cd5e81380200c0b68422389f5884bd010f6d5bf105d6ee04fdff378bab0a8f&X-Amz-SignedHeaders=host&actor_id=0&key_id=0&repo_id=13533033&response-content-disposition=attachment%3B%20filename%3Dlinux-headers-4.19.88-2.tar.xz&response-content-type=application%2Foctet-stream
Resolving objects.githubusercontent.com (objects.githubusercontent.com)... 185.199.108.133, 185.199.109.133, 185.199.111.133, ...
Connecting to objects.githubusercontent.com (objects.githubusercontent.com)|185.199.108.133|:443... connected.
HTTP request sent, awaiting response... 200 OK
Length: 1081424 (1.0M) [application/octet-stream]
Saving to: 'linux-headers-4.19.88-2.tar.xz'

     0K .......... .......... .......... .......... ..........  4% 1.42M 1s
    50K .......... .......... .......... .......... ..........  9% 3.43M 0s
   100K .......... .......... .......... .......... .......... 14% 2.45M 0s
   150K .......... .......... .......... .......... .......... 18% 6.53M 0s
   200K .......... .......... .......... .......... .......... 23% 9.60M 0s
   250K .......... .......... .......... .......... .......... 28% 2.79M 0s
   300K .......... .......... .......... .......... .......... 33% 13.8M 0s
   350K .......... .......... .......... .......... .......... 37% 16.9M 0s
   400K .......... .......... .......... .......... .......... 42% 13.8M 0s
   450K .......... .......... .......... .......... .......... 47% 9.26M 0s
   500K .......... .......... .......... .......... .......... 52% 3.20M 0s
   550K .......... .......... .......... .......... .......... 56% 13.2M 0s
   600K .......... .......... .......... .......... .......... 61% 10.7M 0s
   650K .......... .......... .......... .......... .......... 66% 9.18M 0s
   700K .......... .......... .......... .......... .......... 71% 27.7M 0s
   750K .......... .......... .......... .......... .......... 75% 25.8M 0s
   800K .......... .......... .......... .......... .......... 80% 28.2M 0s
   850K .......... .......... .......... .......... .......... 85% 23.0M 0s
   900K .......... .......... .......... .......... .......... 89% 31.3M 0s
   950K .......... .......... .......... .......... .......... 94% 19.3M 0s
  1000K .......... .......... .......... .......... .......... 99% 5.66M 0s
  1050K ......                                                100% 11.3T=0.2s

2024-03-17 05:55:50 (6.33 MB/s) - 'linux-headers-4.19.88-2.tar.xz' saved [1081424/1081424]

