--2024-03-17 05:55:37--  https://musl.libc.org/releases/musl-1.2.4.tar.gz
Resolving musl.libc.org (musl.libc.org)... 45.63.0.111, 2001:19f0:4009:4061:5400:ff:fe11:6da2
Connecting to musl.libc.org (musl.libc.org)|45.63.0.111|:443... connected.
HTTP request sent, awaiting response... 200 OK
Length: 1063758 (1.0M) [application/octet-stream]
Saving to: 'musl-1.2.4.tar.gz'

     0K .......... .......... .......... .......... ..........  4%  256K 4s
    50K .......... .......... .......... .......... ..........  9%  257K 4s
   100K .......... .......... .......... .......... .......... 14% 14.7M 2s
   150K .......... .......... .......... .......... .......... 19% 17.4M 2s
   200K .......... .......... .......... .......... .......... 24%  264K 2s
   250K .......... .......... .......... .......... .......... 28% 23.0M 1s
   300K .......... .......... .......... .......... .......... 33% 17.1M 1s
   350K .......... .......... .......... .......... .......... 38% 17.3M 1s
   400K .......... .......... .......... .......... .......... 43%  268K 1s
   450K .......... .......... .......... .......... .......... 48% 18.7M 1s
   500K .......... .......... .......... .......... .......... 52% 16.0M 1s
   550K .......... .......... .......... .......... .......... 57% 21.7M 1s
   600K .......... .......... .......... .......... .......... 62% 34.9M 0s
   650K .......... .......... .......... .......... .......... 67%  272K 0s
   700K .......... .......... .......... .......... .......... 72% 16.1M 0s
   750K .......... .......... .......... .......... .......... 77% 17.9M 0s
   800K .......... .......... .......... .......... .......... 81% 28.8M 0s
   850K .......... .......... .......... .......... .......... 86% 22.9M 0s
   900K .......... .......... .......... .......... .......... 91% 28.3M 0s
   950K .......... .......... .......... .......... .......... 96% 32.0M 0s
  1000K .......... .......... .......... ........             100% 37.2M=1.0s

2024-03-17 05:55:39 (1.03 MB/s) - 'musl-1.2.4.tar.gz' saved [1063758/1063758]

