--2024-03-17 05:55:55--  https://www.openssl.org/source/openssl-3.2.0.tar.gz
Resolving www.openssl.org (www.openssl.org)... 34.36.58.177, 2600:1901:0:1812::
Connecting to www.openssl.org (www.openssl.org)|34.36.58.177|:443... connected.
HTTP request sent, awaiting response... 200 OK
Length: 17698352 (17M) [application/x-tar]
Saving to: 'openssl-3.2.0.tar.gz'

     0K .......... .......... .......... .......... ..........  0%  261K 66s
    50K .......... .......... .......... .......... ..........  0%  267K 65s
   100K .......... .......... .......... .......... ..........  0%  406K 57s
   150K .......... .......... .......... .......... ..........  1%  850K 48s
   200K .......... .......... .......... .......... ..........  1%  762K 43s
   250K .......... .......... .......... .......... ..........  1%  789K 39s
   300K .......... .......... .......... .......... ..........  2%  791K 36s
   350K .......... .......... .......... .......... ..........  2%  830K 34s
   400K .......... .......... .......... .......... ..........  2% 1.31M 32s
   450K .......... .......... .......... .......... ..........  2% 1.51M 30s
   500K .......... .......... .......... .......... ..........  3% 1.72M 28s
   550K .......... .......... .......... .......... ..........  3% 1.85M 26s
   600K .......... .......... .......... .......... ..........  3% 1.95M 25s
   650K .......... .......... .......... .......... ..........  4% 2.05M 23s
   700K .......... .......... .......... .......... ..........  4% 2.12M 22s
   750K .......... .......... .......... .......... ..........  4% 1.51M 21s
   800K .......... .......... .......... .......... ..........  4% 2.21M 21s
   850K .......... .......... .......... .......... ..........  5% 2.54M 20s
   900K .......... .......... .......... .......... ..........  5% 2.43M 19s
   950K .......... .......... .......... .......... ..........  5% 2.59M 18s
  1000K .......... .......... .......... .......... ..........  6% 2.50M 18s
  1050K .......... .......... .......... .......... ..........  6% 1.42M 17s
  1100K .......... .......... .......... .......... ..........  6% 16.7M 17s
  1150K .......... .......... .......... .......... ..........  6% 3.62M 16s
  1200K .......... .......... .......... .......... ..........  7% 4.00M 15s
  1250K .......... .......... .......... .......... ..........  7% 2.62M 15s
  1300K .......... .......... .......... .......... ..........  7% 7.90M 15s
  1350K .......... .......... .......... .......... ..........  8% 3.58M 14s
  1400K .......... .......... .......... .......... ..........  8% 4.36M 14s
  1450K .......... .......... .......... .......... ..........  8% 4.60M 13s
  1500K .......... .......... .......... .......... ..........  8% 3.41M 13s
  1550K .......... .......... .......... .......... ..........  9% 3.78M 13s
  1600K .......... .......... .......... .......... ..........  9% 8.80M 12s
  1650K .......... .......... .......... .......... ..........  9% 2.93M 12s
  1700K .......... .......... .......... .......... .......... 10% 13.9M 12s
  1750K .......... .......... .......... .......... .......... 10% 5.39M 11s
  1800K .......... .......... .......... .......... .......... 10% 5.39M 11s
  1850K .......... .......... .......... .......... .......... 10% 4.73M 11s
  1900K .......... .......... .......... .......... .......... 11% 5.42M 11s
  1950K .......... .......... .......... .......... .......... 11% 4.21M 10s
  2000K .......... .......... .......... .......... .......... 11% 5.24M 10s
  2050K .......... .......... .......... .......... .......... 12% 4.33M 10s
  2100K .......... .......... .......... .......... .......... 12% 8.29M 10s
  2150K .......... .......... .......... .......... .......... 12% 5.37M 10s
  2200K .......... .......... .......... .......... .......... 13% 6.01M 9s
  2250K .......... .......... .......... .......... .......... 13% 6.06M 9s
  2300K .......... .......... .......... .......... .......... 13% 7.04M 9s
  2350K .......... .......... .......... .......... .......... 13% 4.83M 9s
  2400K .......... .......... .......... .......... .......... 14% 7.32M 9s
  2450K .......... .......... .......... .......... .......... 14% 6.44M 9s
  2500K .......... .......... .......... .......... .......... 14% 7.97M 8s
  2550K .......... .......... .......... .......... .......... 15% 5.70M 8s
  2600K .......... .......... .......... .......... .......... 15% 8.65M 8s
  2650K .......... .......... .......... .......... .......... 15% 8.16M 8s
  2700K .......... .......... .......... .......... .......... 15% 7.53M 8s
  2750K .......... .......... .......... .......... .......... 16% 5.98M 8s
  2800K .......... .......... .......... .......... .......... 16% 7.78M 8s
  2850K .......... .......... .......... .......... .......... 16% 8.07M 7s
  2900K .......... .......... .......... .......... .......... 17% 8.69M 7s
  2950K .......... .......... .......... .......... .......... 17% 8.65M 7s
  3000K .......... .......... .......... .......... .......... 17% 7.95M 7s
  3050K .......... .......... .......... .......... .......... 17% 9.42M 7s
  3100K .......... .......... .......... .......... .......... 18% 8.71M 7s
  3150K .......... .......... .......... .......... .......... 18% 6.37M 7s
  3200K .......... .......... .......... .......... .......... 18% 9.13M 7s
  3250K .......... .......... .......... .......... .......... 19% 11.5M 7s
  3300K .......... .......... .......... .......... .......... 19% 7.93M 6s
  3350K .......... .......... .......... .......... .......... 19% 9.07M 6s
  3400K .......... .......... .......... .......... .......... 19% 10.4M 6s
  3450K .......... .......... .......... .......... .......... 20% 11.4M 6s
  3500K .......... .......... .......... .......... .......... 20% 10.2M 6s
  3550K .......... .......... .......... .......... .......... 20% 6.97M 6s
  3600K .......... .......... .......... .......... .......... 21% 13.6M 6s
  3650K .......... .......... .......... .......... .......... 21% 11.3M 6s
  3700K .......... .......... .......... .......... .......... 21% 10.5M 6s
  3750K .......... .......... .......... .......... .......... 21% 10.8M 6s
  3800K .......... .......... .......... .......... .......... 22% 9.52M 6s
  3850K .......... .......... .......... .......... .......... 22% 11.0M 6s
  3900K .......... .......... .......... .......... .......... 22% 12.7M 5s
  3950K .......... .......... .......... .......... .......... 23% 8.60M 5s
  4000K .......... .......... .......... .......... .......... 23% 10.2M 5s
  4050K .......... .......... .......... .......... .......... 23% 9.26M 5s
  4100K .......... .......... .......... .......... .......... 24% 10.5M 5s
  4150K .......... .......... .......... .......... .......... 24% 13.7M 5s
  4200K .......... .......... .......... .......... .......... 24% 16.4M 5s
  4250K .......... .......... .......... .......... .......... 24% 9.19M 5s
  4300K .......... .......... .......... .......... .......... 25% 15.5M 5s
  4350K .......... .......... .......... .......... .......... 25% 6.68M 5s
  4400K .......... .......... .......... .......... .......... 25% 7.70M 5s
  4450K .......... .......... .......... .......... .......... 26% 11.6M 5s
  4500K .......... .......... .......... .......... .......... 26% 12.2M 5s
  4550K .......... .......... .......... .......... .......... 26% 27.1M 5s
  4600K .......... .......... .......... .......... .......... 26% 19.3M 5s
  4650K .......... .......... .......... .......... .......... 27% 15.0M 4s
  4700K .......... .......... .......... .......... .......... 27% 10.4M 4s
  4750K .......... .......... .......... .......... .......... 27% 10.5M 4s
  4800K .......... .......... .......... .......... .......... 28% 13.4M 4s
  4850K .......... .......... .......... .......... .......... 28% 14.9M 4s
  4900K .......... .......... .......... .......... .......... 28% 13.4M 4s
  4950K .......... .......... .......... .......... .......... 28% 13.0M 4s
  5000K .......... .......... .......... .......... .......... 29% 16.6M 4s
  5050K .......... .......... .......... .......... .......... 29% 13.4M 4s
  5100K .......... .......... .......... .......... .......... 29% 15.5M 4s
  5150K .......... .......... .......... .......... .......... 30% 8.66M 4s
  5200K .......... .......... .......... .......... .......... 30% 12.5M 4s
  5250K .......... .......... .......... .......... .......... 30% 15.6M 4s
  5300K .......... .......... .......... .......... .......... 30% 17.9M 4s
  5350K .......... .......... .......... .......... .......... 31% 14.5M 4s
  5400K .......... .......... .......... .......... .......... 31% 10.1M 4s
  5450K .......... .......... .......... .......... .......... 31% 10.3M 4s
  5500K .......... .......... .......... .......... .......... 32% 14.2M 4s
  5550K .......... .......... .......... .......... .......... 32% 13.7M 4s
  5600K .......... .......... .......... .......... .......... 32% 19.2M 4s
  5650K .......... .......... .......... .......... .......... 32% 12.0M 4s
  5700K .......... .......... .......... .......... .......... 33% 18.0M 4s
  5750K .......... .......... .......... .......... .......... 33% 22.4M 3s
  5800K .......... .......... .......... .......... .......... 33% 14.5M 3s
  5850K .......... .......... .......... .......... .......... 34% 20.3M 3s
  5900K .......... .......... .......... .......... .......... 34% 15.2M 3s
  5950K .......... .......... .......... .......... .......... 34% 8.33M 3s
  6000K .......... .......... .......... .......... .......... 35% 24.7M 3s
  6050K .......... .......... .......... .......... .......... 35% 29.5M 3s
  6100K .......... .......... .......... .......... .......... 35% 24.3M 3s
  6150K .......... .......... .......... .......... .......... 35% 12.6M 3s
  6200K .......... .......... .......... .......... .......... 36% 21.5M 3s
  6250K .......... .......... .......... .......... .......... 36% 13.6M 3s
  6300K .......... .......... .......... .......... .......... 36% 12.7M 3s
  6350K .......... .......... .......... .......... .......... 37% 23.4M 3s
  6400K .......... .......... .......... .......... .......... 37% 25.3M 3s
  6450K .......... .......... .......... .......... .......... 37% 15.2M 3s
  6500K .......... .......... .......... .......... .......... 37% 7.55M 3s
  6550K .......... .......... .......... .......... .......... 38% 27.6M 3s
  6600K .......... .......... .......... .......... .......... 38% 39.0M 3s
  6650K .......... .......... .......... .......... .......... 38% 28.3M 3s
  6700K .......... .......... .......... .......... .......... 39% 31.0M 3s
  6750K .......... .......... .......... .......... .......... 39% 12.3M 3s
  6800K .......... .......... .......... .......... .......... 39%  742K 3s
  6850K .......... .......... .......... .......... .......... 39% 16.2M 3s
  6900K .......... .......... .......... .......... .......... 40% 18.0M 3s
  6950K .......... .......... .......... .......... .......... 40% 13.7M 3s
  7000K .......... .......... .......... .......... .......... 40% 23.4M 3s
  7050K .......... .......... .......... .......... .......... 41% 20.3M 3s
  7100K .......... .......... .......... .......... .......... 41% 19.1M 3s
  7150K .......... .......... .......... .......... .......... 41% 15.0M 3s
  7200K .......... .......... .......... .......... .......... 41% 20.6M 3s
  7250K .......... .......... .......... .......... .......... 42% 21.4M 3s
  7300K .......... .......... .......... .......... .......... 42% 20.0M 3s
  7350K .......... .......... .......... .......... .......... 42% 23.4M 3s
  7400K .......... .......... .......... .......... .......... 43% 16.6M 3s
  7450K .......... .......... .......... .......... .......... 43% 28.3M 2s
  7500K .......... .......... .......... .......... .......... 43% 11.3M 2s
  7550K .......... .......... .......... .......... .......... 43% 16.1M 2s
  7600K .......... .......... .......... .......... .......... 44% 25.1M 2s
  7650K .......... .......... .......... .......... .......... 44% 9.09M 2s
  7700K .......... .......... .......... .......... .......... 44% 64.8M 2s
  7750K .......... .......... .......... .......... .......... 45% 16.7M 2s
  7800K .......... .......... .......... .......... .......... 45% 21.5M 2s
  7850K .......... .......... .......... .......... .......... 45% 33.3M 2s
  7900K .......... .......... .......... .......... .......... 45% 31.2M 2s
  7950K .......... .......... .......... .......... .......... 46% 3.20M 2s
  8000K .......... .......... .......... .......... .......... 46%  107M 2s
  8050K .......... .......... .......... .......... .......... 46%  111M 2s
  8100K .......... .......... .......... .......... .......... 47%  102M 2s
  8150K .......... .......... .......... .......... .......... 47% 53.0M 2s
  8200K .......... .......... .......... .......... .......... 47% 1.35M 2s
  8250K .......... .......... .......... .......... .......... 48% 33.4M 2s
  8300K .......... .......... .......... .......... .......... 48% 26.3M 2s
  8350K .......... .......... .......... .......... .......... 48% 25.5M 2s
  8400K .......... .......... .......... .......... .......... 48% 33.2M 2s
  8450K .......... .......... .......... .......... .......... 49% 27.7M 2s
  8500K .......... .......... .......... .......... .......... 49% 23.5M 2s
  8550K .......... .......... .......... .......... .......... 49% 49.0M 2s
  8600K .......... .......... .......... .......... .......... 50% 27.0M 2s
  8650K .......... .......... .......... .......... .......... 50% 41.9M 2s
  8700K .......... .......... .......... .......... .......... 50% 35.0M 2s
  8750K .......... .......... .......... .......... .......... 50% 22.1M 2s
  8800K .......... .......... .......... .......... .......... 51% 41.0M 2s
  8850K .......... .......... .......... .......... .......... 51% 40.8M 2s
  8900K .......... .......... .......... .......... .......... 51% 38.4M 2s
  8950K .......... .......... .......... .......... .......... 52% 23.4M 2s
  9000K .......... .......... .......... .......... .......... 52% 14.7M 2s
  9050K .......... .......... .......... .......... .......... 52% 27.8M 2s
  9100K .......... .......... .......... .......... .......... 52% 33.2M 2s
  9150K .......... .......... .......... .......... .......... 53% 29.2M 2s
  9200K .......... .......... .......... .......... .......... 53% 43.3M 2s
  9250K .......... .......... .......... .......... .......... 53% 31.4M 2s
  9300K .......... .......... .......... .......... .......... 54% 47.4M 2s
  9350K .......... .......... .......... .......... .......... 54% 27.7M 2s
  9400K .......... .......... .......... .......... .......... 54% 25.9M 2s
  9450K .......... .......... .......... .......... .......... 54% 28.5M 2s
  9500K .......... .......... .......... .......... .......... 55% 48.2M 2s
  9550K .......... .......... .......... .......... .......... 55%  494K 2s
  9600K .......... .......... .......... .......... .......... 55% 31.4M 2s
  9650K .......... .......... .......... .......... .......... 56% 30.3M 2s
  9700K .......... .......... .......... .......... .......... 56% 26.4M 2s
  9750K .......... .......... .......... .......... .......... 56% 35.8M 2s
  9800K .......... .......... .......... .......... .......... 56% 29.0M 2s
  9850K .......... .......... .......... .......... .......... 57% 54.8M 2s
  9900K .......... .......... .......... .......... .......... 57% 31.3M 2s
  9950K .......... .......... .......... .......... .......... 57% 26.0M 2s
 10000K .......... .......... .......... .......... .......... 58% 18.3M 2s
 10050K .......... .......... .......... .......... .......... 58% 31.6M 2s
 10100K .......... .......... .......... .......... .......... 58% 31.1M 2s
 10150K .......... .......... .......... .......... .......... 59% 26.9M 1s
 10200K .......... .......... .......... .......... .......... 59% 57.4M 1s
 10250K .......... .......... .......... .......... .......... 59% 33.3M 1s
 10300K .......... .......... .......... .......... .......... 59% 22.5M 1s
 10350K .......... .......... .......... .......... .......... 60% 42.2M 1s
 10400K .......... .......... .......... .......... .......... 60% 35.6M 1s
 10450K .......... .......... .......... .......... .......... 60% 31.1M 1s
 10500K .......... .......... .......... .......... .......... 61% 29.8M 1s
 10550K .......... .......... .......... .......... .......... 61% 29.6M 1s
 10600K .......... .......... .......... .......... .......... 61% 22.8M 1s
 10650K .......... .......... .......... .......... .......... 61% 27.7M 1s
 10700K .......... .......... .......... .......... .......... 62% 38.1M 1s
 10750K .......... .......... .......... .......... .......... 62% 31.9M 1s
 10800K .......... .......... .......... .......... .......... 62% 23.6M 1s
 10850K .......... .......... .......... .......... .......... 63% 58.3M 1s
 10900K .......... .......... .......... .......... .......... 63% 47.1M 1s
 10950K .......... .......... .......... .......... .......... 63%  722K 1s
 11000K .......... .......... .......... .......... .......... 63% 19.5M 1s
 11050K .......... .......... .......... .......... .......... 64% 10.8M 1s
 11100K .......... .......... .......... .......... .......... 64% 19.9M 1s
 11150K .......... .......... .......... .......... .......... 64% 15.7M 1s
 11200K .......... .......... .......... .......... .......... 65% 28.2M 1s
 11250K .......... .......... .......... .......... .......... 65% 24.2M 1s
 11300K .......... .......... .......... .......... .......... 65% 25.1M 1s
 11350K .......... .......... .......... .......... .......... 65% 8.99M 1s
 11400K .......... .......... .......... .......... .......... 66% 9.31M 1s
 11450K .......... .......... .......... .......... .......... 66% 25.8M 1s
 11500K .......... .......... .......... .......... .......... 66% 17.1M 1s
 11550K .......... .......... .......... .......... .......... 67% 8.40M 1s
 11600K .......... .......... .......... .......... .......... 67% 33.2M 1s
 11650K .......... .......... .......... .......... .......... 67% 16.5M 1s
 11700K .......... .......... .......... .......... .......... 67% 25.3M 1s
 11750K .......... .......... .......... .......... .......... 68% 29.1M 1s
 11800K .......... .......... .......... .......... .......... 68% 32.5M 1s
 11850K .......... .......... .......... .......... .......... 68% 37.6M 1s
 11900K .......... .......... .......... .......... .......... 69% 15.9M 1s
 11950K .......... .......... .......... .......... .......... 69% 11.1M 1s
 12000K .......... .......... .......... .......... .......... 69% 44.6M 1s
 12050K .......... .......... .......... .......... .......... 70% 22.3M 1s
 12100K .......... .......... .......... .......... .......... 70% 88.9M 1s
 12150K .......... .......... .......... .......... .......... 70% 24.8M 1s
 12200K .......... .......... .......... .......... .......... 70% 8.15M 1s
 12250K .......... .......... .......... .......... .......... 71% 48.0M 1s
 12300K .......... .......... .......... .......... .......... 71% 56.1M 1s
 12350K .......... .......... .......... .......... .......... 71%  680K 1s
 12400K .......... .......... .......... .......... .......... 72% 18.9M 1s
 12450K .......... .......... .......... .......... .......... 72% 18.2M 1s
 12500K .......... .......... .......... .......... .......... 72% 13.1M 1s
 12550K .......... .......... .......... .......... .......... 72% 14.1M 1s
 12600K .......... .......... .......... .......... .......... 73% 32.9M 1s
 12650K .......... .......... .......... .......... .......... 73% 21.1M 1s
 12700K .......... .......... .......... .......... .......... 73% 14.9M 1s
 12750K .......... .......... .......... .......... .......... 74% 16.1M 1s
 12800K .......... .......... .......... .......... .......... 74% 10.8M 1s
 12850K .......... .......... .......... .......... .......... 74% 10.4M 1s
 12900K .......... .......... .......... .......... .......... 74% 70.0M 1s
 12950K .......... .......... .......... .......... .......... 75% 41.8M 1s
 13000K .......... .......... .......... .......... .......... 75% 29.7M 1s
 13050K .......... .......... .......... .......... .......... 75% 37.0M 1s
 13100K .......... .......... .......... .......... .......... 76% 27.7M 1s
 13150K .......... .......... .......... .......... .......... 76% 25.2M 1s
 13200K .......... .......... .......... .......... .......... 76% 13.8M 1s
 13250K .......... .......... .......... .......... .......... 76% 29.9M 1s
 13300K .......... .......... .......... .......... .......... 77% 28.2M 1s
 13350K .......... .......... .......... .......... .......... 77% 26.8M 1s
 13400K .......... .......... .......... .......... .......... 77% 35.9M 1s
 13450K .......... .......... .......... .......... .......... 78% 40.2M 1s
 13500K .......... .......... .......... .......... .......... 78% 28.9M 1s
 13550K .......... .......... .......... .......... .......... 78% 29.9M 1s
 13600K .......... .......... .......... .......... .......... 78% 40.2M 1s
 13650K .......... .......... .......... .......... .......... 79% 7.86M 1s
 13700K .......... .......... .......... .......... .......... 79% 1.04M 1s
 13750K .......... .......... .......... .......... .......... 79% 22.1M 1s
 13800K .......... .......... .......... .......... .......... 80% 16.4M 1s
 13850K .......... .......... .......... .......... .......... 80% 18.1M 1s
 13900K .......... .......... .......... .......... .......... 80% 17.2M 1s
 13950K .......... .......... .......... .......... .......... 81% 24.8M 1s
 14000K .......... .......... .......... .......... .......... 81% 18.2M 1s
 14050K .......... .......... .......... .......... .......... 81% 14.9M 1s
 14100K .......... .......... .......... .......... .......... 81% 32.6M 1s
 14150K .......... .......... .......... .......... .......... 82% 24.8M 1s
 14200K .......... .......... .......... .......... .......... 82% 19.7M 1s
 14250K .......... .......... .......... .......... .......... 82% 20.4M 1s
 14300K .......... .......... .......... .......... .......... 83% 24.4M 1s
 14350K .......... .......... .......... .......... .......... 83% 15.2M 1s
 14400K .......... .......... .......... .......... .......... 83% 23.2M 0s
 14450K .......... .......... .......... .......... .......... 83% 28.7M 0s
 14500K .......... .......... .......... .......... .......... 84% 23.1M 0s
 14550K .......... .......... .......... .......... .......... 84% 25.6M 0s
 14600K .......... .......... .......... .......... .......... 84% 28.4M 0s
 14650K .......... .......... .......... .......... .......... 85% 32.0M 0s
 14700K .......... .......... .......... .......... .......... 85% 17.9M 0s
 14750K .......... .......... .......... .......... .......... 85% 9.54M 0s
 14800K .......... .......... .......... .......... .......... 85% 99.0M 0s
 14850K .......... .......... .......... .......... .......... 86% 95.1M 0s
 14900K .......... .......... .......... .......... .......... 86% 27.6M 0s
 14950K .......... .......... .......... .......... .......... 86% 32.2M 0s
 15000K .......... .......... .......... .......... .......... 87% 44.7M 0s
 15050K .......... .......... .......... .......... .......... 87% 30.8M 0s
 15100K .......... .......... .......... .......... .......... 87%  584K 0s
 15150K .......... .......... .......... .......... .......... 87% 17.7M 0s
 15200K .......... .......... .......... .......... .......... 88% 13.1M 0s
 15250K .......... .......... .......... .......... .......... 88% 19.1M 0s
 15300K .......... .......... .......... .......... .......... 88% 23.5M 0s
 15350K .......... .......... .......... .......... .......... 89% 25.1M 0s
 15400K .......... .......... .......... .......... .......... 89% 17.7M 0s
 15450K .......... .......... .......... .......... .......... 89% 29.1M 0s
 15500K .......... .......... .......... .......... .......... 89% 17.3M 0s
 15550K .......... .......... .......... .......... .......... 90% 20.0M 0s
 15600K .......... .......... .......... .......... .......... 90% 22.2M 0s
 15650K .......... .......... .......... .......... .......... 90% 18.8M 0s
 15700K .......... .......... .......... .......... .......... 91% 25.5M 0s
 15750K .......... .......... .......... .......... .......... 91% 21.2M 0s
 15800K .......... .......... .......... .......... .......... 91% 25.8M 0s
 15850K .......... .......... .......... .......... .......... 91% 15.7M 0s
 15900K .......... .......... .......... .......... .......... 92% 21.2M 0s
 15950K .......... .......... .......... .......... .......... 92% 19.6M 0s
 16000K .......... .......... .......... .......... .......... 92% 36.8M 0s
 16050K .......... .......... .......... .......... .......... 93% 22.9M 0s
 16100K .......... .......... .......... .......... .......... 93% 28.5M 0s
 16150K .......... .......... .......... .......... .......... 93% 26.3M 0s
 16200K .......... .......... .......... .......... .......... 94% 30.3M 0s
 16250K .......... .......... .......... .......... .......... 94% 26.5M 0s
 16300K .......... .......... .......... .......... .......... 94% 36.0M 0s
 16350K .......... .......... .......... .......... .......... 94% 20.2M 0s
 16400K .......... .......... .......... .......... .......... 95% 28.6M 0s
 16450K .......... .......... .......... .......... .......... 95%  948K 0s
 16500K .......... .......... .......... .......... .......... 95% 25.8M 0s
 16550K .......... .......... .......... .......... .......... 96% 23.8M 0s
 16600K .......... .......... .......... .......... .......... 96% 16.2M 0s
 16650K .......... .......... .......... .......... .......... 96% 17.7M 0s
 16700K .......... .......... .......... .......... .......... 96% 17.8M 0s
 16750K .......... .......... .......... .......... .......... 97% 17.3M 0s
 16800K .......... .......... .......... .......... .......... 97% 25.9M 0s
 16850K .......... .......... .......... .......... .......... 97% 25.3M 0s
 16900K .......... .......... .......... .......... .......... 98% 23.5M 0s
 16950K .......... .......... .......... .......... .......... 98% 22.4M 0s
 17000K .......... .......... .......... .......... .......... 98% 22.6M 0s
 17050K .......... .......... .......... .......... .......... 98% 18.0M 0s
 17100K .......... .......... .......... .......... .......... 99% 26.4M 0s
 17150K .......... .......... .......... .......... .......... 99% 20.0M 0s
 17200K .......... .......... .......... .......... .......... 99% 22.4M 0s
 17250K .......... .......... .......... ...                  100% 46.8M=2.8s

2024-03-17 05:55:58 (6.05 MB/s) - 'openssl-3.2.0.tar.gz' saved [17698352/17698352]

