-- Building for: Visual Studio 16 2019
-- Selecting Windows SDK version 10.0.17763.0 to target Windows 10.0.19043.
-- The C compiler identification is MSVC 19.29.30153.0
-- Detecting C compiler ABI info
-- Detecting C compiler ABI info - done
-- Check for working C compiler: D:/Program Files/Microsoft Visual Studio/2019/BuildTools/VC/Tools/MSVC/14.29.30133/bin/Hostx64/x64/cl.exe - skipped
-- Detecting C compile features
-- Detecting C compile features - done
-- Could NOT find PkgConfig (missing: PKG_CONFIG_EXECUTABLE) 
-- Performing Test CMAKE_HAVE_LIBC_PTHREAD
-- Performing Test CMAKE_HAVE_LIBC_PTHREAD - Failed
-- Looking for pthread_create in pthreads
-- Looking for pthread_create in pthreads - not found
-- Looking for pthread_create in pthread
-- Looking for pthread_create in pthread - not found
-- Found Threads: TRUE
-- Performing Test HAVE_STRUCT_STAT_ST_MTIM
-- Performing Test HAVE_STRUCT_STAT_ST_MTIM - Failed
-- Performing Test HAVE_STRUCT_STAT_ST_MTIMESPEC
-- Performing Test HAVE_STRUCT_STAT_ST_MTIMESPEC - Failed
-- Performing Test HAVE_STRUCT_STAT_MTIME_NSEC
-- Performing Test HAVE_STRUCT_STAT_MTIME_NSEC - Failed
-- Looking for futimens
-- Looking for futimens - not found
-- Could NOT find GSSAPI (missing: GSSAPI_LIBRARIES GSSAPI_INCLUDE_DIR) 
-- Found OpenSSL: D:/dev/hand2/dependency_win32/deps/ssl/lib/libcrypto.lib (found version "3.2.0")
-- http-parser version 2 was not found or disabled; using bundled 3rd-party sources.
-- Performing Test IS_WIMPLICIT_FALLTHROUGH_1_SUPPORTED
-- Performing Test IS_WIMPLICIT_FALLTHROUGH_1_SUPPORTED - Failed
-- Could NOT find PCRE (missing: PCRE_LIBRARY PCRE_INCLUDE_DIR) 
-- Looking for regcomp_l
-- Looking for regcomp_l - not found
-- Looking for dirent.h
-- Looking for dirent.h - not found
-- Looking for stdint.h
-- Looking for stdint.h - found
-- Looking for inttypes.h
-- Looking for inttypes.h - found
-- Looking for sys/stat.h
-- Looking for sys/stat.h - found
-- Looking for sys/types.h
-- Looking for sys/types.h - found
-- Looking for unistd.h
-- Looking for unistd.h - not found
-- Looking for windows.h
-- Looking for windows.h - found
-- Looking for bcopy
-- Looking for bcopy - not found
-- Looking for memmove
-- Looking for memmove - found
-- Looking for strerror
-- Looking for strerror - found
-- Looking for strtoll
-- Looking for strtoll - found
-- Looking for strtoq
-- Looking for strtoq - not found
-- Looking for _strtoi64
-- Looking for _strtoi64 - found
-- Looking for stddef.h
-- Looking for stddef.h - found
-- Check size of long long
-- Check size of long long - done
-- Check size of unsigned long long
-- Check size of unsigned long long - done
-- Performing Test IS_WNO_UNUSED_FUNCTION_SUPPORTED
-- Performing Test IS_WNO_UNUSED_FUNCTION_SUPPORTED - Failed
-- Performing Test IS_WNO_IMPLICIT_FALLTHROUGH_SUPPORTED
-- Performing Test IS_WNO_IMPLICIT_FALLTHROUGH_SUPPORTED - Failed
-- LIBSSH2 not found. Set CMAKE_PREFIX_PATH if it is installed outside of the default search path.
-- Could NOT find ZLIB (missing: ZLIB_LIBRARY ZLIB_INCLUDE_DIR) 
-- zlib was not found; using bundled 3rd-party sources.
-- Performing Test IS_WNO_UNUSED_PARAMETER_SUPPORTED
-- Performing Test IS_WNO_UNUSED_PARAMETER_SUPPORTED - Failed
-- Checking prototype qsort_r for GIT_QSORT_BSD
-- Checking prototype qsort_r for GIT_QSORT_BSD - False
-- Checking prototype qsort_r for GIT_QSORT_GNU
-- Checking prototype qsort_r for GIT_QSORT_GNU - False
-- Checking prototype qsort_s for GIT_QSORT_C11
-- Checking prototype qsort_s for GIT_QSORT_C11 - False
-- Checking prototype qsort_s for GIT_QSORT_MSC
-- Checking prototype qsort_s for GIT_QSORT_MSC - True
-- Looking for getentropy
-- Looking for getentropy - not found
-- Looking for getloadavg
-- Looking for getloadavg - not found
-- Looking for clock_gettime in rt
-- Looking for clock_gettime in rt - not found
-- Enabled features:
 * nanoseconds, support nanosecond precision file mtimes and ctimes
 * HTTPS, using OpenSSL
 * SHA1, using CollisionDetection
 * SHA256, using OpenSSL
 * http-parser, http-parser support (bundled)
 * regex, using bundled PCRE
 * xdiff, xdiff support (bundled)
 * zlib, using bundled zlib
 * threadsafe, threadsafe support

-- Disabled features:
 * SHA256 API, experimental SHA256 APIs
 * debugpool, debug pool allocator
 * debugalloc, debug strict allocators
 * debugopen, path validation in open
 * GSSAPI, GSSAPI support for SPNEGO authentication
 * SSH, SSH transport support
 * futimens, futimens support
 * ntlmclient, NTLM authentication support for Unix
 * iconv, iconv encoding conversion support

-- Configuring done (37.5s)
-- Generating done (0.1s)
-- Build files have been written to: D:/dev/hand2/dependency_win32/deps/libgit2-1.7.2/build
