Microsoft (R) Build Engine for .NET Framework 16.11.2+f32259642 版
Copyright (C) Microsoft Corporation. 著作權所有，並保留一切權利。

已經開始建置於 2024/2/23 下午 01:59:10。
節點 1 (預設目標) 上的專案 "D:\dev\hand2\dependency_win32\deps\libgit2-1.7.2\build\install.vcxproj"。
專案 "D:\dev\hand2\dependency_win32\deps\libgit2-1.7.2\build\install.vcxproj" (1) 正在節點 1 (預設目標) 上建置 "D:\dev\hand2\dependency_win32\deps\libgit2-1.7.2\build\ZERO_CHECK.vcxproj" (2)。
PrepareForBuild:
  正在建立目錄 "x64\Release\ZERO_CHECK\"。
  正在建立目錄 "x64\Release\ZERO_CHECK\ZERO_CHECK.tlog\"。
InitializeBuildStatus:
  由於指定了 "AlwaysCreate"，因此正在建立 "x64\Release\ZERO_CHECK\ZERO_CHECK.tlog\unsuccessfulbuild"。
CustomBuild:
  1>Checking Build System
FinalizeBuildStatus:
  正在刪除檔案 "x64\Release\ZERO_CHECK\ZERO_CHECK.tlog\unsuccessfulbuild"。
  正在變更時間戳記 "x64\Release\ZERO_CHECK\ZERO_CHECK.tlog\ZERO_CHECK.lastbuildstate"。
專案 "D:\dev\hand2\dependency_win32\deps\libgit2-1.7.2\build\ZERO_CHECK.vcxproj" (預設目標) 建置完成。
專案 "D:\dev\hand2\dependency_win32\deps\libgit2-1.7.2\build\install.vcxproj" (1) 正在節點 1 (預設目標) 上建置 "D:\dev\hand2\dependency_win32\deps\libgit2-1.7.2\build\ALL_BUILD.vcxproj" (3)。
專案 "D:\dev\hand2\dependency_win32\deps\libgit2-1.7.2\build\ALL_BUILD.vcxproj" (3) 正在節點 1 (預設目標) 上建置 "D:\dev\hand2\dependency_win32\deps\libgit2-1.7.2\build\deps\http-parser\http-parser.vcxproj" (4)。
PrepareForBuild:
  正在建立目錄 "http-parser.dir\Release\"。
  正在建立目錄 "http-parser.dir\Release\http-parser.tlog\"。
InitializeBuildStatus:
  由於指定了 "AlwaysCreate"，因此正在建立 "http-parser.dir\Release\http-parser.tlog\unsuccessfulbuild"。
CustomBuild:
  Building Custom Rule D:/dev/hand2/dependency_win32/deps/libgit2-1.7.2/deps/http-parser/CMakeLists.txt
ClCompile:
  D:\Program Files\Microsoft Visual Studio\2019\BuildTools\VC\Tools\MSVC\14.29.30133\bin\HostX64\x64\CL.exe /c /ID:\dev\hand2\dependency_win32\deps\ssl\include /nologo /W1 /WX- /diagnostics:column /MP /O2 /Oy /GL /D _MBCS /D NDEBUG /D _SCL_SECURE_NO_WARNINGS /D _CRT_SECURE_NO_DEPRECATE /D _CRT_NONSTDC_NO_DEPRECATE /D WIN32 /D _WIN32_WINNT=0x0600 /D "CMAKE_INTDIR=\"Release\"" /GF /Gm- /MT /GS /guard:cf /Gy /fp:precise /Zc:wchar_t /Zc:forScope /Zc:inline /Fo"http-parser.dir\Release\\" /Fd"http-parser.dir\Release\http-parser.pdb" /external:W1 /Gd /TC /errorReport:queue  /utf-8 "D:\dev\hand2\dependency_win32\deps\libgit2-1.7.2\deps\http-parser\http_parser.c"
  http_parser.c
Lib:
  D:\Program Files\Microsoft Visual Studio\2019\BuildTools\VC\Tools\MSVC\14.29.30133\bin\HostX64\x64\Lib.exe /OUT:"http-parser.dir\Release\http-parser.lib" /NOLOGO /MACHINE:X64  /IGNORE:4221 "http-parser.dir\Release\http_parser.obj"
  http-parser.vcxproj -> D:\dev\hand2\dependency_win32\deps\libgit2-1.7.2\build\deps\http-parser\http-parser.dir\Release\http-parser.lib
FinalizeBuildStatus:
  正在刪除檔案 "http-parser.dir\Release\http-parser.tlog\unsuccessfulbuild"。
  正在變更時間戳記 "http-parser.dir\Release\http-parser.tlog\http-parser.lastbuildstate"。
專案 "D:\dev\hand2\dependency_win32\deps\libgit2-1.7.2\build\deps\http-parser\http-parser.vcxproj" (預設目標) 建置完成。
專案 "D:\dev\hand2\dependency_win32\deps\libgit2-1.7.2\build\ALL_BUILD.vcxproj" (3) 正在節點 1 (預設目標) 上建置 "D:\dev\hand2\dependency_win32\deps\libgit2-1.7.2\build\src\libgit2\libgit2.vcxproj" (5)。
PrepareForBuild:
  正在建立目錄 "libgit2.dir\Release\"。
  正在建立目錄 "libgit2.dir\Release\libgit2.tlog\"。
InitializeBuildStatus:
  由於指定了 "AlwaysCreate"，因此正在建立 "libgit2.dir\Release\libgit2.tlog\unsuccessfulbuild"。
CustomBuild:
  Building Custom Rule D:/dev/hand2/dependency_win32/deps/libgit2-1.7.2/src/libgit2/CMakeLists.txt
ClCompile:
  D:\Program Files\Microsoft Visual Studio\2019\BuildTools\VC\Tools\MSVC\14.29.30133\bin\HostX64\x64\CL.exe /c /I"D:\dev\hand2\dependency_win32\deps\libgit2-1.7.2\build\src\util" /I"D:\dev\hand2\dependency_win32\deps\libgit2-1.7.2\build\include" /I"D:\dev\hand2\dependency_win32\deps\libgit2-1.7.2\src\libgit2" /I"D:\dev\hand2\dependency_win32\deps\libgit2-1.7.2\src\util" /I"D:\dev\hand2\dependency_win32\deps\libgit2-1.7.2\include" /I"D:\dev\hand2\dependency_win32\deps\libgit2-1.7.2\deps\http-parser" /I"D:\dev\hand2\dependency_win32\deps\libgit2-1.7.2\deps\pcre" /I"D:\dev\hand2\dependency_win32\deps\libgit2-1.7.2\deps\xdiff" /I"D:\dev\hand2\dependency_win32\deps\libgit2-1.7.2\deps\zlib" /ID:\dev\hand2\dependency_win32\deps\ssl\include /nologo /W1 /WX- /diagnostics:column /MP /O2 /Oy /GL /D _MBCS /D NDEBUG /D _SCL_SECURE_NO_WARNINGS /D _CRT_SECURE_NO_DEPRECATE /D _CRT_NONSTDC_NO_DEPRECATE /D WIN32 /D _WIN32_WINNT=0x0600 /D "CMAKE_INTDIR=\"Release\"" /GF /Gm- /MT /GS /guard:cf /Gy /fp:precise /Zc:wchar_t /Zc:forScope /Zc:inline /Fo"libgit2.dir\Release\\" /Fd"libgit2.dir\Release\libgit2.pdb" /external:W0 /Gd /TC /errorReport:queue  /external:I "D:/dev/hand2/dependency_win32/deps/ssl/include" /utf-8 "D:\dev\hand2\dependency_win32\deps\libgit2-1.7.2\src\libgit2\annotated_commit.c" "D:\dev\hand2\dependency_win32\deps\libgit2-1.7.2\src\libgit2\apply.c" "D:\dev\hand2\dependency_win32\deps\libgit2-1.7.2\src\libgit2\attr.c" "D:\dev\hand2\dependency_win32\deps\libgit2-1.7.2\src\libgit2\attr_file.c" "D:\dev\hand2\dependency_win32\deps\libgit2-1.7.2\src\libgit2\attrcache.c" "D:\dev\hand2\dependency_win32\deps\libgit2-1.7.2\src\libgit2\blame.c" "D:\dev\hand2\dependency_win32\deps\libgit2-1.7.2\src\libgit2\blame_git.c" "D:\dev\hand2\dependency_win32\deps\libgit2-1.7.2\src\libgit2\blob.c" "D:\dev\hand2\dependency_win32\deps\libgit2-1.7.2\src\libgit2\branch.c" "D:\dev\hand2\dependency_win32\deps\libgit2-1.7.2\src\libgit2\buf.c" "D:\dev\hand2\dependency_win32\deps\libgit2-1.7.2\src\libgit2\cache.c" "D:\dev\hand2\dependency_win32\deps\libgit2-1.7.2\src\libgit2\checkout.c" "D:\dev\hand2\dependency_win32\deps\libgit2-1.7.2\src\libgit2\cherrypick.c" "D:\dev\hand2\dependency_win32\deps\libgit2-1.7.2\src\libgit2\clone.c" "D:\dev\hand2\dependency_win32\deps\libgit2-1.7.2\src\libgit2\commit.c" "D:\dev\hand2\dependency_win32\deps\libgit2-1.7.2\src\libgit2\commit_graph.c" "D:\dev\hand2\dependency_win32\deps\libgit2-1.7.2\src\libgit2\commit_list.c" "D:\dev\hand2\dependency_win32\deps\libgit2-1.7.2\src\libgit2\config.c" "D:\dev\hand2\dependency_win32\deps\libgit2-1.7.2\src\libgit2\config_cache.c" "D:\dev\hand2\dependency_win32\deps\libgit2-1.7.2\src\libgit2\config_entries.c" "D:\dev\hand2\dependency_win32\deps\libgit2-1.7.2\src\libgit2\config_file.c" "D:\dev\hand2\dependency_win32\deps\libgit2-1.7.2\src\libgit2\config_mem.c" "D:\dev\hand2\dependency_win32\deps\libgit2-1.7.2\src\libgit2\config_parse.c" "D:\dev\hand2\dependency_win32\deps\libgit2-1.7.2\src\libgit2\config_snapshot.c" "D:\dev\hand2\dependency_win32\deps\libgit2-1.7.2\src\libgit2\crlf.c" "D:\dev\hand2\dependency_win32\deps\libgit2-1.7.2\src\libgit2\delta.c" "D:\dev\hand2\dependency_win32\deps\libgit2-1.7.2\src\libgit2\describe.c" "D:\dev\hand2\dependency_win32\deps\libgit2-1.7.2\src\libgit2\diff.c" "D:\dev\hand2\dependency_win32\deps\libgit2-1.7.2\src\libgit2\diff_driver.c" "D:\dev\hand2\dependency_win32\deps\libgit2-1.7.2\src\libgit2\diff_file.c" "D:\dev\hand2\dependency_win32\deps\libgit2-1.7.2\src\libgit2\diff_generate.c" "D:\dev\hand2\dependency_win32\deps\libgit2-1.7.2\src\libgit2\diff_parse.c" "D:\dev\hand2\dependency_win32\deps\libgit2-1.7.2\src\libgit2\diff_print.c" "D:\dev\hand2\dependency_win32\deps\libgit2-1.7.2\src\libgit2\diff_stats.c" "D:\dev\hand2\dependency_win32\deps\libgit2-1.7.2\src\libgit2\diff_tform.c" "D:\dev\hand2\dependency_win32\deps\libgit2-1.7.2\src\libgit2\diff_xdiff.c" "D:\dev\hand2\dependency_win32\deps\libgit2-1.7.2\src\libgit2\email.c" "D:\dev\hand2\dependency_win32\deps\libgit2-1.7.2\src\libgit2\errors.c" "D:\dev\hand2\dependency_win32\deps\libgit2-1.7.2\src\libgit2\fetch.c" "D:\dev\hand2\dependency_win32\deps\libgit2-1.7.2\src\libgit2\fetchhead.c" "D:\dev\hand2\dependency_win32\deps\libgit2-1.7.2\src\libgit2\filter.c" "D:\dev\hand2\dependency_win32\deps\libgit2-1.7.2\src\libgit2\grafts.c" "D:\dev\hand2\dependency_win32\deps\libgit2-1.7.2\src\libgit2\graph.c" "D:\dev\hand2\dependency_win32\deps\libgit2-1.7.2\src\libgit2\hashsig.c" "D:\dev\hand2\dependency_win32\deps\libgit2-1.7.2\src\libgit2\ident.c" "D:\dev\hand2\dependency_win32\deps\libgit2-1.7.2\src\libgit2\idxmap.c" "D:\dev\hand2\dependency_win32\deps\libgit2-1.7.2\src\libgit2\ignore.c" "D:\dev\hand2\dependency_win32\deps\libgit2-1.7.2\src\libgit2\index.c" "D:\dev\hand2\dependency_win32\deps\libgit2-1.7.2\src\libgit2\indexer.c" "D:\dev\hand2\dependency_win32\deps\libgit2-1.7.2\src\libgit2\iterator.c" "D:\dev\hand2\dependency_win32\deps\libgit2-1.7.2\src\libgit2\libgit2.c" "D:\dev\hand2\dependency_win32\deps\libgit2-1.7.2\src\libgit2\mailmap.c" "D:\dev\hand2\dependency_win32\deps\libgit2-1.7.2\src\libgit2\merge.c" "D:\dev\hand2\dependency_win32\deps\libgit2-1.7.2\src\libgit2\merge_driver.c" "D:\dev\hand2\dependency_win32\deps\libgit2-1.7.2\src\libgit2\merge_file.c" "D:\dev\hand2\dependency_win32\deps\libgit2-1.7.2\src\libgit2\message.c" "D:\dev\hand2\dependency_win32\deps\libgit2-1.7.2\src\libgit2\midx.c" "D:\dev\hand2\dependency_win32\deps\libgit2-1.7.2\src\libgit2\mwindow.c" "D:\dev\hand2\dependency_win32\deps\libgit2-1.7.2\src\libgit2\notes.c" "D:\dev\hand2\dependency_win32\deps\libgit2-1.7.2\src\libgit2\object.c" "D:\dev\hand2\dependency_win32\deps\libgit2-1.7.2\src\libgit2\object_api.c" "D:\dev\hand2\dependency_win32\deps\libgit2-1.7.2\src\libgit2\odb.c" "D:\dev\hand2\dependency_win32\deps\libgit2-1.7.2\src\libgit2\odb_loose.c" "D:\dev\hand2\dependency_win32\deps\libgit2-1.7.2\src\libgit2\odb_mempack.c" "D:\dev\hand2\dependency_win32\deps\libgit2-1.7.2\src\libgit2\odb_pack.c" "D:\dev\hand2\dependency_win32\deps\libgit2-1.7.2\src\libgit2\offmap.c" "D:\dev\hand2\dependency_win32\deps\libgit2-1.7.2\src\libgit2\oid.c" "D:\dev\hand2\dependency_win32\deps\libgit2-1.7.2\src\libgit2\oidarray.c" "D:\dev\hand2\dependency_win32\deps\libgit2-1.7.2\src\libgit2\oidmap.c" "D:\dev\hand2\dependency_win32\deps\libgit2-1.7.2\src\libgit2\pack-objects.c" "D:\dev\hand2\dependency_win32\deps\libgit2-1.7.2\src\libgit2\pack.c" "D:\dev\hand2\dependency_win32\deps\libgit2-1.7.2\src\libgit2\parse.c" "D:\dev\hand2\dependency_win32\deps\libgit2-1.7.2\src\libgit2\patch.c" "D:\dev\hand2\dependency_win32\deps\libgit2-1.7.2\src\libgit2\patch_generate.c" "D:\dev\hand2\dependency_win32\deps\libgit2-1.7.2\src\libgit2\patch_parse.c" "D:\dev\hand2\dependency_win32\deps\libgit2-1.7.2\src\libgit2\path.c" "D:\dev\hand2\dependency_win32\deps\libgit2-1.7.2\src\libgit2\pathspec.c" "D:\dev\hand2\dependency_win32\deps\libgit2-1.7.2\src\libgit2\proxy.c" "D:\dev\hand2\dependency_win32\deps\libgit2-1.7.2\src\libgit2\push.c" "D:\dev\hand2\dependency_win32\deps\libgit2-1.7.2\src\libgit2\reader.c" "D:\dev\hand2\dependency_win32\deps\libgit2-1.7.2\src\libgit2\rebase.c" "D:\dev\hand2\dependency_win32\deps\libgit2-1.7.2\src\libgit2\refdb.c" "D:\dev\hand2\dependency_win32\deps\libgit2-1.7.2\src\libgit2\refdb_fs.c" "D:\dev\hand2\dependency_win32\deps\libgit2-1.7.2\src\libgit2\reflog.c" "D:\dev\hand2\dependency_win32\deps\libgit2-1.7.2\src\libgit2\refs.c" "D:\dev\hand2\dependency_win32\deps\libgit2-1.7.2\src\libgit2\refspec.c" "D:\dev\hand2\dependency_win32\deps\libgit2-1.7.2\src\libgit2\remote.c" "D:\dev\hand2\dependency_win32\deps\libgit2-1.7.2\src\libgit2\repository.c" "D:\dev\hand2\dependency_win32\deps\libgit2-1.7.2\src\libgit2\reset.c" "D:\dev\hand2\dependency_win32\deps\libgit2-1.7.2\src\libgit2\revert.c" "D:\dev\hand2\dependency_win32\deps\libgit2-1.7.2\src\libgit2\revparse.c" "D:\dev\hand2\dependency_win32\deps\libgit2-1.7.2\src\libgit2\revwalk.c" "D:\dev\hand2\dependency_win32\deps\libgit2-1.7.2\src\libgit2\signature.c" "D:\dev\hand2\dependency_win32\deps\libgit2-1.7.2\src\libgit2\stash.c" "D:\dev\hand2\dependency_win32\deps\libgit2-1.7.2\src\libgit2\status.c" "D:\dev\hand2\dependency_win32\deps\libgit2-1.7.2\src\libgit2\strarray.c" "D:\dev\hand2\dependency_win32\deps\libgit2-1.7.2\src\libgit2\streams\mbedtls.c" "D:\dev\hand2\dependency_win32\deps\libgit2-1.7.2\src\libgit2\streams\openssl.c" "D:\dev\hand2\dependency_win32\deps\libgit2-1.7.2\src\libgit2\streams\openssl_dynamic.c" "D:\dev\hand2\dependency_win32\deps\libgit2-1.7.2\src\libgit2\streams\openssl_legacy.c" "D:\dev\hand2\dependency_win32\deps\libgit2-1.7.2\src\libgit2\streams\registry.c" "D:\dev\hand2\dependency_win32\deps\libgit2-1.7.2\src\libgit2\streams\schannel.c" "D:\dev\hand2\dependency_win32\deps\libgit2-1.7.2\src\libgit2\streams\socket.c" "D:\dev\hand2\dependency_win32\deps\libgit2-1.7.2\src\libgit2\streams\stransport.c" "D:\dev\hand2\dependency_win32\deps\libgit2-1.7.2\src\libgit2\streams\tls.c" "D:\dev\hand2\dependency_win32\deps\libgit2-1.7.2\src\libgit2\submodule.c" "D:\dev\hand2\dependency_win32\deps\libgit2-1.7.2\src\libgit2\sysdir.c" "D:\dev\hand2\dependency_win32\deps\libgit2-1.7.2\src\libgit2\tag.c" "D:\dev\hand2\dependency_win32\deps\libgit2-1.7.2\src\libgit2\threadstate.c" "D:\dev\hand2\dependency_win32\deps\libgit2-1.7.2\src\libgit2\trace.c" "D:\dev\hand2\dependency_win32\deps\libgit2-1.7.2\src\libgit2\trailer.c" "D:\dev\hand2\dependency_win32\deps\libgit2-1.7.2\src\libgit2\transaction.c" "D:\dev\hand2\dependency_win32\deps\libgit2-1.7.2\src\libgit2\transport.c" "D:\dev\hand2\dependency_win32\deps\libgit2-1.7.2\src\libgit2\transports\auth.c" "D:\dev\hand2\dependency_win32\deps\libgit2-1.7.2\src\libgit2\transports\auth_gssapi.c" "D:\dev\hand2\dependency_win32\deps\libgit2-1.7.2\src\libgit2\transports\auth_ntlmclient.c" "D:\dev\hand2\dependency_win32\deps\libgit2-1.7.2\src\libgit2\transports\auth_sspi.c" "D:\dev\hand2\dependency_win32\deps\libgit2-1.7.2\src\libgit2\transports\credential.c" "D:\dev\hand2\dependency_win32\deps\libgit2-1.7.2\src\libgit2\transports\credential_helpers.c" "D:\dev\hand2\dependency_win32\deps\libgit2-1.7.2\src\libgit2\transports\git.c" "D:\dev\hand2\dependency_win32\deps\libgit2-1.7.2\src\libgit2\transports\http.c" "D:\dev\hand2\dependency_win32\deps\libgit2-1.7.2\src\libgit2\transports\httpclient.c" "D:\dev\hand2\dependency_win32\deps\libgit2-1.7.2\src\libgit2\transports\local.c" "D:\dev\hand2\dependency_win32\deps\libgit2-1.7.2\src\libgit2\transports\smart.c" "D:\dev\hand2\dependency_win32\deps\libgit2-1.7.2\src\libgit2\transports\smart_pkt.c" "D:\dev\hand2\dependency_win32\deps\libgit2-1.7.2\src\libgit2\transports\smart_protocol.c" "D:\dev\hand2\dependency_win32\deps\libgit2-1.7.2\src\libgit2\transports\ssh.c" "D:\dev\hand2\dependency_win32\deps\libgit2-1.7.2\src\libgit2\transports\winhttp.c" "D:\dev\hand2\dependency_win32\deps\libgit2-1.7.2\src\libgit2\tree-cache.c" "D:\dev\hand2\dependency_win32\deps\libgit2-1.7.2\src\libgit2\tree.c" "D:\dev\hand2\dependency_win32\deps\libgit2-1.7.2\src\libgit2\worktree.c"
  annotated_commit.c
  apply.c
  attr.c
  attr_file.c
  attrcache.c
  blame.c
  blame_git.c
  blob.c
  branch.c
  buf.c
  cache.c
  checkout.c
  cherrypick.c
  clone.c
  commit.c
  commit_graph.c
  commit_list.c
  config.c
  config_cache.c
  config_entries.c
  config_file.c
  config_mem.c
  config_parse.c
  config_snapshot.c
  crlf.c
  delta.c
  describe.c
  diff.c
  diff_driver.c
  diff_file.c
  diff_generate.c
  diff_parse.c
  diff_print.c
  diff_stats.c
  diff_tform.c
  diff_xdiff.c
  email.c
  errors.c
  fetch.c
  fetchhead.c
  filter.c
  grafts.c
  graph.c
  hashsig.c
  ident.c
  idxmap.c
  ignore.c
  index.c
  indexer.c
  iterator.c
  libgit2.c
  mailmap.c
  merge.c
  merge_driver.c
  merge_file.c
  message.c
  midx.c
  mwindow.c
  notes.c
  object.c
  object_api.c
  odb.c
  odb_loose.c
  odb_mempack.c
  odb_pack.c
  offmap.c
  oid.c
  oidarray.c
  oidmap.c
  pack-objects.c
  pack.c
  parse.c
  patch.c
  patch_generate.c
  patch_parse.c
  path.c
  pathspec.c
  proxy.c
  push.c
  reader.c
  rebase.c
  refdb.c
  refdb_fs.c
  reflog.c
  refs.c
  refspec.c
  remote.c
  repository.c
  reset.c
  revert.c
  revparse.c
  revwalk.c
  signature.c
  stash.c
  status.c
  strarray.c
  mbedtls.c
  openssl.c
  openssl_dynamic.c
  openssl_legacy.c
  registry.c
  schannel.c
  socket.c
  stransport.c
  tls.c
  submodule.c
  sysdir.c
  tag.c
  threadstate.c
  trace.c
  trailer.c
  transaction.c
  transport.c
  auth.c
  auth_gssapi.c
  auth_ntlmclient.c
  auth_sspi.c
  credential.c
  credential_helpers.c
  git.c
  http.c
  httpclient.c
  local.c
  smart.c
  smart_pkt.c
  smart_protocol.c
  ssh.c
  winhttp.c
  tree-cache.c
  tree.c
  worktree.c
Lib:
  D:\Program Files\Microsoft Visual Studio\2019\BuildTools\VC\Tools\MSVC\14.29.30133\bin\HostX64\x64\Lib.exe /OUT:"libgit2.dir\Release\libgit2.lib" /NOLOGO /MACHINE:X64  /IGNORE:4221 libgit2.dir\Release\annotated_commit.obj
  libgit2.dir\Release\apply.obj
  libgit2.dir\Release\attr.obj
  libgit2.dir\Release\attr_file.obj
  libgit2.dir\Release\attrcache.obj
  libgit2.dir\Release\blame.obj
  libgit2.dir\Release\blame_git.obj
  libgit2.dir\Release\blob.obj
  libgit2.dir\Release\branch.obj
  libgit2.dir\Release\buf.obj
  libgit2.dir\Release\cache.obj
  libgit2.dir\Release\checkout.obj
  libgit2.dir\Release\cherrypick.obj
  libgit2.dir\Release\clone.obj
  libgit2.dir\Release\commit.obj
  libgit2.dir\Release\commit_graph.obj
  libgit2.dir\Release\commit_list.obj
  libgit2.dir\Release\config.obj
  libgit2.dir\Release\config_cache.obj
  libgit2.dir\Release\config_entries.obj
  libgit2.dir\Release\config_file.obj
  libgit2.dir\Release\config_mem.obj
  libgit2.dir\Release\config_parse.obj
  libgit2.dir\Release\config_snapshot.obj
  libgit2.dir\Release\crlf.obj
  libgit2.dir\Release\delta.obj
  libgit2.dir\Release\describe.obj
  libgit2.dir\Release\diff.obj
  libgit2.dir\Release\diff_driver.obj
  libgit2.dir\Release\diff_file.obj
  libgit2.dir\Release\diff_generate.obj
  libgit2.dir\Release\diff_parse.obj
  libgit2.dir\Release\diff_print.obj
  libgit2.dir\Release\diff_stats.obj
  libgit2.dir\Release\diff_tform.obj
  libgit2.dir\Release\diff_xdiff.obj
  libgit2.dir\Release\email.obj
  libgit2.dir\Release\errors.obj
  libgit2.dir\Release\fetch.obj
  libgit2.dir\Release\fetchhead.obj
  libgit2.dir\Release\filter.obj
  libgit2.dir\Release\grafts.obj
  libgit2.dir\Release\graph.obj
  libgit2.dir\Release\hashsig.obj
  libgit2.dir\Release\ident.obj
  libgit2.dir\Release\idxmap.obj
  libgit2.dir\Release\ignore.obj
  libgit2.dir\Release\index.obj
  libgit2.dir\Release\indexer.obj
  libgit2.dir\Release\iterator.obj
  libgit2.dir\Release\libgit2.obj
  libgit2.dir\Release\mailmap.obj
  libgit2.dir\Release\merge.obj
  libgit2.dir\Release\merge_driver.obj
  libgit2.dir\Release\merge_file.obj
  libgit2.dir\Release\message.obj
  libgit2.dir\Release\midx.obj
  libgit2.dir\Release\mwindow.obj
  libgit2.dir\Release\notes.obj
  libgit2.dir\Release\object.obj
  libgit2.dir\Release\object_api.obj
  libgit2.dir\Release\odb.obj
  libgit2.dir\Release\odb_loose.obj
  libgit2.dir\Release\odb_mempack.obj
  libgit2.dir\Release\odb_pack.obj
  libgit2.dir\Release\offmap.obj
  libgit2.dir\Release\oid.obj
  libgit2.dir\Release\oidarray.obj
  libgit2.dir\Release\oidmap.obj
  "libgit2.dir\Release\pack-objects.obj"
  libgit2.dir\Release\pack.obj
  libgit2.dir\Release\parse.obj
  libgit2.dir\Release\patch.obj
  libgit2.dir\Release\patch_generate.obj
  libgit2.dir\Release\patch_parse.obj
  libgit2.dir\Release\path.obj
  libgit2.dir\Release\pathspec.obj
  libgit2.dir\Release\proxy.obj
  libgit2.dir\Release\push.obj
  libgit2.dir\Release\reader.obj
  libgit2.dir\Release\rebase.obj
  libgit2.dir\Release\refdb.obj
  libgit2.dir\Release\refdb_fs.obj
  libgit2.dir\Release\reflog.obj
  libgit2.dir\Release\refs.obj
  libgit2.dir\Release\refspec.obj
  libgit2.dir\Release\remote.obj
  libgit2.dir\Release\repository.obj
  libgit2.dir\Release\reset.obj
  libgit2.dir\Release\revert.obj
  libgit2.dir\Release\revparse.obj
  libgit2.dir\Release\revwalk.obj
  libgit2.dir\Release\signature.obj
  libgit2.dir\Release\stash.obj
  libgit2.dir\Release\status.obj
  libgit2.dir\Release\strarray.obj
  libgit2.dir\Release\mbedtls.obj
  libgit2.dir\Release\openssl.obj
  libgit2.dir\Release\openssl_dynamic.obj
  libgit2.dir\Release\openssl_legacy.obj
  libgit2.dir\Release\registry.obj
  libgit2.dir\Release\schannel.obj
  libgit2.dir\Release\socket.obj
  libgit2.dir\Release\stransport.obj
  libgit2.dir\Release\tls.obj
  libgit2.dir\Release\submodule.obj
  libgit2.dir\Release\sysdir.obj
  libgit2.dir\Release\tag.obj
  libgit2.dir\Release\threadstate.obj
  libgit2.dir\Release\trace.obj
  libgit2.dir\Release\trailer.obj
  libgit2.dir\Release\transaction.obj
  libgit2.dir\Release\transport.obj
  libgit2.dir\Release\auth.obj
  libgit2.dir\Release\auth_gssapi.obj
  libgit2.dir\Release\auth_ntlmclient.obj
  libgit2.dir\Release\auth_sspi.obj
  libgit2.dir\Release\credential.obj
  libgit2.dir\Release\credential_helpers.obj
  libgit2.dir\Release\git.obj
  libgit2.dir\Release\http.obj
  libgit2.dir\Release\httpclient.obj
  libgit2.dir\Release\local.obj
  libgit2.dir\Release\smart.obj
  libgit2.dir\Release\smart_pkt.obj
  libgit2.dir\Release\smart_protocol.obj
  libgit2.dir\Release\ssh.obj
  libgit2.dir\Release\winhttp.obj
  "libgit2.dir\Release\tree-cache.obj"
  libgit2.dir\Release\tree.obj
  libgit2.dir\Release\worktree.obj
  libgit2.vcxproj -> D:\dev\hand2\dependency_win32\deps\libgit2-1.7.2\build\src\libgit2\libgit2.dir\Release\libgit2.lib
FinalizeBuildStatus:
  正在刪除檔案 "libgit2.dir\Release\libgit2.tlog\unsuccessfulbuild"。
  正在變更時間戳記 "libgit2.dir\Release\libgit2.tlog\libgit2.lastbuildstate"。
專案 "D:\dev\hand2\dependency_win32\deps\libgit2-1.7.2\build\src\libgit2\libgit2.vcxproj" (預設目標) 建置完成。
專案 "D:\dev\hand2\dependency_win32\deps\libgit2-1.7.2\build\ALL_BUILD.vcxproj" (3) 正在節點 1 (預設目標) 上建置 "D:\dev\hand2\dependency_win32\deps\libgit2-1.7.2\build\deps\pcre\pcre.vcxproj" (6)。
PrepareForBuild:
  正在建立目錄 "pcre.dir\Release\"。
  正在建立目錄 "pcre.dir\Release\pcre.tlog\"。
InitializeBuildStatus:
  由於指定了 "AlwaysCreate"，因此正在建立 "pcre.dir\Release\pcre.tlog\unsuccessfulbuild"。
CustomBuild:
  Building Custom Rule D:/dev/hand2/dependency_win32/deps/libgit2-1.7.2/deps/pcre/CMakeLists.txt
ClCompile:
  D:\Program Files\Microsoft Visual Studio\2019\BuildTools\VC\Tools\MSVC\14.29.30133\bin\HostX64\x64\CL.exe /c /I"D:\dev\hand2\dependency_win32\deps\libgit2-1.7.2\build\deps\pcre" /I"D:\dev\hand2\dependency_win32\deps\libgit2-1.7.2\deps\pcre" /I"D:\dev\hand2\dependency_win32\deps\libgit2-1.7.2\build\src\pcre" /ID:\dev\hand2\dependency_win32\deps\ssl\include /nologo /W1 /WX- /diagnostics:column /MP /O2 /Oy /GL /D _MBCS /D NDEBUG /D _SCL_SECURE_NO_WARNINGS /D _CRT_SECURE_NO_DEPRECATE /D _CRT_NONSTDC_NO_DEPRECATE /D WIN32 /D _WIN32_WINNT=0x0600 /D HAVE_CONFIG_H /D _CRT_SECURE_NO_WARNINGS /D "CMAKE_INTDIR=\"Release\"" /GF /Gm- /MT /GS /guard:cf /Gy /fp:precise /Zc:wchar_t /Zc:forScope /Zc:inline /Fo"pcre.dir\Release\\" /Fd"pcre.dir\Release\pcre.pdb" /external:W1 /Gd /TC /errorReport:queue  /utf-8 "D:\dev\hand2\dependency_win32\deps\libgit2-1.7.2\deps\pcre\pcre_byte_order.c" "D:\dev\hand2\dependency_win32\deps\libgit2-1.7.2\deps\pcre\pcre_chartables.c" "D:\dev\hand2\dependency_win32\deps\libgit2-1.7.2\deps\pcre\pcre_compile.c" "D:\dev\hand2\dependency_win32\deps\libgit2-1.7.2\deps\pcre\pcre_config.c" "D:\dev\hand2\dependency_win32\deps\libgit2-1.7.2\deps\pcre\pcre_dfa_exec.c" "D:\dev\hand2\dependency_win32\deps\libgit2-1.7.2\deps\pcre\pcre_exec.c" "D:\dev\hand2\dependency_win32\deps\libgit2-1.7.2\deps\pcre\pcre_fullinfo.c" "D:\dev\hand2\dependency_win32\deps\libgit2-1.7.2\deps\pcre\pcre_get.c" "D:\dev\hand2\dependency_win32\deps\libgit2-1.7.2\deps\pcre\pcre_globals.c" "D:\dev\hand2\dependency_win32\deps\libgit2-1.7.2\deps\pcre\pcre_jit_compile.c" "D:\dev\hand2\dependency_win32\deps\libgit2-1.7.2\deps\pcre\pcre_maketables.c" "D:\dev\hand2\dependency_win32\deps\libgit2-1.7.2\deps\pcre\pcre_newline.c" "D:\dev\hand2\dependency_win32\deps\libgit2-1.7.2\deps\pcre\pcre_ord2utf8.c" "D:\dev\hand2\dependency_win32\deps\libgit2-1.7.2\deps\pcre\pcre_refcount.c" "D:\dev\hand2\dependency_win32\deps\libgit2-1.7.2\deps\pcre\pcre_string_utils.c" "D:\dev\hand2\dependency_win32\deps\libgit2-1.7.2\deps\pcre\pcre_study.c" "D:\dev\hand2\dependency_win32\deps\libgit2-1.7.2\deps\pcre\pcre_tables.c" "D:\dev\hand2\dependency_win32\deps\libgit2-1.7.2\deps\pcre\pcre_ucd.c" "D:\dev\hand2\dependency_win32\deps\libgit2-1.7.2\deps\pcre\pcre_valid_utf8.c" "D:\dev\hand2\dependency_win32\deps\libgit2-1.7.2\deps\pcre\pcre_version.c" "D:\dev\hand2\dependency_win32\deps\libgit2-1.7.2\deps\pcre\pcre_xclass.c" "D:\dev\hand2\dependency_win32\deps\libgit2-1.7.2\deps\pcre\pcreposix.c"
  pcre_byte_order.c
  pcre_chartables.c
  pcre_compile.c
  pcre_config.c
  pcre_dfa_exec.c
  pcre_exec.c
  pcre_fullinfo.c
  pcre_get.c
  pcre_globals.c
  pcre_jit_compile.c
  pcre_maketables.c
  pcre_newline.c
  pcre_ord2utf8.c
  pcre_refcount.c
  pcre_string_utils.c
  pcre_study.c
  pcre_tables.c
  pcre_ucd.c
  pcre_valid_utf8.c
  pcre_version.c
  pcre_xclass.c
  pcreposix.c
Lib:
  D:\Program Files\Microsoft Visual Studio\2019\BuildTools\VC\Tools\MSVC\14.29.30133\bin\HostX64\x64\Lib.exe /OUT:"pcre.dir\Release\pcre.lib" /NOLOGO /MACHINE:X64  /IGNORE:4221 pcre.dir\Release\pcre_byte_order.obj
  pcre.dir\Release\pcre_chartables.obj
  pcre.dir\Release\pcre_compile.obj
  pcre.dir\Release\pcre_config.obj
  pcre.dir\Release\pcre_dfa_exec.obj
  pcre.dir\Release\pcre_exec.obj
  pcre.dir\Release\pcre_fullinfo.obj
  pcre.dir\Release\pcre_get.obj
  pcre.dir\Release\pcre_globals.obj
  pcre.dir\Release\pcre_jit_compile.obj
  pcre.dir\Release\pcre_maketables.obj
  pcre.dir\Release\pcre_newline.obj
  pcre.dir\Release\pcre_ord2utf8.obj
  pcre.dir\Release\pcre_refcount.obj
  pcre.dir\Release\pcre_string_utils.obj
  pcre.dir\Release\pcre_study.obj
  pcre.dir\Release\pcre_tables.obj
  pcre.dir\Release\pcre_ucd.obj
  pcre.dir\Release\pcre_valid_utf8.obj
  pcre.dir\Release\pcre_version.obj
  pcre.dir\Release\pcre_xclass.obj
  pcre.dir\Release\pcreposix.obj
  pcre.vcxproj -> D:\dev\hand2\dependency_win32\deps\libgit2-1.7.2\build\deps\pcre\pcre.dir\Release\pcre.lib
FinalizeBuildStatus:
  正在刪除檔案 "pcre.dir\Release\pcre.tlog\unsuccessfulbuild"。
  正在變更時間戳記 "pcre.dir\Release\pcre.tlog\pcre.lastbuildstate"。
專案 "D:\dev\hand2\dependency_win32\deps\libgit2-1.7.2\build\deps\pcre\pcre.vcxproj" (預設目標) 建置完成。
專案 "D:\dev\hand2\dependency_win32\deps\libgit2-1.7.2\build\ALL_BUILD.vcxproj" (3) 正在節點 1 (預設目標) 上建置 "D:\dev\hand2\dependency_win32\deps\libgit2-1.7.2\build\src\util\util.vcxproj" (7)。
PrepareForBuild:
  正在建立目錄 "util.dir\Release\"。
  正在建立目錄 "util.dir\Release\util.tlog\"。
InitializeBuildStatus:
  由於指定了 "AlwaysCreate"，因此正在建立 "util.dir\Release\util.tlog\unsuccessfulbuild"。
CustomBuild:
  Building Custom Rule D:/dev/hand2/dependency_win32/deps/libgit2-1.7.2/src/util/CMakeLists.txt
MakeDirsForCl:
  正在建立目錄 "D:\dev\hand2\dependency_win32\deps\libgit2-1.7.2\build\src\util\util.dir\Release\win32"。
ClCompile:
  D:\Program Files\Microsoft Visual Studio\2019\BuildTools\VC\Tools\MSVC\14.29.30133\bin\HostX64\x64\CL.exe /c /I"D:\dev\hand2\dependency_win32\deps\libgit2-1.7.2\build\src\util" /I"D:\dev\hand2\dependency_win32\deps\libgit2-1.7.2\build\include" /I"D:\dev\hand2\dependency_win32\deps\libgit2-1.7.2\src\util" /I"D:\dev\hand2\dependency_win32\deps\libgit2-1.7.2\include" /I"D:\dev\hand2\dependency_win32\deps\libgit2-1.7.2\deps\http-parser" /I"D:\dev\hand2\dependency_win32\deps\libgit2-1.7.2\deps\pcre" /I"D:\dev\hand2\dependency_win32\deps\libgit2-1.7.2\deps\xdiff" /I"D:\dev\hand2\dependency_win32\deps\libgit2-1.7.2\deps\zlib" /ID:\dev\hand2\dependency_win32\deps\ssl\include /nologo /W1 /WX- /diagnostics:column /MP /O2 /Oy /GL /D _MBCS /D NDEBUG /D SHA1DC_NO_STANDARD_INCLUDES=1 /D "SHA1DC_CUSTOM_INCLUDE_SHA1_C=\"git2_util.h\"" /D "SHA1DC_CUSTOM_INCLUDE_UBC_CHECK_C=\"git2_util.h\"" /D _SCL_SECURE_NO_WARNINGS /D _CRT_SECURE_NO_DEPRECATE /D _CRT_NONSTDC_NO_DEPRECATE /D WIN32 /D _WIN32_WINNT=0x0600 /D OPENSSL_API_COMPAT=0x10100000L /D "CMAKE_INTDIR=\"Release\"" /GF /Gm- /MT /GS /guard:cf /Gy /fp:precise /Zc:wchar_t /Zc:forScope /Zc:inline /Fo"util.dir\Release\\" /Fd"util.dir\Release\util.pdb" /external:W0 /Gd /TC /errorReport:queue  /external:I "D:/dev/hand2/dependency_win32/deps/ssl/include" /utf-8 "D:\dev\hand2\dependency_win32\deps\libgit2-1.7.2\src\util\alloc.c" "D:\dev\hand2\dependency_win32\deps\libgit2-1.7.2\src\util\allocators\failalloc.c" "D:\dev\hand2\dependency_win32\deps\libgit2-1.7.2\src\util\allocators\stdalloc.c" "D:\dev\hand2\dependency_win32\deps\libgit2-1.7.2\src\util\allocators\win32_leakcheck.c" "D:\dev\hand2\dependency_win32\deps\libgit2-1.7.2\src\util\date.c" "D:\dev\hand2\dependency_win32\deps\libgit2-1.7.2\src\util\filebuf.c" "D:\dev\hand2\dependency_win32\deps\libgit2-1.7.2\src\util\fs_path.c" "D:\dev\hand2\dependency_win32\deps\libgit2-1.7.2\src\util\futils.c" "D:\dev\hand2\dependency_win32\deps\libgit2-1.7.2\src\util\hash.c" "D:\dev\hand2\dependency_win32\deps\libgit2-1.7.2\src\util\net.c" "D:\dev\hand2\dependency_win32\deps\libgit2-1.7.2\src\util\pool.c" "D:\dev\hand2\dependency_win32\deps\libgit2-1.7.2\src\util\posix.c" "D:\dev\hand2\dependency_win32\deps\libgit2-1.7.2\src\util\pqueue.c" "D:\dev\hand2\dependency_win32\deps\libgit2-1.7.2\src\util\rand.c" "D:\dev\hand2\dependency_win32\deps\libgit2-1.7.2\src\util\regexp.c" "D:\dev\hand2\dependency_win32\deps\libgit2-1.7.2\src\util\runtime.c" "D:\dev\hand2\dependency_win32\deps\libgit2-1.7.2\src\util\sortedcache.c" "D:\dev\hand2\dependency_win32\deps\libgit2-1.7.2\src\util\str.c" "D:\dev\hand2\dependency_win32\deps\libgit2-1.7.2\src\util\strmap.c" "D:\dev\hand2\dependency_win32\deps\libgit2-1.7.2\src\util\tsort.c" "D:\dev\hand2\dependency_win32\deps\libgit2-1.7.2\src\util\utf8.c" "D:\dev\hand2\dependency_win32\deps\libgit2-1.7.2\src\util\util.c" "D:\dev\hand2\dependency_win32\deps\libgit2-1.7.2\src\util\varint.c" "D:\dev\hand2\dependency_win32\deps\libgit2-1.7.2\src\util\vector.c" "D:\dev\hand2\dependency_win32\deps\libgit2-1.7.2\src\util\wildmatch.c" "D:\dev\hand2\dependency_win32\deps\libgit2-1.7.2\src\util\zstream.c" "D:\dev\hand2\dependency_win32\deps\libgit2-1.7.2\src\util\win32\dir.c" "D:\dev\hand2\dependency_win32\deps\libgit2-1.7.2\src\util\win32\error.c" "D:\dev\hand2\dependency_win32\deps\libgit2-1.7.2\src\util\win32\map.c" "D:\dev\hand2\dependency_win32\deps\libgit2-1.7.2\src\util\win32\path_w32.c" "D:\dev\hand2\dependency_win32\deps\libgit2-1.7.2\src\util\win32\posix_w32.c" "D:\dev\hand2\dependency_win32\deps\libgit2-1.7.2\src\util\win32\precompiled.c" "D:\dev\hand2\dependency_win32\deps\libgit2-1.7.2\src\util\win32\utf-conv.c" "D:\dev\hand2\dependency_win32\deps\libgit2-1.7.2\src\util\win32\w32_buffer.c" "D:\dev\hand2\dependency_win32\deps\libgit2-1.7.2\src\util\win32\w32_leakcheck.c" "D:\dev\hand2\dependency_win32\deps\libgit2-1.7.2\src\util\win32\w32_util.c" "D:\dev\hand2\dependency_win32\deps\libgit2-1.7.2\src\util\hash\collisiondetect.c" "D:\dev\hand2\dependency_win32\deps\libgit2-1.7.2\src\util\hash\sha1dc\sha1.c" "D:\dev\hand2\dependency_win32\deps\libgit2-1.7.2\src\util\hash\sha1dc\ubc_check.c" "D:\dev\hand2\dependency_win32\deps\libgit2-1.7.2\src\util\hash\openssl.c"
  alloc.c
  failalloc.c
  stdalloc.c
  win32_leakcheck.c
  date.c
  filebuf.c
  fs_path.c
  futils.c
  hash.c
  net.c
  pool.c
  posix.c
  pqueue.c
  rand.c
  regexp.c
  runtime.c
  sortedcache.c
  str.c
  strmap.c
  tsort.c
  utf8.c
  util.c
  varint.c
  vector.c
  wildmatch.c
  zstream.c
  dir.c
  error.c
  map.c
  path_w32.c
  posix_w32.c
  precompiled.c
  utf-conv.c
  w32_buffer.c
  w32_leakcheck.c
  w32_util.c
  collisiondetect.c
  sha1.c
  ubc_check.c
  openssl.c
  D:\Program Files\Microsoft Visual Studio\2019\BuildTools\VC\Tools\MSVC\14.29.30133\bin\HostX64\x64\CL.exe /c /I"D:\dev\hand2\dependency_win32\deps\libgit2-1.7.2\build\src\util" /I"D:\dev\hand2\dependency_win32\deps\libgit2-1.7.2\build\include" /I"D:\dev\hand2\dependency_win32\deps\libgit2-1.7.2\src\util" /I"D:\dev\hand2\dependency_win32\deps\libgit2-1.7.2\include" /I"D:\dev\hand2\dependency_win32\deps\libgit2-1.7.2\deps\http-parser" /I"D:\dev\hand2\dependency_win32\deps\libgit2-1.7.2\deps\pcre" /I"D:\dev\hand2\dependency_win32\deps\libgit2-1.7.2\deps\xdiff" /I"D:\dev\hand2\dependency_win32\deps\libgit2-1.7.2\deps\zlib" /ID:\dev\hand2\dependency_win32\deps\ssl\include /nologo /W1 /WX- /diagnostics:column /MP /O2 /Oy /GL /D _MBCS /D NDEBUG /D SHA1DC_NO_STANDARD_INCLUDES=1 /D "SHA1DC_CUSTOM_INCLUDE_SHA1_C=\"git2_util.h\"" /D "SHA1DC_CUSTOM_INCLUDE_UBC_CHECK_C=\"git2_util.h\"" /D _SCL_SECURE_NO_WARNINGS /D _CRT_SECURE_NO_DEPRECATE /D _CRT_NONSTDC_NO_DEPRECATE /D WIN32 /D _WIN32_WINNT=0x0600 /D OPENSSL_API_COMPAT=0x10100000L /D "CMAKE_INTDIR=\"Release\"" /GF /Gm- /MT /GS /guard:cf /Gy /fp:precise /Zc:wchar_t /Zc:forScope /Zc:inline /Fo"util.dir\Release\/thread.c.obj" /Fd"util.dir\Release\util.pdb" /external:W0 /Gd /TC /errorReport:queue  /external:I "D:/dev/hand2/dependency_win32/deps/ssl/include" /utf-8 "D:\dev\hand2\dependency_win32\deps\libgit2-1.7.2\src\util\thread.c"
  thread.c
  D:\Program Files\Microsoft Visual Studio\2019\BuildTools\VC\Tools\MSVC\14.29.30133\bin\HostX64\x64\CL.exe /c /I"D:\dev\hand2\dependency_win32\deps\libgit2-1.7.2\build\src\util" /I"D:\dev\hand2\dependency_win32\deps\libgit2-1.7.2\build\include" /I"D:\dev\hand2\dependency_win32\deps\libgit2-1.7.2\src\util" /I"D:\dev\hand2\dependency_win32\deps\libgit2-1.7.2\include" /I"D:\dev\hand2\dependency_win32\deps\libgit2-1.7.2\deps\http-parser" /I"D:\dev\hand2\dependency_win32\deps\libgit2-1.7.2\deps\pcre" /I"D:\dev\hand2\dependency_win32\deps\libgit2-1.7.2\deps\xdiff" /I"D:\dev\hand2\dependency_win32\deps\libgit2-1.7.2\deps\zlib" /ID:\dev\hand2\dependency_win32\deps\ssl\include /nologo /W1 /WX- /diagnostics:column /MP /O2 /Oy /GL /D _MBCS /D NDEBUG /D SHA1DC_NO_STANDARD_INCLUDES=1 /D "SHA1DC_CUSTOM_INCLUDE_SHA1_C=\"git2_util.h\"" /D "SHA1DC_CUSTOM_INCLUDE_UBC_CHECK_C=\"git2_util.h\"" /D _SCL_SECURE_NO_WARNINGS /D _CRT_SECURE_NO_DEPRECATE /D _CRT_NONSTDC_NO_DEPRECATE /D WIN32 /D _WIN32_WINNT=0x0600 /D OPENSSL_API_COMPAT=0x10100000L /D "CMAKE_INTDIR=\"Release\"" /GF /Gm- /MT /GS /guard:cf /Gy /fp:precise /Zc:wchar_t /Zc:forScope /Zc:inline /Fo"util.dir\Release\/win32/thread.c.obj" /Fd"util.dir\Release\util.pdb" /external:W0 /Gd /TC /errorReport:queue  /external:I "D:/dev/hand2/dependency_win32/deps/ssl/include" /utf-8 "D:\dev\hand2\dependency_win32\deps\libgit2-1.7.2\src\util\win32\thread.c"
  thread.c
Lib:
  D:\Program Files\Microsoft Visual Studio\2019\BuildTools\VC\Tools\MSVC\14.29.30133\bin\HostX64\x64\Lib.exe /OUT:"util.dir\Release\util.lib" /NOLOGO /MACHINE:X64  /IGNORE:4221 util.dir\Release\alloc.obj
  util.dir\Release\failalloc.obj
  util.dir\Release\stdalloc.obj
  util.dir\Release\win32_leakcheck.obj
  util.dir\Release\date.obj
  util.dir\Release\filebuf.obj
  util.dir\Release\fs_path.obj
  util.dir\Release\futils.obj
  util.dir\Release\hash.obj
  util.dir\Release\net.obj
  util.dir\Release\pool.obj
  util.dir\Release\posix.obj
  util.dir\Release\pqueue.obj
  util.dir\Release\rand.obj
  util.dir\Release\regexp.obj
  util.dir\Release\runtime.obj
  util.dir\Release\sortedcache.obj
  util.dir\Release\str.obj
  util.dir\Release\strmap.obj
  util.dir\Release\tsort.obj
  util.dir\Release\utf8.obj
  util.dir\Release\util.obj
  util.dir\Release\varint.obj
  util.dir\Release\vector.obj
  util.dir\Release\wildmatch.obj
  util.dir\Release\zstream.obj
  util.dir\Release\dir.obj
  util.dir\Release\error.obj
  util.dir\Release\map.obj
  util.dir\Release\path_w32.obj
  util.dir\Release\posix_w32.obj
  util.dir\Release\precompiled.obj
  "util.dir\Release\utf-conv.obj"
  util.dir\Release\w32_buffer.obj
  util.dir\Release\w32_leakcheck.obj
  util.dir\Release\w32_util.obj
  util.dir\Release\collisiondetect.obj
  util.dir\Release\sha1.obj
  util.dir\Release\ubc_check.obj
  util.dir\Release\openssl.obj
  util.dir\Release\/thread.c.obj
  util.dir\Release\/win32/thread.c.obj
  util.vcxproj -> D:\dev\hand2\dependency_win32\deps\libgit2-1.7.2\build\src\util\util.dir\Release\util.lib
FinalizeBuildStatus:
  正在刪除檔案 "util.dir\Release\util.tlog\unsuccessfulbuild"。
  正在變更時間戳記 "util.dir\Release\util.tlog\util.lastbuildstate"。
專案 "D:\dev\hand2\dependency_win32\deps\libgit2-1.7.2\build\src\util\util.vcxproj" (預設目標) 建置完成。
專案 "D:\dev\hand2\dependency_win32\deps\libgit2-1.7.2\build\ALL_BUILD.vcxproj" (3) 正在節點 1 (預設目標) 上建置 "D:\dev\hand2\dependency_win32\deps\libgit2-1.7.2\build\deps\xdiff\xdiff.vcxproj" (8)。
PrepareForBuild:
  正在建立目錄 "xdiff.dir\Release\"。
  正在建立目錄 "xdiff.dir\Release\xdiff.tlog\"。
InitializeBuildStatus:
  由於指定了 "AlwaysCreate"，因此正在建立 "xdiff.dir\Release\xdiff.tlog\unsuccessfulbuild"。
CustomBuild:
  Building Custom Rule D:/dev/hand2/dependency_win32/deps/libgit2-1.7.2/deps/xdiff/CMakeLists.txt
ClCompile:
  D:\Program Files\Microsoft Visual Studio\2019\BuildTools\VC\Tools\MSVC\14.29.30133\bin\HostX64\x64\CL.exe /c /ID:\dev\hand2\dependency_win32\deps\ssl\include /nologo /W1 /WX- /diagnostics:column /MP /O2 /Oy /GL /D _MBCS /D NDEBUG /D _SCL_SECURE_NO_WARNINGS /D _CRT_SECURE_NO_DEPRECATE /D _CRT_NONSTDC_NO_DEPRECATE /D WIN32 /D _WIN32_WINNT=0x0600 /D "CMAKE_INTDIR=\"Release\"" /GF /Gm- /MT /GS /guard:cf /Gy /fp:precise /Zc:wchar_t /Zc:forScope /Zc:inline /Fo"xdiff.dir\Release\\" /Fd"xdiff.dir\Release\xdiff.pdb" /external:W0 /Gd /TC /errorReport:queue  /external:I "D:/dev/hand2/dependency_win32/deps/libgit2-1.7.2/include" /external:I "D:/dev/hand2/dependency_win32/deps/libgit2-1.7.2/src/util" /external:I "D:/dev/hand2/dependency_win32/deps/libgit2-1.7.2/build/src/util" /external:I "D:/dev/hand2/dependency_win32/deps/ssl/include" /external:I "D:/dev/hand2/dependency_win32/deps/libgit2-1.7.2/deps/http-parser" /external:I "D:/dev/hand2/dependency_win32/deps/libgit2-1.7.2/deps/pcre" /utf-8 "D:\dev\hand2\dependency_win32\deps\libgit2-1.7.2\deps\xdiff\xdiffi.c" "D:\dev\hand2\dependency_win32\deps\libgit2-1.7.2\deps\xdiff\xemit.c" "D:\dev\hand2\dependency_win32\deps\libgit2-1.7.2\deps\xdiff\xhistogram.c" "D:\dev\hand2\dependency_win32\deps\libgit2-1.7.2\deps\xdiff\xmerge.c" "D:\dev\hand2\dependency_win32\deps\libgit2-1.7.2\deps\xdiff\xpatience.c" "D:\dev\hand2\dependency_win32\deps\libgit2-1.7.2\deps\xdiff\xprepare.c" "D:\dev\hand2\dependency_win32\deps\libgit2-1.7.2\deps\xdiff\xutils.c"
  xdiffi.c
  xemit.c
  xhistogram.c
  xmerge.c
  xpatience.c
  xprepare.c
  xutils.c
Lib:
  D:\Program Files\Microsoft Visual Studio\2019\BuildTools\VC\Tools\MSVC\14.29.30133\bin\HostX64\x64\Lib.exe /OUT:"xdiff.dir\Release\xdiff.lib" /NOLOGO /MACHINE:X64  /IGNORE:4221 xdiff.dir\Release\xdiffi.obj
  xdiff.dir\Release\xemit.obj
  xdiff.dir\Release\xhistogram.obj
  xdiff.dir\Release\xmerge.obj
  xdiff.dir\Release\xpatience.obj
  xdiff.dir\Release\xprepare.obj
  xdiff.dir\Release\xutils.obj
  xdiff.vcxproj -> D:\dev\hand2\dependency_win32\deps\libgit2-1.7.2\build\deps\xdiff\xdiff.dir\Release\xdiff.lib
FinalizeBuildStatus:
  正在刪除檔案 "xdiff.dir\Release\xdiff.tlog\unsuccessfulbuild"。
  正在變更時間戳記 "xdiff.dir\Release\xdiff.tlog\xdiff.lastbuildstate"。
專案 "D:\dev\hand2\dependency_win32\deps\libgit2-1.7.2\build\deps\xdiff\xdiff.vcxproj" (預設目標) 建置完成。
專案 "D:\dev\hand2\dependency_win32\deps\libgit2-1.7.2\build\ALL_BUILD.vcxproj" (3) 正在節點 1 (預設目標) 上建置 "D:\dev\hand2\dependency_win32\deps\libgit2-1.7.2\build\deps\zlib\zlib.vcxproj" (9)。
PrepareForBuild:
  正在建立目錄 "zlib.dir\Release\"。
  正在建立目錄 "zlib.dir\Release\zlib.tlog\"。
InitializeBuildStatus:
  由於指定了 "AlwaysCreate"，因此正在建立 "zlib.dir\Release\zlib.tlog\unsuccessfulbuild"。
CustomBuild:
  Building Custom Rule D:/dev/hand2/dependency_win32/deps/libgit2-1.7.2/deps/zlib/CMakeLists.txt
ClCompile:
  D:\Program Files\Microsoft Visual Studio\2019\BuildTools\VC\Tools\MSVC\14.29.30133\bin\HostX64\x64\CL.exe /c /I"D:\dev\hand2\dependency_win32\deps\libgit2-1.7.2\deps\zlib\." /ID:\dev\hand2\dependency_win32\deps\ssl\include /nologo /W1 /WX- /diagnostics:column /MP /O2 /Oy /GL /D _MBCS /D NDEBUG /D _SCL_SECURE_NO_WARNINGS /D _CRT_SECURE_NO_DEPRECATE /D _CRT_NONSTDC_NO_DEPRECATE /D WIN32 /D _WIN32_WINNT=0x0600 /D NO_VIZ /D STDC /D NO_GZIP /D "CMAKE_INTDIR=\"Release\"" /GF /Gm- /MT /GS /guard:cf /Gy /fp:precise /Zc:wchar_t /Zc:forScope /Zc:inline /Fo"zlib.dir\Release\\" /Fd"zlib.dir\Release\zlib.pdb" /external:W1 /Gd /TC /errorReport:queue  /utf-8 "D:\dev\hand2\dependency_win32\deps\libgit2-1.7.2\deps\zlib\adler32.c" "D:\dev\hand2\dependency_win32\deps\libgit2-1.7.2\deps\zlib\crc32.c" "D:\dev\hand2\dependency_win32\deps\libgit2-1.7.2\deps\zlib\deflate.c" "D:\dev\hand2\dependency_win32\deps\libgit2-1.7.2\deps\zlib\infback.c" "D:\dev\hand2\dependency_win32\deps\libgit2-1.7.2\deps\zlib\inffast.c" "D:\dev\hand2\dependency_win32\deps\libgit2-1.7.2\deps\zlib\inflate.c" "D:\dev\hand2\dependency_win32\deps\libgit2-1.7.2\deps\zlib\inftrees.c" "D:\dev\hand2\dependency_win32\deps\libgit2-1.7.2\deps\zlib\trees.c" "D:\dev\hand2\dependency_win32\deps\libgit2-1.7.2\deps\zlib\zutil.c"
  adler32.c
  crc32.c
  deflate.c
  infback.c
  inffast.c
  inflate.c
  inftrees.c
  trees.c
  zutil.c
Lib:
  D:\Program Files\Microsoft Visual Studio\2019\BuildTools\VC\Tools\MSVC\14.29.30133\bin\HostX64\x64\Lib.exe /OUT:"zlib.dir\Release\zlib.lib" /NOLOGO /MACHINE:X64  /IGNORE:4221 zlib.dir\Release\adler32.obj
  zlib.dir\Release\crc32.obj
  zlib.dir\Release\deflate.obj
  zlib.dir\Release\infback.obj
  zlib.dir\Release\inffast.obj
  zlib.dir\Release\inflate.obj
  zlib.dir\Release\inftrees.obj
  zlib.dir\Release\trees.obj
  zlib.dir\Release\zutil.obj
  zlib.vcxproj -> D:\dev\hand2\dependency_win32\deps\libgit2-1.7.2\build\deps\zlib\zlib.dir\Release\zlib.lib
FinalizeBuildStatus:
  正在刪除檔案 "zlib.dir\Release\zlib.tlog\unsuccessfulbuild"。
  正在變更時間戳記 "zlib.dir\Release\zlib.tlog\zlib.lastbuildstate"。
專案 "D:\dev\hand2\dependency_win32\deps\libgit2-1.7.2\build\deps\zlib\zlib.vcxproj" (預設目標) 建置完成。
專案 "D:\dev\hand2\dependency_win32\deps\libgit2-1.7.2\build\ALL_BUILD.vcxproj" (3) 正在節點 1 (預設目標) 上建置 "D:\dev\hand2\dependency_win32\deps\libgit2-1.7.2\build\src\libgit2\libgit2package.vcxproj" (10)。
PrepareForBuild:
  正在建立目錄 "libgit2package.dir\Release\"。
  正在建立目錄 "D:\dev\hand2\dependency_win32\deps\libgit2-1.7.2\build\Release\"。
  正在建立目錄 "libgit2package.dir\Release\libgit2package.tlog\"。
InitializeBuildStatus:
  由於指定了 "AlwaysCreate"，因此正在建立 "libgit2package.dir\Release\libgit2package.tlog\unsuccessfulbuild"。
CustomBuild:
  Building Custom Rule D:/dev/hand2/dependency_win32/deps/libgit2-1.7.2/src/libgit2/CMakeLists.txt
ResourceCompile:
  C:\Program Files (x86)\Windows Kits\10\bin\10.0.17763.0\x64\rc.exe /D WIN32 /D NDEBUG /D "LIBGIT2_FILENAME=\\\"git2\\\"" /D _SCL_SECURE_NO_WARNINGS /D _CRT_SECURE_NO_DEPRECATE /D _CRT_NONSTDC_NO_DEPRECATE /D _WIN32_WINNT=0x0600 /D "CMAKE_INTDIR=\\\"Release\\\"" /D libgit2package_EXPORTS /l"0x0409" /I"D:\dev\hand2\dependency_win32\deps\libgit2-1.7.2\build\src\util" /I"D:\dev\hand2\dependency_win32\deps\libgit2-1.7.2\build\include" /I"D:\dev\hand2\dependency_win32\deps\libgit2-1.7.2\src\libgit2" /I"D:\dev\hand2\dependency_win32\deps\libgit2-1.7.2\src\util" /I"D:\dev\hand2\dependency_win32\deps\libgit2-1.7.2\include" /I"D:\dev\hand2\dependency_win32\deps\libgit2-1.7.2\deps\http-parser" /I"D:\dev\hand2\dependency_win32\deps\libgit2-1.7.2\deps\pcre" /I"D:\dev\hand2\dependency_win32\deps\libgit2-1.7.2\deps\xdiff" /I"D:\dev\hand2\dependency_win32\deps\libgit2-1.7.2\deps\zlib" /nologo /fo"libgit2package.dir\Release\git2.res" "D:\dev\hand2\dependency_win32\deps\libgit2-1.7.2\src\libgit2\git2.rc" 
Link:
  D:\Program Files\Microsoft Visual Studio\2019\BuildTools\VC\Tools\MSVC\14.29.30133\bin\HostX64\x64\link.exe /ERRORREPORT:QUEUE /OUT:"D:\dev\hand2\dependency_win32\deps\libgit2-1.7.2\build\Release\git2.dll" /VERSION:"1.7" /INCREMENTAL:NO /NOLOGO secur32.lib crypt32.lib D:\dev\hand2\dependency_win32\deps\ssl\lib\libssl.lib D:\dev\hand2\dependency_win32\deps\ssl\lib\libcrypto.lib ws2_32.lib kernel32.lib user32.lib gdi32.lib winspool.lib shell32.lib ole32.lib oleaut32.lib uuid.lib comdlg32.lib advapi32.lib /MANIFEST /MANIFESTUAC:"level='asInvoker' uiAccess='false'" /manifest:embed /PDB:"D:/dev/hand2/dependency_win32/deps/libgit2-1.7.2/build/Release/git2.pdb" /SUBSYSTEM:CONSOLE /LARGEADDRESSAWARE /OPT:REF /OPT:ICF /LTCG /LTCGOUT:"libgit2package.dir\Release\git2.iobj" /TLBID:1 /RELEASE /DYNAMICBASE /NXCOMPAT /IMPLIB:"D:/dev/hand2/dependency_win32/deps/libgit2-1.7.2/build/Release/git2.lib" /MACHINE:X64  /GUARD:CF /DLL libgit2package.dir\Release\git2.res
  "D:\dev\hand2\dependency_win32\deps\libgit2-1.7.2\build\src\util\util.dir\Release\alloc.obj"
  "D:\dev\hand2\dependency_win32\deps\libgit2-1.7.2\build\src\util\util.dir\Release\failalloc.obj"
  "D:\dev\hand2\dependency_win32\deps\libgit2-1.7.2\build\src\util\util.dir\Release\stdalloc.obj"
  "D:\dev\hand2\dependency_win32\deps\libgit2-1.7.2\build\src\util\util.dir\Release\win32_leakcheck.obj"
  "D:\dev\hand2\dependency_win32\deps\libgit2-1.7.2\build\src\util\util.dir\Release\date.obj"
  "D:\dev\hand2\dependency_win32\deps\libgit2-1.7.2\build\src\util\util.dir\Release\filebuf.obj"
  "D:\dev\hand2\dependency_win32\deps\libgit2-1.7.2\build\src\util\util.dir\Release\fs_path.obj"
  "D:\dev\hand2\dependency_win32\deps\libgit2-1.7.2\build\src\util\util.dir\Release\futils.obj"
  "D:\dev\hand2\dependency_win32\deps\libgit2-1.7.2\build\src\util\util.dir\Release\hash.obj"
  "D:\dev\hand2\dependency_win32\deps\libgit2-1.7.2\build\src\util\util.dir\Release\net.obj"
  "D:\dev\hand2\dependency_win32\deps\libgit2-1.7.2\build\src\util\util.dir\Release\pool.obj"
  "D:\dev\hand2\dependency_win32\deps\libgit2-1.7.2\build\src\util\util.dir\Release\posix.obj"
  "D:\dev\hand2\dependency_win32\deps\libgit2-1.7.2\build\src\util\util.dir\Release\pqueue.obj"
  "D:\dev\hand2\dependency_win32\deps\libgit2-1.7.2\build\src\util\util.dir\Release\rand.obj"
  "D:\dev\hand2\dependency_win32\deps\libgit2-1.7.2\build\src\util\util.dir\Release\regexp.obj"
  "D:\dev\hand2\dependency_win32\deps\libgit2-1.7.2\build\src\util\util.dir\Release\runtime.obj"
  "D:\dev\hand2\dependency_win32\deps\libgit2-1.7.2\build\src\util\util.dir\Release\sortedcache.obj"
  "D:\dev\hand2\dependency_win32\deps\libgit2-1.7.2\build\src\util\util.dir\Release\str.obj"
  "D:\dev\hand2\dependency_win32\deps\libgit2-1.7.2\build\src\util\util.dir\Release\strmap.obj"
  "D:\dev\hand2\dependency_win32\deps\libgit2-1.7.2\build\src\util\util.dir\Release\thread.c.obj"
  "D:\dev\hand2\dependency_win32\deps\libgit2-1.7.2\build\src\util\util.dir\Release\tsort.obj"
  "D:\dev\hand2\dependency_win32\deps\libgit2-1.7.2\build\src\util\util.dir\Release\utf8.obj"
  "D:\dev\hand2\dependency_win32\deps\libgit2-1.7.2\build\src\util\util.dir\Release\util.obj"
  "D:\dev\hand2\dependency_win32\deps\libgit2-1.7.2\build\src\util\util.dir\Release\varint.obj"
  "D:\dev\hand2\dependency_win32\deps\libgit2-1.7.2\build\src\util\util.dir\Release\vector.obj"
  "D:\dev\hand2\dependency_win32\deps\libgit2-1.7.2\build\src\util\util.dir\Release\wildmatch.obj"
  "D:\dev\hand2\dependency_win32\deps\libgit2-1.7.2\build\src\util\util.dir\Release\zstream.obj"
  "D:\dev\hand2\dependency_win32\deps\libgit2-1.7.2\build\src\util\util.dir\Release\dir.obj"
  "D:\dev\hand2\dependency_win32\deps\libgit2-1.7.2\build\src\util\util.dir\Release\error.obj"
  "D:\dev\hand2\dependency_win32\deps\libgit2-1.7.2\build\src\util\util.dir\Release\map.obj"
  "D:\dev\hand2\dependency_win32\deps\libgit2-1.7.2\build\src\util\util.dir\Release\path_w32.obj"
  "D:\dev\hand2\dependency_win32\deps\libgit2-1.7.2\build\src\util\util.dir\Release\posix_w32.obj"
  "D:\dev\hand2\dependency_win32\deps\libgit2-1.7.2\build\src\util\util.dir\Release\precompiled.obj"
  "D:\dev\hand2\dependency_win32\deps\libgit2-1.7.2\build\src\util\util.dir\Release\win32\thread.c.obj"
  "D:\dev\hand2\dependency_win32\deps\libgit2-1.7.2\build\src\util\util.dir\Release\utf-conv.obj"
  "D:\dev\hand2\dependency_win32\deps\libgit2-1.7.2\build\src\util\util.dir\Release\w32_buffer.obj"
  "D:\dev\hand2\dependency_win32\deps\libgit2-1.7.2\build\src\util\util.dir\Release\w32_leakcheck.obj"
  "D:\dev\hand2\dependency_win32\deps\libgit2-1.7.2\build\src\util\util.dir\Release\w32_util.obj"
  "D:\dev\hand2\dependency_win32\deps\libgit2-1.7.2\build\src\util\util.dir\Release\collisiondetect.obj"
  "D:\dev\hand2\dependency_win32\deps\libgit2-1.7.2\build\src\util\util.dir\Release\sha1.obj"
  "D:\dev\hand2\dependency_win32\deps\libgit2-1.7.2\build\src\util\util.dir\Release\ubc_check.obj"
  "D:\dev\hand2\dependency_win32\deps\libgit2-1.7.2\build\src\util\util.dir\Release\openssl.obj"
  "D:\dev\hand2\dependency_win32\deps\libgit2-1.7.2\build\src\libgit2\libgit2.dir\Release\annotated_commit.obj"
  "D:\dev\hand2\dependency_win32\deps\libgit2-1.7.2\build\src\libgit2\libgit2.dir\Release\apply.obj"
  "D:\dev\hand2\dependency_win32\deps\libgit2-1.7.2\build\src\libgit2\libgit2.dir\Release\attr.obj"
  "D:\dev\hand2\dependency_win32\deps\libgit2-1.7.2\build\src\libgit2\libgit2.dir\Release\attr_file.obj"
  "D:\dev\hand2\dependency_win32\deps\libgit2-1.7.2\build\src\libgit2\libgit2.dir\Release\attrcache.obj"
  "D:\dev\hand2\dependency_win32\deps\libgit2-1.7.2\build\src\libgit2\libgit2.dir\Release\blame.obj"
  "D:\dev\hand2\dependency_win32\deps\libgit2-1.7.2\build\src\libgit2\libgit2.dir\Release\blame_git.obj"
  "D:\dev\hand2\dependency_win32\deps\libgit2-1.7.2\build\src\libgit2\libgit2.dir\Release\blob.obj"
  "D:\dev\hand2\dependency_win32\deps\libgit2-1.7.2\build\src\libgit2\libgit2.dir\Release\branch.obj"
  "D:\dev\hand2\dependency_win32\deps\libgit2-1.7.2\build\src\libgit2\libgit2.dir\Release\buf.obj"
  "D:\dev\hand2\dependency_win32\deps\libgit2-1.7.2\build\src\libgit2\libgit2.dir\Release\cache.obj"
  "D:\dev\hand2\dependency_win32\deps\libgit2-1.7.2\build\src\libgit2\libgit2.dir\Release\checkout.obj"
  "D:\dev\hand2\dependency_win32\deps\libgit2-1.7.2\build\src\libgit2\libgit2.dir\Release\cherrypick.obj"
  "D:\dev\hand2\dependency_win32\deps\libgit2-1.7.2\build\src\libgit2\libgit2.dir\Release\clone.obj"
  "D:\dev\hand2\dependency_win32\deps\libgit2-1.7.2\build\src\libgit2\libgit2.dir\Release\commit.obj"
  "D:\dev\hand2\dependency_win32\deps\libgit2-1.7.2\build\src\libgit2\libgit2.dir\Release\commit_graph.obj"
  "D:\dev\hand2\dependency_win32\deps\libgit2-1.7.2\build\src\libgit2\libgit2.dir\Release\commit_list.obj"
  "D:\dev\hand2\dependency_win32\deps\libgit2-1.7.2\build\src\libgit2\libgit2.dir\Release\config.obj"
  "D:\dev\hand2\dependency_win32\deps\libgit2-1.7.2\build\src\libgit2\libgit2.dir\Release\config_cache.obj"
  "D:\dev\hand2\dependency_win32\deps\libgit2-1.7.2\build\src\libgit2\libgit2.dir\Release\config_entries.obj"
  "D:\dev\hand2\dependency_win32\deps\libgit2-1.7.2\build\src\libgit2\libgit2.dir\Release\config_file.obj"
  "D:\dev\hand2\dependency_win32\deps\libgit2-1.7.2\build\src\libgit2\libgit2.dir\Release\config_mem.obj"
  "D:\dev\hand2\dependency_win32\deps\libgit2-1.7.2\build\src\libgit2\libgit2.dir\Release\config_parse.obj"
  "D:\dev\hand2\dependency_win32\deps\libgit2-1.7.2\build\src\libgit2\libgit2.dir\Release\config_snapshot.obj"
  "D:\dev\hand2\dependency_win32\deps\libgit2-1.7.2\build\src\libgit2\libgit2.dir\Release\crlf.obj"
  "D:\dev\hand2\dependency_win32\deps\libgit2-1.7.2\build\src\libgit2\libgit2.dir\Release\delta.obj"
  "D:\dev\hand2\dependency_win32\deps\libgit2-1.7.2\build\src\libgit2\libgit2.dir\Release\describe.obj"
  "D:\dev\hand2\dependency_win32\deps\libgit2-1.7.2\build\src\libgit2\libgit2.dir\Release\diff.obj"
  "D:\dev\hand2\dependency_win32\deps\libgit2-1.7.2\build\src\libgit2\libgit2.dir\Release\diff_driver.obj"
  "D:\dev\hand2\dependency_win32\deps\libgit2-1.7.2\build\src\libgit2\libgit2.dir\Release\diff_file.obj"
  "D:\dev\hand2\dependency_win32\deps\libgit2-1.7.2\build\src\libgit2\libgit2.dir\Release\diff_generate.obj"
  "D:\dev\hand2\dependency_win32\deps\libgit2-1.7.2\build\src\libgit2\libgit2.dir\Release\diff_parse.obj"
  "D:\dev\hand2\dependency_win32\deps\libgit2-1.7.2\build\src\libgit2\libgit2.dir\Release\diff_print.obj"
  "D:\dev\hand2\dependency_win32\deps\libgit2-1.7.2\build\src\libgit2\libgit2.dir\Release\diff_stats.obj"
  "D:\dev\hand2\dependency_win32\deps\libgit2-1.7.2\build\src\libgit2\libgit2.dir\Release\diff_tform.obj"
  "D:\dev\hand2\dependency_win32\deps\libgit2-1.7.2\build\src\libgit2\libgit2.dir\Release\diff_xdiff.obj"
  "D:\dev\hand2\dependency_win32\deps\libgit2-1.7.2\build\src\libgit2\libgit2.dir\Release\email.obj"
  "D:\dev\hand2\dependency_win32\deps\libgit2-1.7.2\build\src\libgit2\libgit2.dir\Release\errors.obj"
  "D:\dev\hand2\dependency_win32\deps\libgit2-1.7.2\build\src\libgit2\libgit2.dir\Release\fetch.obj"
  "D:\dev\hand2\dependency_win32\deps\libgit2-1.7.2\build\src\libgit2\libgit2.dir\Release\fetchhead.obj"
  "D:\dev\hand2\dependency_win32\deps\libgit2-1.7.2\build\src\libgit2\libgit2.dir\Release\filter.obj"
  "D:\dev\hand2\dependency_win32\deps\libgit2-1.7.2\build\src\libgit2\libgit2.dir\Release\grafts.obj"
  "D:\dev\hand2\dependency_win32\deps\libgit2-1.7.2\build\src\libgit2\libgit2.dir\Release\graph.obj"
  "D:\dev\hand2\dependency_win32\deps\libgit2-1.7.2\build\src\libgit2\libgit2.dir\Release\hashsig.obj"
  "D:\dev\hand2\dependency_win32\deps\libgit2-1.7.2\build\src\libgit2\libgit2.dir\Release\ident.obj"
  "D:\dev\hand2\dependency_win32\deps\libgit2-1.7.2\build\src\libgit2\libgit2.dir\Release\idxmap.obj"
  "D:\dev\hand2\dependency_win32\deps\libgit2-1.7.2\build\src\libgit2\libgit2.dir\Release\ignore.obj"
  "D:\dev\hand2\dependency_win32\deps\libgit2-1.7.2\build\src\libgit2\libgit2.dir\Release\index.obj"
  "D:\dev\hand2\dependency_win32\deps\libgit2-1.7.2\build\src\libgit2\libgit2.dir\Release\indexer.obj"
  "D:\dev\hand2\dependency_win32\deps\libgit2-1.7.2\build\src\libgit2\libgit2.dir\Release\iterator.obj"
  "D:\dev\hand2\dependency_win32\deps\libgit2-1.7.2\build\src\libgit2\libgit2.dir\Release\libgit2.obj"
  "D:\dev\hand2\dependency_win32\deps\libgit2-1.7.2\build\src\libgit2\libgit2.dir\Release\mailmap.obj"
  "D:\dev\hand2\dependency_win32\deps\libgit2-1.7.2\build\src\libgit2\libgit2.dir\Release\merge.obj"
  "D:\dev\hand2\dependency_win32\deps\libgit2-1.7.2\build\src\libgit2\libgit2.dir\Release\merge_driver.obj"
  "D:\dev\hand2\dependency_win32\deps\libgit2-1.7.2\build\src\libgit2\libgit2.dir\Release\merge_file.obj"
  "D:\dev\hand2\dependency_win32\deps\libgit2-1.7.2\build\src\libgit2\libgit2.dir\Release\message.obj"
  "D:\dev\hand2\dependency_win32\deps\libgit2-1.7.2\build\src\libgit2\libgit2.dir\Release\midx.obj"
  "D:\dev\hand2\dependency_win32\deps\libgit2-1.7.2\build\src\libgit2\libgit2.dir\Release\mwindow.obj"
  "D:\dev\hand2\dependency_win32\deps\libgit2-1.7.2\build\src\libgit2\libgit2.dir\Release\notes.obj"
  "D:\dev\hand2\dependency_win32\deps\libgit2-1.7.2\build\src\libgit2\libgit2.dir\Release\object.obj"
  "D:\dev\hand2\dependency_win32\deps\libgit2-1.7.2\build\src\libgit2\libgit2.dir\Release\object_api.obj"
  "D:\dev\hand2\dependency_win32\deps\libgit2-1.7.2\build\src\libgit2\libgit2.dir\Release\odb.obj"
  "D:\dev\hand2\dependency_win32\deps\libgit2-1.7.2\build\src\libgit2\libgit2.dir\Release\odb_loose.obj"
  "D:\dev\hand2\dependency_win32\deps\libgit2-1.7.2\build\src\libgit2\libgit2.dir\Release\odb_mempack.obj"
  "D:\dev\hand2\dependency_win32\deps\libgit2-1.7.2\build\src\libgit2\libgit2.dir\Release\odb_pack.obj"
  "D:\dev\hand2\dependency_win32\deps\libgit2-1.7.2\build\src\libgit2\libgit2.dir\Release\offmap.obj"
  "D:\dev\hand2\dependency_win32\deps\libgit2-1.7.2\build\src\libgit2\libgit2.dir\Release\oid.obj"
  "D:\dev\hand2\dependency_win32\deps\libgit2-1.7.2\build\src\libgit2\libgit2.dir\Release\oidarray.obj"
  "D:\dev\hand2\dependency_win32\deps\libgit2-1.7.2\build\src\libgit2\libgit2.dir\Release\oidmap.obj"
  "D:\dev\hand2\dependency_win32\deps\libgit2-1.7.2\build\src\libgit2\libgit2.dir\Release\pack-objects.obj"
  "D:\dev\hand2\dependency_win32\deps\libgit2-1.7.2\build\src\libgit2\libgit2.dir\Release\pack.obj"
  "D:\dev\hand2\dependency_win32\deps\libgit2-1.7.2\build\src\libgit2\libgit2.dir\Release\parse.obj"
  "D:\dev\hand2\dependency_win32\deps\libgit2-1.7.2\build\src\libgit2\libgit2.dir\Release\patch.obj"
  "D:\dev\hand2\dependency_win32\deps\libgit2-1.7.2\build\src\libgit2\libgit2.dir\Release\patch_generate.obj"
  "D:\dev\hand2\dependency_win32\deps\libgit2-1.7.2\build\src\libgit2\libgit2.dir\Release\patch_parse.obj"
  "D:\dev\hand2\dependency_win32\deps\libgit2-1.7.2\build\src\libgit2\libgit2.dir\Release\path.obj"
  "D:\dev\hand2\dependency_win32\deps\libgit2-1.7.2\build\src\libgit2\libgit2.dir\Release\pathspec.obj"
  "D:\dev\hand2\dependency_win32\deps\libgit2-1.7.2\build\src\libgit2\libgit2.dir\Release\proxy.obj"
  "D:\dev\hand2\dependency_win32\deps\libgit2-1.7.2\build\src\libgit2\libgit2.dir\Release\push.obj"
  "D:\dev\hand2\dependency_win32\deps\libgit2-1.7.2\build\src\libgit2\libgit2.dir\Release\reader.obj"
  "D:\dev\hand2\dependency_win32\deps\libgit2-1.7.2\build\src\libgit2\libgit2.dir\Release\rebase.obj"
  "D:\dev\hand2\dependency_win32\deps\libgit2-1.7.2\build\src\libgit2\libgit2.dir\Release\refdb.obj"
  "D:\dev\hand2\dependency_win32\deps\libgit2-1.7.2\build\src\libgit2\libgit2.dir\Release\refdb_fs.obj"
  "D:\dev\hand2\dependency_win32\deps\libgit2-1.7.2\build\src\libgit2\libgit2.dir\Release\reflog.obj"
  "D:\dev\hand2\dependency_win32\deps\libgit2-1.7.2\build\src\libgit2\libgit2.dir\Release\refs.obj"
  "D:\dev\hand2\dependency_win32\deps\libgit2-1.7.2\build\src\libgit2\libgit2.dir\Release\refspec.obj"
  "D:\dev\hand2\dependency_win32\deps\libgit2-1.7.2\build\src\libgit2\libgit2.dir\Release\remote.obj"
  "D:\dev\hand2\dependency_win32\deps\libgit2-1.7.2\build\src\libgit2\libgit2.dir\Release\repository.obj"
  "D:\dev\hand2\dependency_win32\deps\libgit2-1.7.2\build\src\libgit2\libgit2.dir\Release\reset.obj"
  "D:\dev\hand2\dependency_win32\deps\libgit2-1.7.2\build\src\libgit2\libgit2.dir\Release\revert.obj"
  "D:\dev\hand2\dependency_win32\deps\libgit2-1.7.2\build\src\libgit2\libgit2.dir\Release\revparse.obj"
  "D:\dev\hand2\dependency_win32\deps\libgit2-1.7.2\build\src\libgit2\libgit2.dir\Release\revwalk.obj"
  "D:\dev\hand2\dependency_win32\deps\libgit2-1.7.2\build\src\libgit2\libgit2.dir\Release\signature.obj"
  "D:\dev\hand2\dependency_win32\deps\libgit2-1.7.2\build\src\libgit2\libgit2.dir\Release\stash.obj"
  "D:\dev\hand2\dependency_win32\deps\libgit2-1.7.2\build\src\libgit2\libgit2.dir\Release\status.obj"
  "D:\dev\hand2\dependency_win32\deps\libgit2-1.7.2\build\src\libgit2\libgit2.dir\Release\strarray.obj"
  "D:\dev\hand2\dependency_win32\deps\libgit2-1.7.2\build\src\libgit2\libgit2.dir\Release\mbedtls.obj"
  "D:\dev\hand2\dependency_win32\deps\libgit2-1.7.2\build\src\libgit2\libgit2.dir\Release\openssl.obj"
  "D:\dev\hand2\dependency_win32\deps\libgit2-1.7.2\build\src\libgit2\libgit2.dir\Release\openssl_dynamic.obj"
  "D:\dev\hand2\dependency_win32\deps\libgit2-1.7.2\build\src\libgit2\libgit2.dir\Release\openssl_legacy.obj"
  "D:\dev\hand2\dependency_win32\deps\libgit2-1.7.2\build\src\libgit2\libgit2.dir\Release\registry.obj"
  "D:\dev\hand2\dependency_win32\deps\libgit2-1.7.2\build\src\libgit2\libgit2.dir\Release\schannel.obj"
  "D:\dev\hand2\dependency_win32\deps\libgit2-1.7.2\build\src\libgit2\libgit2.dir\Release\socket.obj"
  "D:\dev\hand2\dependency_win32\deps\libgit2-1.7.2\build\src\libgit2\libgit2.dir\Release\stransport.obj"
  "D:\dev\hand2\dependency_win32\deps\libgit2-1.7.2\build\src\libgit2\libgit2.dir\Release\tls.obj"
  "D:\dev\hand2\dependency_win32\deps\libgit2-1.7.2\build\src\libgit2\libgit2.dir\Release\submodule.obj"
  "D:\dev\hand2\dependency_win32\deps\libgit2-1.7.2\build\src\libgit2\libgit2.dir\Release\sysdir.obj"
  "D:\dev\hand2\dependency_win32\deps\libgit2-1.7.2\build\src\libgit2\libgit2.dir\Release\tag.obj"
  "D:\dev\hand2\dependency_win32\deps\libgit2-1.7.2\build\src\libgit2\libgit2.dir\Release\threadstate.obj"
  "D:\dev\hand2\dependency_win32\deps\libgit2-1.7.2\build\src\libgit2\libgit2.dir\Release\trace.obj"
  "D:\dev\hand2\dependency_win32\deps\libgit2-1.7.2\build\src\libgit2\libgit2.dir\Release\trailer.obj"
  "D:\dev\hand2\dependency_win32\deps\libgit2-1.7.2\build\src\libgit2\libgit2.dir\Release\transaction.obj"
  "D:\dev\hand2\dependency_win32\deps\libgit2-1.7.2\build\src\libgit2\libgit2.dir\Release\transport.obj"
  "D:\dev\hand2\dependency_win32\deps\libgit2-1.7.2\build\src\libgit2\libgit2.dir\Release\auth.obj"
  "D:\dev\hand2\dependency_win32\deps\libgit2-1.7.2\build\src\libgit2\libgit2.dir\Release\auth_gssapi.obj"
  "D:\dev\hand2\dependency_win32\deps\libgit2-1.7.2\build\src\libgit2\libgit2.dir\Release\auth_ntlmclient.obj"
  "D:\dev\hand2\dependency_win32\deps\libgit2-1.7.2\build\src\libgit2\libgit2.dir\Release\auth_sspi.obj"
  "D:\dev\hand2\dependency_win32\deps\libgit2-1.7.2\build\src\libgit2\libgit2.dir\Release\credential.obj"
  "D:\dev\hand2\dependency_win32\deps\libgit2-1.7.2\build\src\libgit2\libgit2.dir\Release\credential_helpers.obj"
  "D:\dev\hand2\dependency_win32\deps\libgit2-1.7.2\build\src\libgit2\libgit2.dir\Release\git.obj"
  "D:\dev\hand2\dependency_win32\deps\libgit2-1.7.2\build\src\libgit2\libgit2.dir\Release\http.obj"
  "D:\dev\hand2\dependency_win32\deps\libgit2-1.7.2\build\src\libgit2\libgit2.dir\Release\httpclient.obj"
  "D:\dev\hand2\dependency_win32\deps\libgit2-1.7.2\build\src\libgit2\libgit2.dir\Release\local.obj"
  "D:\dev\hand2\dependency_win32\deps\libgit2-1.7.2\build\src\libgit2\libgit2.dir\Release\smart.obj"
  "D:\dev\hand2\dependency_win32\deps\libgit2-1.7.2\build\src\libgit2\libgit2.dir\Release\smart_pkt.obj"
  "D:\dev\hand2\dependency_win32\deps\libgit2-1.7.2\build\src\libgit2\libgit2.dir\Release\smart_protocol.obj"
  "D:\dev\hand2\dependency_win32\deps\libgit2-1.7.2\build\src\libgit2\libgit2.dir\Release\ssh.obj"
  "D:\dev\hand2\dependency_win32\deps\libgit2-1.7.2\build\src\libgit2\libgit2.dir\Release\winhttp.obj"
  "D:\dev\hand2\dependency_win32\deps\libgit2-1.7.2\build\src\libgit2\libgit2.dir\Release\tree-cache.obj"
  "D:\dev\hand2\dependency_win32\deps\libgit2-1.7.2\build\src\libgit2\libgit2.dir\Release\tree.obj"
  "D:\dev\hand2\dependency_win32\deps\libgit2-1.7.2\build\src\libgit2\libgit2.dir\Release\worktree.obj"
  "D:\dev\hand2\dependency_win32\deps\libgit2-1.7.2\build\deps\http-parser\http-parser.dir\Release\http_parser.obj"
  "D:\dev\hand2\dependency_win32\deps\libgit2-1.7.2\build\deps\pcre\pcre.dir\Release\pcre_byte_order.obj"
  "D:\dev\hand2\dependency_win32\deps\libgit2-1.7.2\build\deps\pcre\pcre.dir\Release\pcre_chartables.obj"
  "D:\dev\hand2\dependency_win32\deps\libgit2-1.7.2\build\deps\pcre\pcre.dir\Release\pcre_compile.obj"
  "D:\dev\hand2\dependency_win32\deps\libgit2-1.7.2\build\deps\pcre\pcre.dir\Release\pcre_config.obj"
  "D:\dev\hand2\dependency_win32\deps\libgit2-1.7.2\build\deps\pcre\pcre.dir\Release\pcre_dfa_exec.obj"
  "D:\dev\hand2\dependency_win32\deps\libgit2-1.7.2\build\deps\pcre\pcre.dir\Release\pcre_exec.obj"
  "D:\dev\hand2\dependency_win32\deps\libgit2-1.7.2\build\deps\pcre\pcre.dir\Release\pcre_fullinfo.obj"
  "D:\dev\hand2\dependency_win32\deps\libgit2-1.7.2\build\deps\pcre\pcre.dir\Release\pcre_get.obj"
  "D:\dev\hand2\dependency_win32\deps\libgit2-1.7.2\build\deps\pcre\pcre.dir\Release\pcre_globals.obj"
  "D:\dev\hand2\dependency_win32\deps\libgit2-1.7.2\build\deps\pcre\pcre.dir\Release\pcre_jit_compile.obj"
  "D:\dev\hand2\dependency_win32\deps\libgit2-1.7.2\build\deps\pcre\pcre.dir\Release\pcre_maketables.obj"
  "D:\dev\hand2\dependency_win32\deps\libgit2-1.7.2\build\deps\pcre\pcre.dir\Release\pcre_newline.obj"
  "D:\dev\hand2\dependency_win32\deps\libgit2-1.7.2\build\deps\pcre\pcre.dir\Release\pcre_ord2utf8.obj"
  "D:\dev\hand2\dependency_win32\deps\libgit2-1.7.2\build\deps\pcre\pcre.dir\Release\pcre_refcount.obj"
  "D:\dev\hand2\dependency_win32\deps\libgit2-1.7.2\build\deps\pcre\pcre.dir\Release\pcre_string_utils.obj"
  "D:\dev\hand2\dependency_win32\deps\libgit2-1.7.2\build\deps\pcre\pcre.dir\Release\pcre_study.obj"
  "D:\dev\hand2\dependency_win32\deps\libgit2-1.7.2\build\deps\pcre\pcre.dir\Release\pcre_tables.obj"
  "D:\dev\hand2\dependency_win32\deps\libgit2-1.7.2\build\deps\pcre\pcre.dir\Release\pcre_ucd.obj"
  "D:\dev\hand2\dependency_win32\deps\libgit2-1.7.2\build\deps\pcre\pcre.dir\Release\pcre_valid_utf8.obj"
  "D:\dev\hand2\dependency_win32\deps\libgit2-1.7.2\build\deps\pcre\pcre.dir\Release\pcre_version.obj"
  "D:\dev\hand2\dependency_win32\deps\libgit2-1.7.2\build\deps\pcre\pcre.dir\Release\pcre_xclass.obj"
  "D:\dev\hand2\dependency_win32\deps\libgit2-1.7.2\build\deps\pcre\pcre.dir\Release\pcreposix.obj"
  "D:\dev\hand2\dependency_win32\deps\libgit2-1.7.2\build\deps\xdiff\xdiff.dir\Release\xdiffi.obj"
  "D:\dev\hand2\dependency_win32\deps\libgit2-1.7.2\build\deps\xdiff\xdiff.dir\Release\xemit.obj"
  "D:\dev\hand2\dependency_win32\deps\libgit2-1.7.2\build\deps\xdiff\xdiff.dir\Release\xhistogram.obj"
  "D:\dev\hand2\dependency_win32\deps\libgit2-1.7.2\build\deps\xdiff\xdiff.dir\Release\xmerge.obj"
  "D:\dev\hand2\dependency_win32\deps\libgit2-1.7.2\build\deps\xdiff\xdiff.dir\Release\xpatience.obj"
  "D:\dev\hand2\dependency_win32\deps\libgit2-1.7.2\build\deps\xdiff\xdiff.dir\Release\xprepare.obj"
  "D:\dev\hand2\dependency_win32\deps\libgit2-1.7.2\build\deps\xdiff\xdiff.dir\Release\xutils.obj"
  "D:\dev\hand2\dependency_win32\deps\libgit2-1.7.2\build\deps\zlib\zlib.dir\Release\adler32.obj"
  "D:\dev\hand2\dependency_win32\deps\libgit2-1.7.2\build\deps\zlib\zlib.dir\Release\crc32.obj"
  "D:\dev\hand2\dependency_win32\deps\libgit2-1.7.2\build\deps\zlib\zlib.dir\Release\deflate.obj"
  "D:\dev\hand2\dependency_win32\deps\libgit2-1.7.2\build\deps\zlib\zlib.dir\Release\infback.obj"
  "D:\dev\hand2\dependency_win32\deps\libgit2-1.7.2\build\deps\zlib\zlib.dir\Release\inffast.obj"
  "D:\dev\hand2\dependency_win32\deps\libgit2-1.7.2\build\deps\zlib\zlib.dir\Release\inflate.obj"
  "D:\dev\hand2\dependency_win32\deps\libgit2-1.7.2\build\deps\zlib\zlib.dir\Release\inftrees.obj"
  "D:\dev\hand2\dependency_win32\deps\libgit2-1.7.2\build\deps\zlib\zlib.dir\Release\trees.obj"
  "D:\dev\hand2\dependency_win32\deps\libgit2-1.7.2\build\deps\zlib\zlib.dir\Release\zutil.obj"
     Creating library D:/dev/hand2/dependency_win32/deps/libgit2-1.7.2/build/Release/git2.lib and object D:/dev/hand2/dependency_win32/deps/libgit2-1.7.2/build/Release/git2.exp
  Generating code
  Finished generating code
  libgit2package.vcxproj -> D:\dev\hand2\dependency_win32\deps\libgit2-1.7.2\build\Release\git2.dll
FinalizeBuildStatus:
  正在刪除檔案 "libgit2package.dir\Release\libgit2package.tlog\unsuccessfulbuild"。
  正在變更時間戳記 "libgit2package.dir\Release\libgit2package.tlog\libgit2package.lastbuildstate"。
專案 "D:\dev\hand2\dependency_win32\deps\libgit2-1.7.2\build\src\libgit2\libgit2package.vcxproj" (預設目標) 建置完成。
PrepareForBuild:
  正在建立目錄 "x64\Release\ALL_BUILD\"。
  正在建立目錄 "x64\Release\ALL_BUILD\ALL_BUILD.tlog\"。
InitializeBuildStatus:
  由於指定了 "AlwaysCreate"，因此正在建立 "x64\Release\ALL_BUILD\ALL_BUILD.tlog\unsuccessfulbuild"。
CustomBuild:
  Building Custom Rule D:/dev/hand2/dependency_win32/deps/libgit2-1.7.2/CMakeLists.txt
FinalizeBuildStatus:
  正在刪除檔案 "x64\Release\ALL_BUILD\ALL_BUILD.tlog\unsuccessfulbuild"。
  正在變更時間戳記 "x64\Release\ALL_BUILD\ALL_BUILD.tlog\ALL_BUILD.lastbuildstate"。
專案 "D:\dev\hand2\dependency_win32\deps\libgit2-1.7.2\build\ALL_BUILD.vcxproj" (預設目標) 建置完成。
PrepareForBuild:
  正在建立目錄 "x64\Release\INSTALL\"。
  正在建立目錄 "x64\Release\INSTALL\INSTALL.tlog\"。
InitializeBuildStatus:
  由於指定了 "AlwaysCreate"，因此正在建立 "x64\Release\INSTALL\INSTALL.tlog\unsuccessfulbuild"。
CustomBuild:
  1>
PostBuildEvent:
  setlocal
  D:\dev\hand2\dependency_win32\deps\cmake-3.29.0-rc1-windows-x86_64\bin\cmake.exe -DBUILD_TYPE=Release -P cmake_install.cmake
  if %errorlevel% neq 0 goto :cmEnd
  :cmEnd
  endlocal & call :cmErrorLevel %errorlevel% & goto :cmDone
  :cmErrorLevel
  exit /b %1
  :cmDone
  if %errorlevel% neq 0 goto :VCEnd
  :VCEnd
  -- Install configuration: "Release"
  -- Installing: D:/dev/hand2/dependency_win32/deps/git/lib/pkgconfig/libgit2.pc
  -- Installing: D:/dev/hand2/dependency_win32/deps/git/lib/git2.lib
  -- Installing: D:/dev/hand2/dependency_win32/deps/git/bin/git2.dll
  -- Installing: D:/dev/hand2/dependency_win32/deps/git/include/git2
  -- Installing: D:/dev/hand2/dependency_win32/deps/git/include/git2/annotated_commit.h
  -- Installing: D:/dev/hand2/dependency_win32/deps/git/include/git2/apply.h
  -- Installing: D:/dev/hand2/dependency_win32/deps/git/include/git2/attr.h
  -- Installing: D:/dev/hand2/dependency_win32/deps/git/include/git2/blame.h
  -- Installing: D:/dev/hand2/dependency_win32/deps/git/include/git2/blob.h
  -- Installing: D:/dev/hand2/dependency_win32/deps/git/include/git2/branch.h
  -- Installing: D:/dev/hand2/dependency_win32/deps/git/include/git2/buffer.h
  -- Installing: D:/dev/hand2/dependency_win32/deps/git/include/git2/cert.h
  -- Installing: D:/dev/hand2/dependency_win32/deps/git/include/git2/checkout.h
  -- Installing: D:/dev/hand2/dependency_win32/deps/git/include/git2/cherrypick.h
  -- Installing: D:/dev/hand2/dependency_win32/deps/git/include/git2/clone.h
  -- Installing: D:/dev/hand2/dependency_win32/deps/git/include/git2/commit.h
  -- Installing: D:/dev/hand2/dependency_win32/deps/git/include/git2/common.h
  -- Installing: D:/dev/hand2/dependency_win32/deps/git/include/git2/config.h
  -- Installing: D:/dev/hand2/dependency_win32/deps/git/include/git2/credential.h
  -- Installing: D:/dev/hand2/dependency_win32/deps/git/include/git2/credential_helpers.h
  -- Installing: D:/dev/hand2/dependency_win32/deps/git/include/git2/cred_helpers.h
  -- Installing: D:/dev/hand2/dependency_win32/deps/git/include/git2/deprecated.h
  -- Installing: D:/dev/hand2/dependency_win32/deps/git/include/git2/describe.h
  -- Installing: D:/dev/hand2/dependency_win32/deps/git/include/git2/diff.h
  -- Installing: D:/dev/hand2/dependency_win32/deps/git/include/git2/email.h
  -- Installing: D:/dev/hand2/dependency_win32/deps/git/include/git2/errors.h
  -- Installing: D:/dev/hand2/dependency_win32/deps/git/include/git2/experimental.h
  -- Installing: D:/dev/hand2/dependency_win32/deps/git/include/git2/filter.h
  -- Installing: D:/dev/hand2/dependency_win32/deps/git/include/git2/global.h
  -- Installing: D:/dev/hand2/dependency_win32/deps/git/include/git2/graph.h
  -- Installing: D:/dev/hand2/dependency_win32/deps/git/include/git2/ignore.h
  -- Installing: D:/dev/hand2/dependency_win32/deps/git/include/git2/index.h
  -- Installing: D:/dev/hand2/dependency_win32/deps/git/include/git2/indexer.h
  -- Installing: D:/dev/hand2/dependency_win32/deps/git/include/git2/mailmap.h
  -- Installing: D:/dev/hand2/dependency_win32/deps/git/include/git2/merge.h
  -- Installing: D:/dev/hand2/dependency_win32/deps/git/include/git2/message.h
  -- Installing: D:/dev/hand2/dependency_win32/deps/git/include/git2/net.h
  -- Installing: D:/dev/hand2/dependency_win32/deps/git/include/git2/notes.h
  -- Installing: D:/dev/hand2/dependency_win32/deps/git/include/git2/object.h
  -- Installing: D:/dev/hand2/dependency_win32/deps/git/include/git2/odb.h
  -- Installing: D:/dev/hand2/dependency_win32/deps/git/include/git2/odb_backend.h
  -- Installing: D:/dev/hand2/dependency_win32/deps/git/include/git2/oid.h
  -- Installing: D:/dev/hand2/dependency_win32/deps/git/include/git2/oidarray.h
  -- Installing: D:/dev/hand2/dependency_win32/deps/git/include/git2/pack.h
  -- Installing: D:/dev/hand2/dependency_win32/deps/git/include/git2/patch.h
  -- Installing: D:/dev/hand2/dependency_win32/deps/git/include/git2/pathspec.h
  -- Installing: D:/dev/hand2/dependency_win32/deps/git/include/git2/proxy.h
  -- Installing: D:/dev/hand2/dependency_win32/deps/git/include/git2/rebase.h
  -- Installing: D:/dev/hand2/dependency_win32/deps/git/include/git2/refdb.h
  -- Installing: D:/dev/hand2/dependency_win32/deps/git/include/git2/reflog.h
  -- Installing: D:/dev/hand2/dependency_win32/deps/git/include/git2/refs.h
  -- Installing: D:/dev/hand2/dependency_win32/deps/git/include/git2/refspec.h
  -- Installing: D:/dev/hand2/dependency_win32/deps/git/include/git2/remote.h
  -- Installing: D:/dev/hand2/dependency_win32/deps/git/include/git2/repository.h
  -- Installing: D:/dev/hand2/dependency_win32/deps/git/include/git2/reset.h
  -- Installing: D:/dev/hand2/dependency_win32/deps/git/include/git2/revert.h
  -- Installing: D:/dev/hand2/dependency_win32/deps/git/include/git2/revparse.h
  -- Installing: D:/dev/hand2/dependency_win32/deps/git/include/git2/revwalk.h
  -- Installing: D:/dev/hand2/dependency_win32/deps/git/include/git2/signature.h
  -- Installing: D:/dev/hand2/dependency_win32/deps/git/include/git2/stash.h
  -- Installing: D:/dev/hand2/dependency_win32/deps/git/include/git2/status.h
  -- Installing: D:/dev/hand2/dependency_win32/deps/git/include/git2/stdint.h
  -- Installing: D:/dev/hand2/dependency_win32/deps/git/include/git2/strarray.h
  -- Installing: D:/dev/hand2/dependency_win32/deps/git/include/git2/submodule.h
  -- Installing: D:/dev/hand2/dependency_win32/deps/git/include/git2/sys
  -- Installing: D:/dev/hand2/dependency_win32/deps/git/include/git2/sys/alloc.h
  -- Installing: D:/dev/hand2/dependency_win32/deps/git/include/git2/sys/commit.h
  -- Installing: D:/dev/hand2/dependency_win32/deps/git/include/git2/sys/commit_graph.h
  -- Installing: D:/dev/hand2/dependency_win32/deps/git/include/git2/sys/config.h
  -- Installing: D:/dev/hand2/dependency_win32/deps/git/include/git2/sys/cred.h
  -- Installing: D:/dev/hand2/dependency_win32/deps/git/include/git2/sys/credential.h
  -- Installing: D:/dev/hand2/dependency_win32/deps/git/include/git2/sys/diff.h
  -- Installing: D:/dev/hand2/dependency_win32/deps/git/include/git2/sys/email.h
  -- Installing: D:/dev/hand2/dependency_win32/deps/git/include/git2/sys/filter.h
  -- Installing: D:/dev/hand2/dependency_win32/deps/git/include/git2/sys/hashsig.h
  -- Installing: D:/dev/hand2/dependency_win32/deps/git/include/git2/sys/index.h
  -- Installing: D:/dev/hand2/dependency_win32/deps/git/include/git2/sys/mempack.h
  -- Installing: D:/dev/hand2/dependency_win32/deps/git/include/git2/sys/merge.h
  -- Installing: D:/dev/hand2/dependency_win32/deps/git/include/git2/sys/midx.h
  -- Installing: D:/dev/hand2/dependency_win32/deps/git/include/git2/sys/odb_backend.h
  -- Installing: D:/dev/hand2/dependency_win32/deps/git/include/git2/sys/openssl.h
  -- Installing: D:/dev/hand2/dependency_win32/deps/git/include/git2/sys/path.h
  -- Installing: D:/dev/hand2/dependency_win32/deps/git/include/git2/sys/refdb_backend.h
  -- Installing: D:/dev/hand2/dependency_win32/deps/git/include/git2/sys/reflog.h
  -- Installing: D:/dev/hand2/dependency_win32/deps/git/include/git2/sys/refs.h
  -- Installing: D:/dev/hand2/dependency_win32/deps/git/include/git2/sys/remote.h
  -- Installing: D:/dev/hand2/dependency_win32/deps/git/include/git2/sys/repository.h
  -- Installing: D:/dev/hand2/dependency_win32/deps/git/include/git2/sys/stream.h
  -- Installing: D:/dev/hand2/dependency_win32/deps/git/include/git2/sys/transport.h
  -- Installing: D:/dev/hand2/dependency_win32/deps/git/include/git2/tag.h
  -- Installing: D:/dev/hand2/dependency_win32/deps/git/include/git2/trace.h
  -- Installing: D:/dev/hand2/dependency_win32/deps/git/include/git2/transaction.h
  -- Installing: D:/dev/hand2/dependency_win32/deps/git/include/git2/transport.h
  -- Installing: D:/dev/hand2/dependency_win32/deps/git/include/git2/tree.h
  -- Installing: D:/dev/hand2/dependency_win32/deps/git/include/git2/types.h
  -- Installing: D:/dev/hand2/dependency_win32/deps/git/include/git2/version.h
  -- Installing: D:/dev/hand2/dependency_win32/deps/git/include/git2/worktree.h
  -- Installing: D:/dev/hand2/dependency_win32/deps/git/include/git2/experimental.h
  -- Installing: D:/dev/hand2/dependency_win32/deps/git/include/git2.h
FinalizeBuildStatus:
  正在刪除檔案 "x64\Release\INSTALL\INSTALL.tlog\unsuccessfulbuild"。
  正在變更時間戳記 "x64\Release\INSTALL\INSTALL.tlog\INSTALL.lastbuildstate"。
專案 "D:\dev\hand2\dependency_win32\deps\libgit2-1.7.2\build\install.vcxproj" (預設目標) 建置完成。

建置成功。
    0 個警告
    0 個錯誤

經過時間 00:00:36.92
